[ 2016-03-10T10:05:27+08:00 ] 192.168.56.1 /
INFO: [ app_begin ] --START--
INFO: ReadHtmlCache Behavior ::run [ RunTime:0.026607s ]
INFO: [ app_begin ] --END-- [ RunTime:0.026718s ]
NOTIC: [8] Undefined index: LOGIN /data/www/web/OPSystem/Lib/Action/IndexAction.class.php 第 8 行.

[ 2016-03-10T10:05:27+08:00 ] 192.168.56.1 /Public/login.html
INFO: [ route_check ] --START--
INFO: CheckRoute Behavior ::run [ RunTime:0.014380s ]
INFO: [ route_check ] --END-- [ RunTime:0.014576s ]
INFO: [ app_begin ] --START--
INFO: ReadHtmlCache Behavior ::run [ RunTime:0.003339s ]
INFO: [ app_begin ] --END-- [ RunTime:0.003423s ]
INFO: [ view_parse ] --START--
INFO: ParseTemplate Behavior ::run [ RunTime:0.074396s ]
INFO: [ view_parse ] --END-- [ RunTime:0.074500s ]
INFO: [ view_filter ] --START--
INFO: ContentReplace Behavior ::run [ RunTime:0.004038s ]
INFO: TokenBuild Behavior ::run [ RunTime:0.003626s ]
INFO: WriteHtmlCache Behavior ::run [ RunTime:0.002815s ]
INFO: ShowRuntime Behavior ::run [ RunTime:0.003801s ]
INFO: [ view_filter ] --END-- [ RunTime:0.014616s ]
INFO: [ view_end ] --START--
INFO: ShowPageTrace Behavior ::run [ RunTime:0.004205s ]
INFO: [ view_end ] --END-- [ RunTime:0.004285s ]

[ 2016-03-10T10:05:27+08:00 ] 192.168.56.1 /Public/verify.html
INFO: [ route_check ] --START--
INFO: CheckRoute Behavior ::run [ RunTime:0.005573s ]
INFO: [ route_check ] --END-- [ RunTime:0.005699s ]
INFO: [ app_begin ] --START--
INFO: ReadHtmlCache Behavior ::run [ RunTime:0.003542s ]
INFO: [ app_begin ] --END-- [ RunTime:0.003663s ]

