[ 2016-03-18T10:50:17+08:00 ] 192.168.56.1 /
INFO: [ app_begin ] --START--
INFO: ReadHtmlCache Behavior ::run [ RunTime:0.037591s ]
INFO: [ app_begin ] --END-- [ RunTime:0.037748s ]
INFO: [ view_parse ] --START--
INFO: ParseTemplate Behavior ::run [ RunTime:0.130077s ]
INFO: [ view_parse ] --END-- [ RunTime:0.130202s ]
INFO: [ view_filter ] --START--
INFO: ContentReplace Behavior ::run [ RunTime:0.003786s ]
INFO: TokenBuild Behavior ::run [ RunTime:0.003733s ]
INFO: WriteHtmlCache Behavior ::run [ RunTime:0.003226s ]
INFO: ShowRuntime Behavior ::run [ RunTime:0.003850s ]
INFO: [ view_filter ] --END-- [ RunTime:0.014859s ]
INFO: [ view_end ] --START--
INFO: ShowPageTrace Behavior ::run [ RunTime:0.017987s ]
INFO: [ view_end ] --END-- [ RunTime:0.018150s ]

[ 2016-03-18T10:50:20+08:00 ] 192.168.56.1 /Docker/clist.html
INFO: [ route_check ] --START--
INFO: CheckRoute Behavior ::run [ RunTime:0.004925s ]
INFO: [ route_check ] --END-- [ RunTime:0.005047s ]
INFO: [ app_begin ] --START--
INFO: ReadHtmlCache Behavior ::run [ RunTime:0.005305s ]
INFO: [ app_begin ] --END-- [ RunTime:0.005410s ]
INFO: [ view_parse ] --START--
NOTIC: [8] Undefined index: Zt /data/www/web/OPSystem/Runtime/Cache/1692275cbd0a67a991c5c0acd5063a9a.php 第 82 行.
NOTIC: [8] Undefined index: Zt /data/www/web/OPSystem/Runtime/Cache/1692275cbd0a67a991c5c0acd5063a9a.php 第 87 行.
NOTIC: [8] Undefined index: Zt /data/www/web/OPSystem/Runtime/Cache/1692275cbd0a67a991c5c0acd5063a9a.php 第 82 行.
NOTIC: [8] Undefined index: Zt /data/www/web/OPSystem/Runtime/Cache/1692275cbd0a67a991c5c0acd5063a9a.php 第 87 行.
NOTIC: [8] Undefined index: Zt /data/www/web/OPSystem/Runtime/Cache/1692275cbd0a67a991c5c0acd5063a9a.php 第 82 行.
NOTIC: [8] Undefined index: Zt /data/www/web/OPSystem/Runtime/Cache/1692275cbd0a67a991c5c0acd5063a9a.php 第 87 行.
NOTIC: [8] Undefined index: Zt /data/www/web/OPSystem/Runtime/Cache/1692275cbd0a67a991c5c0acd5063a9a.php 第 82 行.
NOTIC: [8] Undefined index: Zt /data/www/web/OPSystem/Runtime/Cache/1692275cbd0a67a991c5c0acd5063a9a.php 第 87 行.
NOTIC: [8] Undefined index: Zt /data/www/web/OPSystem/Runtime/Cache/1692275cbd0a67a991c5c0acd5063a9a.php 第 82 行.
NOTIC: [8] Undefined index: Zt /data/www/web/OPSystem/Runtime/Cache/1692275cbd0a67a991c5c0acd5063a9a.php 第 87 行.
INFO: ParseTemplate Behavior ::run [ RunTime:0.049253s ]
INFO: [ view_parse ] --END-- [ RunTime:0.049365s ]
INFO: [ view_filter ] --START--
INFO: ContentReplace Behavior ::run [ RunTime:0.003503s ]
INFO: TokenBuild Behavior ::run [ RunTime:0.003544s ]
INFO: WriteHtmlCache Behavior ::run [ RunTime:0.003976s ]
INFO: ShowRuntime Behavior ::run [ RunTime:0.003593s ]
INFO: [ view_filter ] --END-- [ RunTime:0.014928s ]
INFO: [ view_end ] --START--
INFO: ShowPageTrace Behavior ::run [ RunTime:0.005103s ]
INFO: [ view_end ] --END-- [ RunTime:0.005255s ]

[ 2016-03-18T10:50:22+08:00 ] 192.168.56.1 /Docker/clist.html
INFO: [ route_check ] --START--
INFO: CheckRoute Behavior ::run [ RunTime:0.004611s ]
INFO: [ route_check ] --END-- [ RunTime:0.004730s ]
INFO: [ app_begin ] --START--
INFO: ReadHtmlCache Behavior ::run [ RunTime:0.003787s ]
INFO: [ app_begin ] --END-- [ RunTime:0.003871s ]
INFO: [ view_parse ] --START--
NOTIC: [8] Undefined index: Zt /data/www/web/OPSystem/Runtime/Cache/1692275cbd0a67a991c5c0acd5063a9a.php 第 82 行.
NOTIC: [8] Undefined index: Zt /data/www/web/OPSystem/Runtime/Cache/1692275cbd0a67a991c5c0acd5063a9a.php 第 87 行.
NOTIC: [8] Undefined index: Zt /data/www/web/OPSystem/Runtime/Cache/1692275cbd0a67a991c5c0acd5063a9a.php 第 82 行.
NOTIC: [8] Undefined index: Zt /data/www/web/OPSystem/Runtime/Cache/1692275cbd0a67a991c5c0acd5063a9a.php 第 87 行.
NOTIC: [8] Undefined index: Zt /data/www/web/OPSystem/Runtime/Cache/1692275cbd0a67a991c5c0acd5063a9a.php 第 82 行.
NOTIC: [8] Undefined index: Zt /data/www/web/OPSystem/Runtime/Cache/1692275cbd0a67a991c5c0acd5063a9a.php 第 87 行.
NOTIC: [8] Undefined index: Zt /data/www/web/OPSystem/Runtime/Cache/1692275cbd0a67a991c5c0acd5063a9a.php 第 82 行.
NOTIC: [8] Undefined index: Zt /data/www/web/OPSystem/Runtime/Cache/1692275cbd0a67a991c5c0acd5063a9a.php 第 87 行.
NOTIC: [8] Undefined index: Zt /data/www/web/OPSystem/Runtime/Cache/1692275cbd0a67a991c5c0acd5063a9a.php 第 82 行.
NOTIC: [8] Undefined index: Zt /data/www/web/OPSystem/Runtime/Cache/1692275cbd0a67a991c5c0acd5063a9a.php 第 87 行.
INFO: ParseTemplate Behavior ::run [ RunTime:0.040949s ]
INFO: [ view_parse ] --END-- [ RunTime:0.041054s ]
INFO: [ view_filter ] --START--
INFO: ContentReplace Behavior ::run [ RunTime:0.003309s ]
INFO: TokenBuild Behavior ::run [ RunTime:0.003325s ]
INFO: WriteHtmlCache Behavior ::run [ RunTime:0.003502s ]
INFO: ShowRuntime Behavior ::run [ RunTime:0.004263s ]
INFO: [ view_filter ] --END-- [ RunTime:0.014773s ]
INFO: [ view_end ] --START--
INFO: ShowPageTrace Behavior ::run [ RunTime:0.005065s ]
INFO: [ view_end ] --END-- [ RunTime:0.005199s ]

[ 2016-03-18T10:50:25+08:00 ] 192.168.56.1 /Docker/detail/id/bfb920b42d028238ccb33605ac4de73a90cf10f53d19dd31206c3136b794af60.html
INFO: [ route_check ] --START--
INFO: CheckRoute Behavior ::run [ RunTime:0.004342s ]
INFO: [ route_check ] --END-- [ RunTime:0.004441s ]
INFO: [ app_begin ] --START--
INFO: ReadHtmlCache Behavior ::run [ RunTime:0.003544s ]
INFO: [ app_begin ] --END-- [ RunTime:0.003620s ]
INFO: [ view_parse ] --START--
INFO: ParseTemplate Behavior ::run [ RunTime:0.065744s ]
INFO: [ view_parse ] --END-- [ RunTime:0.065871s ]
INFO: [ view_filter ] --START--
INFO: ContentReplace Behavior ::run [ RunTime:0.003661s ]
INFO: TokenBuild Behavior ::run [ RunTime:0.003341s ]
INFO: WriteHtmlCache Behavior ::run [ RunTime:0.004159s ]
INFO: ShowRuntime Behavior ::run [ RunTime:0.003454s ]
INFO: [ view_filter ] --END-- [ RunTime:0.014960s ]
INFO: [ view_end ] --START--
INFO: ShowPageTrace Behavior ::run [ RunTime:0.003828s ]
INFO: [ view_end ] --END-- [ RunTime:0.003911s ]

[ 2016-03-18T10:50:27+08:00 ] 192.168.56.1 /Docker/clist.html
INFO: [ route_check ] --START--
INFO: CheckRoute Behavior ::run [ RunTime:0.004606s ]
INFO: [ route_check ] --END-- [ RunTime:0.004751s ]
INFO: [ app_begin ] --START--
INFO: ReadHtmlCache Behavior ::run [ RunTime:0.004028s ]
INFO: [ app_begin ] --END-- [ RunTime:0.004123s ]
INFO: [ view_parse ] --START--
NOTIC: [8] Undefined index: Zt /data/www/web/OPSystem/Runtime/Cache/1692275cbd0a67a991c5c0acd5063a9a.php 第 82 行.
NOTIC: [8] Undefined index: Zt /data/www/web/OPSystem/Runtime/Cache/1692275cbd0a67a991c5c0acd5063a9a.php 第 87 行.
NOTIC: [8] Undefined index: Zt /data/www/web/OPSystem/Runtime/Cache/1692275cbd0a67a991c5c0acd5063a9a.php 第 82 行.
NOTIC: [8] Undefined index: Zt /data/www/web/OPSystem/Runtime/Cache/1692275cbd0a67a991c5c0acd5063a9a.php 第 87 行.
NOTIC: [8] Undefined index: Zt /data/www/web/OPSystem/Runtime/Cache/1692275cbd0a67a991c5c0acd5063a9a.php 第 82 行.
NOTIC: [8] Undefined index: Zt /data/www/web/OPSystem/Runtime/Cache/1692275cbd0a67a991c5c0acd5063a9a.php 第 87 行.
NOTIC: [8] Undefined index: Zt /data/www/web/OPSystem/Runtime/Cache/1692275cbd0a67a991c5c0acd5063a9a.php 第 82 行.
NOTIC: [8] Undefined index: Zt /data/www/web/OPSystem/Runtime/Cache/1692275cbd0a67a991c5c0acd5063a9a.php 第 87 行.
NOTIC: [8] Undefined index: Zt /data/www/web/OPSystem/Runtime/Cache/1692275cbd0a67a991c5c0acd5063a9a.php 第 82 行.
NOTIC: [8] Undefined index: Zt /data/www/web/OPSystem/Runtime/Cache/1692275cbd0a67a991c5c0acd5063a9a.php 第 87 行.
INFO: ParseTemplate Behavior ::run [ RunTime:0.047353s ]
INFO: [ view_parse ] --END-- [ RunTime:0.047478s ]
INFO: [ view_filter ] --START--
INFO: ContentReplace Behavior ::run [ RunTime:0.003246s ]
INFO: TokenBuild Behavior ::run [ RunTime:0.004429s ]
INFO: WriteHtmlCache Behavior ::run [ RunTime:0.003401s ]
INFO: ShowRuntime Behavior ::run [ RunTime:0.003558s ]
INFO: [ view_filter ] --END-- [ RunTime:0.014964s ]
INFO: [ view_end ] --START--
INFO: ShowPageTrace Behavior ::run [ RunTime:0.004538s ]
INFO: [ view_end ] --END-- [ RunTime:0.004925s ]

[ 2016-03-18T10:50:43+08:00 ] 192.168.56.1 /Docker/clist.html
INFO: [ route_check ] --START--
INFO: CheckRoute Behavior ::run [ RunTime:0.004467s ]
INFO: [ route_check ] --END-- [ RunTime:0.004606s ]
INFO: [ app_begin ] --START--
INFO: ReadHtmlCache Behavior ::run [ RunTime:0.003965s ]
INFO: [ app_begin ] --END-- [ RunTime:0.004083s ]
INFO: [ view_parse ] --START--
NOTIC: [8] Undefined index: Zt /data/www/web/OPSystem/Runtime/Cache/1692275cbd0a67a991c5c0acd5063a9a.php 第 82 行.
NOTIC: [8] Undefined index: Zt /data/www/web/OPSystem/Runtime/Cache/1692275cbd0a67a991c5c0acd5063a9a.php 第 87 行.
NOTIC: [8] Undefined index: Zt /data/www/web/OPSystem/Runtime/Cache/1692275cbd0a67a991c5c0acd5063a9a.php 第 82 行.
NOTIC: [8] Undefined index: Zt /data/www/web/OPSystem/Runtime/Cache/1692275cbd0a67a991c5c0acd5063a9a.php 第 87 行.
NOTIC: [8] Undefined index: Zt /data/www/web/OPSystem/Runtime/Cache/1692275cbd0a67a991c5c0acd5063a9a.php 第 82 行.
NOTIC: [8] Undefined index: Zt /data/www/web/OPSystem/Runtime/Cache/1692275cbd0a67a991c5c0acd5063a9a.php 第 87 行.
NOTIC: [8] Undefined index: Zt /data/www/web/OPSystem/Runtime/Cache/1692275cbd0a67a991c5c0acd5063a9a.php 第 82 行.
NOTIC: [8] Undefined index: Zt /data/www/web/OPSystem/Runtime/Cache/1692275cbd0a67a991c5c0acd5063a9a.php 第 87 行.
NOTIC: [8] Undefined index: Zt /data/www/web/OPSystem/Runtime/Cache/1692275cbd0a67a991c5c0acd5063a9a.php 第 82 行.
NOTIC: [8] Undefined index: Zt /data/www/web/OPSystem/Runtime/Cache/1692275cbd0a67a991c5c0acd5063a9a.php 第 87 行.
INFO: ParseTemplate Behavior ::run [ RunTime:0.042558s ]
INFO: [ view_parse ] --END-- [ RunTime:0.042668s ]
INFO: [ view_filter ] --START--
INFO: ContentReplace Behavior ::run [ RunTime:0.003384s ]
INFO: TokenBuild Behavior ::run [ RunTime:0.003358s ]
INFO: WriteHtmlCache Behavior ::run [ RunTime:0.003168s ]
INFO: ShowRuntime Behavior ::run [ RunTime:0.004479s ]
INFO: [ view_filter ] --END-- [ RunTime:0.014647s ]
INFO: [ view_end ] --START--
INFO: ShowPageTrace Behavior ::run [ RunTime:0.004142s ]
INFO: [ view_end ] --END-- [ RunTime:0.004267s ]

[ 2016-03-18T10:50:44+08:00 ] 192.168.56.1 /Docker/clist.html
INFO: [ route_check ] --START--
INFO: CheckRoute Behavior ::run [ RunTime:0.004935s ]
INFO: [ route_check ] --END-- [ RunTime:0.005063s ]
INFO: [ app_begin ] --START--
INFO: ReadHtmlCache Behavior ::run [ RunTime:0.003716s ]
INFO: [ app_begin ] --END-- [ RunTime:0.003821s ]
INFO: [ view_parse ] --START--
NOTIC: [8] Undefined index: Zt /data/www/web/OPSystem/Runtime/Cache/1692275cbd0a67a991c5c0acd5063a9a.php 第 82 行.
NOTIC: [8] Undefined index: Zt /data/www/web/OPSystem/Runtime/Cache/1692275cbd0a67a991c5c0acd5063a9a.php 第 87 行.
NOTIC: [8] Undefined index: Zt /data/www/web/OPSystem/Runtime/Cache/1692275cbd0a67a991c5c0acd5063a9a.php 第 82 行.
NOTIC: [8] Undefined index: Zt /data/www/web/OPSystem/Runtime/Cache/1692275cbd0a67a991c5c0acd5063a9a.php 第 87 行.
NOTIC: [8] Undefined index: Zt /data/www/web/OPSystem/Runtime/Cache/1692275cbd0a67a991c5c0acd5063a9a.php 第 82 行.
NOTIC: [8] Undefined index: Zt /data/www/web/OPSystem/Runtime/Cache/1692275cbd0a67a991c5c0acd5063a9a.php 第 87 行.
NOTIC: [8] Undefined index: Zt /data/www/web/OPSystem/Runtime/Cache/1692275cbd0a67a991c5c0acd5063a9a.php 第 82 行.
NOTIC: [8] Undefined index: Zt /data/www/web/OPSystem/Runtime/Cache/1692275cbd0a67a991c5c0acd5063a9a.php 第 87 行.
NOTIC: [8] Undefined index: Zt /data/www/web/OPSystem/Runtime/Cache/1692275cbd0a67a991c5c0acd5063a9a.php 第 82 行.
NOTIC: [8] Undefined index: Zt /data/www/web/OPSystem/Runtime/Cache/1692275cbd0a67a991c5c0acd5063a9a.php 第 87 行.
INFO: ParseTemplate Behavior ::run [ RunTime:0.038710s ]
INFO: [ view_parse ] --END-- [ RunTime:0.038808s ]
INFO: [ view_filter ] --START--
INFO: ContentReplace Behavior ::run [ RunTime:0.003480s ]
INFO: TokenBuild Behavior ::run [ RunTime:0.003363s ]
INFO: WriteHtmlCache Behavior ::run [ RunTime:0.003495s ]
INFO: ShowRuntime Behavior ::run [ RunTime:0.004075s ]
INFO: [ view_filter ] --END-- [ RunTime:0.014689s ]
INFO: [ view_end ] --START--
INFO: ShowPageTrace Behavior ::run [ RunTime:0.004133s ]
INFO: [ view_end ] --END-- [ RunTime:0.004323s ]

[ 2016-03-18T10:50:45+08:00 ] 192.168.56.1 /Docker/clist.html
INFO: [ route_check ] --START--
INFO: CheckRoute Behavior ::run [ RunTime:0.004449s ]
INFO: [ route_check ] --END-- [ RunTime:0.004557s ]
INFO: [ app_begin ] --START--
INFO: ReadHtmlCache Behavior ::run [ RunTime:0.004190s ]
INFO: [ app_begin ] --END-- [ RunTime:0.004291s ]
INFO: [ view_parse ] --START--
NOTIC: [8] Undefined index: Zt /data/www/web/OPSystem/Runtime/Cache/1692275cbd0a67a991c5c0acd5063a9a.php 第 82 行.
NOTIC: [8] Undefined index: Zt /data/www/web/OPSystem/Runtime/Cache/1692275cbd0a67a991c5c0acd5063a9a.php 第 87 行.
NOTIC: [8] Undefined index: Zt /data/www/web/OPSystem/Runtime/Cache/1692275cbd0a67a991c5c0acd5063a9a.php 第 82 行.
NOTIC: [8] Undefined index: Zt /data/www/web/OPSystem/Runtime/Cache/1692275cbd0a67a991c5c0acd5063a9a.php 第 87 行.
NOTIC: [8] Undefined index: Zt /data/www/web/OPSystem/Runtime/Cache/1692275cbd0a67a991c5c0acd5063a9a.php 第 82 行.
NOTIC: [8] Undefined index: Zt /data/www/web/OPSystem/Runtime/Cache/1692275cbd0a67a991c5c0acd5063a9a.php 第 87 行.
NOTIC: [8] Undefined index: Zt /data/www/web/OPSystem/Runtime/Cache/1692275cbd0a67a991c5c0acd5063a9a.php 第 82 行.
NOTIC: [8] Undefined index: Zt /data/www/web/OPSystem/Runtime/Cache/1692275cbd0a67a991c5c0acd5063a9a.php 第 87 行.
NOTIC: [8] Undefined index: Zt /data/www/web/OPSystem/Runtime/Cache/1692275cbd0a67a991c5c0acd5063a9a.php 第 82 行.
NOTIC: [8] Undefined index: Zt /data/www/web/OPSystem/Runtime/Cache/1692275cbd0a67a991c5c0acd5063a9a.php 第 87 行.
INFO: ParseTemplate Behavior ::run [ RunTime:0.049231s ]
INFO: [ view_parse ] --END-- [ RunTime:0.049360s ]
INFO: [ view_filter ] --START--
INFO: ContentReplace Behavior ::run [ RunTime:0.004616s ]
INFO: TokenBuild Behavior ::run [ RunTime:0.003148s ]
INFO: WriteHtmlCache Behavior ::run [ RunTime:0.004142s ]
INFO: ShowRuntime Behavior ::run [ RunTime:0.004055s ]
INFO: [ view_filter ] --END-- [ RunTime:0.016257s ]
INFO: [ view_end ] --START--
INFO: ShowPageTrace Behavior ::run [ RunTime:0.005511s ]
INFO: [ view_end ] --END-- [ RunTime:0.005932s ]

[ 2016-03-18T10:50:54+08:00 ] 192.168.56.1 /Docker/clist.html
INFO: [ route_check ] --START--
INFO: CheckRoute Behavior ::run [ RunTime:0.006083s ]
INFO: [ route_check ] --END-- [ RunTime:0.006297s ]
INFO: [ app_begin ] --START--
INFO: ReadHtmlCache Behavior ::run [ RunTime:0.003758s ]
INFO: [ app_begin ] --END-- [ RunTime:0.003874s ]
INFO: [ view_parse ] --START--
NOTIC: [8] Undefined index: Zt /data/www/web/OPSystem/Runtime/Cache/1692275cbd0a67a991c5c0acd5063a9a.php 第 82 行.
NOTIC: [8] Undefined index: Zt /data/www/web/OPSystem/Runtime/Cache/1692275cbd0a67a991c5c0acd5063a9a.php 第 87 行.
NOTIC: [8] Undefined index: Zt /data/www/web/OPSystem/Runtime/Cache/1692275cbd0a67a991c5c0acd5063a9a.php 第 82 行.
NOTIC: [8] Undefined index: Zt /data/www/web/OPSystem/Runtime/Cache/1692275cbd0a67a991c5c0acd5063a9a.php 第 87 行.
NOTIC: [8] Undefined index: Zt /data/www/web/OPSystem/Runtime/Cache/1692275cbd0a67a991c5c0acd5063a9a.php 第 82 行.
NOTIC: [8] Undefined index: Zt /data/www/web/OPSystem/Runtime/Cache/1692275cbd0a67a991c5c0acd5063a9a.php 第 87 行.
NOTIC: [8] Undefined index: Zt /data/www/web/OPSystem/Runtime/Cache/1692275cbd0a67a991c5c0acd5063a9a.php 第 82 行.
NOTIC: [8] Undefined index: Zt /data/www/web/OPSystem/Runtime/Cache/1692275cbd0a67a991c5c0acd5063a9a.php 第 87 行.
INFO: ParseTemplate Behavior ::run [ RunTime:0.035658s ]
INFO: [ view_parse ] --END-- [ RunTime:0.035755s ]
INFO: [ view_filter ] --START--
INFO: ContentReplace Behavior ::run [ RunTime:0.003273s ]
INFO: TokenBuild Behavior ::run [ RunTime:0.003681s ]
INFO: WriteHtmlCache Behavior ::run [ RunTime:0.003300s ]
INFO: ShowRuntime Behavior ::run [ RunTime:0.004678s ]
INFO: [ view_filter ] --END-- [ RunTime:0.015243s ]
INFO: [ view_end ] --START--
INFO: ShowPageTrace Behavior ::run [ RunTime:0.004333s ]
INFO: [ view_end ] --END-- [ RunTime:0.004499s ]

[ 2016-03-18T10:50:55+08:00 ] 192.168.56.1 /Docker/clist.html
INFO: [ route_check ] --START--
INFO: CheckRoute Behavior ::run [ RunTime:0.003382s ]
INFO: [ route_check ] --END-- [ RunTime:0.003516s ]
INFO: [ app_begin ] --START--
INFO: ReadHtmlCache Behavior ::run [ RunTime:0.003134s ]
INFO: [ app_begin ] --END-- [ RunTime:0.003241s ]
INFO: [ view_parse ] --START--
NOTIC: [8] Undefined index: Zt /data/www/web/OPSystem/Runtime/Cache/1692275cbd0a67a991c5c0acd5063a9a.php 第 82 行.
NOTIC: [8] Undefined index: Zt /data/www/web/OPSystem/Runtime/Cache/1692275cbd0a67a991c5c0acd5063a9a.php 第 87 行.
NOTIC: [8] Undefined index: Zt /data/www/web/OPSystem/Runtime/Cache/1692275cbd0a67a991c5c0acd5063a9a.php 第 82 行.
NOTIC: [8] Undefined index: Zt /data/www/web/OPSystem/Runtime/Cache/1692275cbd0a67a991c5c0acd5063a9a.php 第 87 行.
NOTIC: [8] Undefined index: Zt /data/www/web/OPSystem/Runtime/Cache/1692275cbd0a67a991c5c0acd5063a9a.php 第 82 行.
NOTIC: [8] Undefined index: Zt /data/www/web/OPSystem/Runtime/Cache/1692275cbd0a67a991c5c0acd5063a9a.php 第 87 行.
NOTIC: [8] Undefined index: Zt /data/www/web/OPSystem/Runtime/Cache/1692275cbd0a67a991c5c0acd5063a9a.php 第 82 行.
NOTIC: [8] Undefined index: Zt /data/www/web/OPSystem/Runtime/Cache/1692275cbd0a67a991c5c0acd5063a9a.php 第 87 行.
INFO: ParseTemplate Behavior ::run [ RunTime:0.033335s ]
INFO: [ view_parse ] --END-- [ RunTime:0.033424s ]
INFO: [ view_filter ] --START--
INFO: ContentReplace Behavior ::run [ RunTime:0.002687s ]
INFO: TokenBuild Behavior ::run [ RunTime:0.002605s ]
INFO: WriteHtmlCache Behavior ::run [ RunTime:0.003731s ]
INFO: ShowRuntime Behavior ::run [ RunTime:0.002728s ]
INFO: [ view_filter ] --END-- [ RunTime:0.012022s ]
INFO: [ view_end ] --START--
INFO: ShowPageTrace Behavior ::run [ RunTime:0.003683s ]
INFO: [ view_end ] --END-- [ RunTime:0.004101s ]

[ 2016-03-18T10:51:16+08:00 ] 192.168.56.1 /Docker/clist.html
INFO: [ route_check ] --START--
INFO: CheckRoute Behavior ::run [ RunTime:0.003569s ]
INFO: [ route_check ] --END-- [ RunTime:0.003686s ]
INFO: [ app_begin ] --START--
INFO: ReadHtmlCache Behavior ::run [ RunTime:0.003138s ]
INFO: [ app_begin ] --END-- [ RunTime:0.003234s ]
INFO: [ view_parse ] --START--
NOTIC: [8] Undefined index: Zt /data/www/web/OPSystem/Runtime/Cache/1692275cbd0a67a991c5c0acd5063a9a.php 第 82 行.
NOTIC: [8] Undefined index: Zt /data/www/web/OPSystem/Runtime/Cache/1692275cbd0a67a991c5c0acd5063a9a.php 第 87 行.
NOTIC: [8] Undefined index: Zt /data/www/web/OPSystem/Runtime/Cache/1692275cbd0a67a991c5c0acd5063a9a.php 第 82 行.
NOTIC: [8] Undefined index: Zt /data/www/web/OPSystem/Runtime/Cache/1692275cbd0a67a991c5c0acd5063a9a.php 第 87 行.
NOTIC: [8] Undefined index: Zt /data/www/web/OPSystem/Runtime/Cache/1692275cbd0a67a991c5c0acd5063a9a.php 第 82 行.
NOTIC: [8] Undefined index: Zt /data/www/web/OPSystem/Runtime/Cache/1692275cbd0a67a991c5c0acd5063a9a.php 第 87 行.
NOTIC: [8] Undefined index: Zt /data/www/web/OPSystem/Runtime/Cache/1692275cbd0a67a991c5c0acd5063a9a.php 第 82 行.
NOTIC: [8] Undefined index: Zt /data/www/web/OPSystem/Runtime/Cache/1692275cbd0a67a991c5c0acd5063a9a.php 第 87 行.
INFO: ParseTemplate Behavior ::run [ RunTime:0.038800s ]
INFO: [ view_parse ] --END-- [ RunTime:0.038951s ]
INFO: [ view_filter ] --START--
INFO: ContentReplace Behavior ::run [ RunTime:0.003561s ]
INFO: TokenBuild Behavior ::run [ RunTime:0.003727s ]
INFO: WriteHtmlCache Behavior ::run [ RunTime:0.003373s ]
INFO: ShowRuntime Behavior ::run [ RunTime:0.003916s ]
INFO: [ view_filter ] --END-- [ RunTime:0.015035s ]
INFO: [ view_end ] --START--
INFO: ShowPageTrace Behavior ::run [ RunTime:0.004703s ]
INFO: [ view_end ] --END-- [ RunTime:0.004973s ]

[ 2016-03-18T10:51:18+08:00 ] 192.168.56.1 /Docker/del.html?id=ea10b412150a5826ed54b995f74b3772a0260847c2b0cc52d3558fc0803b1d06
INFO: [ route_check ] --START--
INFO: CheckRoute Behavior ::run [ RunTime:0.003820s ]
INFO: [ route_check ] --END-- [ RunTime:0.003969s ]
INFO: [ app_begin ] --START--
INFO: ReadHtmlCache Behavior ::run [ RunTime:0.003749s ]
INFO: [ app_begin ] --END-- [ RunTime:0.003865s ]
NOTIC: [8] Undefined variable: volumes /data/www/web/OPSystem/Lib/Model/DockerModel.class.php 第 41 行.

[ 2016-03-18T10:51:24+08:00 ] 192.168.56.1 /Docker/clist.html
INFO: [ route_check ] --START--
INFO: CheckRoute Behavior ::run [ RunTime:0.003631s ]
INFO: [ route_check ] --END-- [ RunTime:0.003755s ]
INFO: [ app_begin ] --START--
INFO: ReadHtmlCache Behavior ::run [ RunTime:0.003310s ]
INFO: [ app_begin ] --END-- [ RunTime:0.003407s ]
INFO: [ view_parse ] --START--
NOTIC: [8] Undefined index: Zt /data/www/web/OPSystem/Runtime/Cache/1692275cbd0a67a991c5c0acd5063a9a.php 第 82 行.
NOTIC: [8] Undefined index: Zt /data/www/web/OPSystem/Runtime/Cache/1692275cbd0a67a991c5c0acd5063a9a.php 第 87 行.
NOTIC: [8] Undefined index: Zt /data/www/web/OPSystem/Runtime/Cache/1692275cbd0a67a991c5c0acd5063a9a.php 第 82 行.
NOTIC: [8] Undefined index: Zt /data/www/web/OPSystem/Runtime/Cache/1692275cbd0a67a991c5c0acd5063a9a.php 第 87 行.
NOTIC: [8] Undefined index: Zt /data/www/web/OPSystem/Runtime/Cache/1692275cbd0a67a991c5c0acd5063a9a.php 第 82 行.
NOTIC: [8] Undefined index: Zt /data/www/web/OPSystem/Runtime/Cache/1692275cbd0a67a991c5c0acd5063a9a.php 第 87 行.
NOTIC: [8] Undefined index: Zt /data/www/web/OPSystem/Runtime/Cache/1692275cbd0a67a991c5c0acd5063a9a.php 第 82 行.
NOTIC: [8] Undefined index: Zt /data/www/web/OPSystem/Runtime/Cache/1692275cbd0a67a991c5c0acd5063a9a.php 第 87 行.
NOTIC: [8] Undefined index: Zt /data/www/web/OPSystem/Runtime/Cache/1692275cbd0a67a991c5c0acd5063a9a.php 第 82 行.
NOTIC: [8] Undefined index: Zt /data/www/web/OPSystem/Runtime/Cache/1692275cbd0a67a991c5c0acd5063a9a.php 第 87 行.
INFO: ParseTemplate Behavior ::run [ RunTime:0.040013s ]
INFO: [ view_parse ] --END-- [ RunTime:0.040109s ]
INFO: [ view_filter ] --START--
INFO: ContentReplace Behavior ::run [ RunTime:0.004577s ]
INFO: TokenBuild Behavior ::run [ RunTime:0.003821s ]
INFO: WriteHtmlCache Behavior ::run [ RunTime:0.003578s ]
INFO: ShowRuntime Behavior ::run [ RunTime:0.003270s ]
INFO: [ view_filter ] --END-- [ RunTime:0.015517s ]
INFO: [ view_end ] --START--
INFO: ShowPageTrace Behavior ::run [ RunTime:0.004562s ]
INFO: [ view_end ] --END-- [ RunTime:0.004707s ]

[ 2016-03-18T10:51:26+08:00 ] 192.168.56.1 /Docker/del.html?id=48146d8fbe931666db869ff8572c06617e272f86f89c510e3afa5e656e0d1d23
INFO: [ route_check ] --START--
INFO: CheckRoute Behavior ::run [ RunTime:0.003296s ]
INFO: [ route_check ] --END-- [ RunTime:0.003431s ]
INFO: [ app_begin ] --START--
INFO: ReadHtmlCache Behavior ::run [ RunTime:0.003244s ]
INFO: [ app_begin ] --END-- [ RunTime:0.003326s ]
NOTIC: [8] Undefined variable: volumes /data/www/web/OPSystem/Lib/Model/DockerModel.class.php 第 41 行.

[ 2016-03-18T10:51:28+08:00 ] 192.168.56.1 /Docker/clist.html
INFO: [ route_check ] --START--
INFO: CheckRoute Behavior ::run [ RunTime:0.003610s ]
INFO: [ route_check ] --END-- [ RunTime:0.003781s ]
INFO: [ app_begin ] --START--
INFO: ReadHtmlCache Behavior ::run [ RunTime:0.003006s ]
INFO: [ app_begin ] --END-- [ RunTime:0.003107s ]
INFO: [ view_parse ] --START--
NOTIC: [8] Undefined index: Zt /data/www/web/OPSystem/Runtime/Cache/1692275cbd0a67a991c5c0acd5063a9a.php 第 82 行.
NOTIC: [8] Undefined index: Zt /data/www/web/OPSystem/Runtime/Cache/1692275cbd0a67a991c5c0acd5063a9a.php 第 87 行.
NOTIC: [8] Undefined index: Zt /data/www/web/OPSystem/Runtime/Cache/1692275cbd0a67a991c5c0acd5063a9a.php 第 82 行.
NOTIC: [8] Undefined index: Zt /data/www/web/OPSystem/Runtime/Cache/1692275cbd0a67a991c5c0acd5063a9a.php 第 87 行.
NOTIC: [8] Undefined index: Zt /data/www/web/OPSystem/Runtime/Cache/1692275cbd0a67a991c5c0acd5063a9a.php 第 82 行.
NOTIC: [8] Undefined index: Zt /data/www/web/OPSystem/Runtime/Cache/1692275cbd0a67a991c5c0acd5063a9a.php 第 87 行.
NOTIC: [8] Undefined index: Zt /data/www/web/OPSystem/Runtime/Cache/1692275cbd0a67a991c5c0acd5063a9a.php 第 82 行.
NOTIC: [8] Undefined index: Zt /data/www/web/OPSystem/Runtime/Cache/1692275cbd0a67a991c5c0acd5063a9a.php 第 87 行.
NOTIC: [8] Undefined index: Zt /data/www/web/OPSystem/Runtime/Cache/1692275cbd0a67a991c5c0acd5063a9a.php 第 82 行.
NOTIC: [8] Undefined index: Zt /data/www/web/OPSystem/Runtime/Cache/1692275cbd0a67a991c5c0acd5063a9a.php 第 87 行.
INFO: ParseTemplate Behavior ::run [ RunTime:0.041302s ]
INFO: [ view_parse ] --END-- [ RunTime:0.041415s ]
INFO: [ view_filter ] --START--
INFO: ContentReplace Behavior ::run [ RunTime:0.003473s ]
INFO: TokenBuild Behavior ::run [ RunTime:0.003345s ]
INFO: WriteHtmlCache Behavior ::run [ RunTime:0.002955s ]
INFO: ShowRuntime Behavior ::run [ RunTime:0.003401s ]
INFO: [ view_filter ] --END-- [ RunTime:0.013418s ]
INFO: [ view_end ] --START--
INFO: ShowPageTrace Behavior ::run [ RunTime:0.005898s ]
INFO: [ view_end ] --END-- [ RunTime:0.006038s ]

[ 2016-03-18T10:51:36+08:00 ] 192.168.56.1 /Docker/del.html?id=bfb920b42d028238ccb33605ac4de73a90cf10f53d19dd31206c3136b794af60
INFO: [ route_check ] --START--
INFO: CheckRoute Behavior ::run [ RunTime:0.003503s ]
INFO: [ route_check ] --END-- [ RunTime:0.003643s ]
INFO: [ app_begin ] --START--
INFO: ReadHtmlCache Behavior ::run [ RunTime:0.002976s ]
INFO: [ app_begin ] --END-- [ RunTime:0.003054s ]
NOTIC: [8] Undefined variable: volumes /data/www/web/OPSystem/Lib/Model/DockerModel.class.php 第 41 行.

[ 2016-03-18T10:51:47+08:00 ] 192.168.56.1 /Docker/clist.html
INFO: [ route_check ] --START--
INFO: CheckRoute Behavior ::run [ RunTime:0.004136s ]
INFO: [ route_check ] --END-- [ RunTime:0.004292s ]
INFO: [ app_begin ] --START--
INFO: ReadHtmlCache Behavior ::run [ RunTime:0.003574s ]
INFO: [ app_begin ] --END-- [ RunTime:0.003685s ]
INFO: [ view_parse ] --START--
NOTIC: [8] Undefined index: Zt /data/www/web/OPSystem/Runtime/Cache/1692275cbd0a67a991c5c0acd5063a9a.php 第 82 行.
NOTIC: [8] Undefined index: Zt /data/www/web/OPSystem/Runtime/Cache/1692275cbd0a67a991c5c0acd5063a9a.php 第 87 行.
NOTIC: [8] Undefined index: Zt /data/www/web/OPSystem/Runtime/Cache/1692275cbd0a67a991c5c0acd5063a9a.php 第 82 行.
NOTIC: [8] Undefined index: Zt /data/www/web/OPSystem/Runtime/Cache/1692275cbd0a67a991c5c0acd5063a9a.php 第 87 行.
NOTIC: [8] Undefined index: Zt /data/www/web/OPSystem/Runtime/Cache/1692275cbd0a67a991c5c0acd5063a9a.php 第 82 行.
NOTIC: [8] Undefined index: Zt /data/www/web/OPSystem/Runtime/Cache/1692275cbd0a67a991c5c0acd5063a9a.php 第 87 行.
NOTIC: [8] Undefined index: Zt /data/www/web/OPSystem/Runtime/Cache/1692275cbd0a67a991c5c0acd5063a9a.php 第 82 行.
NOTIC: [8] Undefined index: Zt /data/www/web/OPSystem/Runtime/Cache/1692275cbd0a67a991c5c0acd5063a9a.php 第 87 行.
NOTIC: [8] Undefined index: Zt /data/www/web/OPSystem/Runtime/Cache/1692275cbd0a67a991c5c0acd5063a9a.php 第 82 行.
NOTIC: [8] Undefined index: Zt /data/www/web/OPSystem/Runtime/Cache/1692275cbd0a67a991c5c0acd5063a9a.php 第 87 行.
INFO: ParseTemplate Behavior ::run [ RunTime:0.045157s ]
INFO: [ view_parse ] --END-- [ RunTime:0.045289s ]
INFO: [ view_filter ] --START--
INFO: ContentReplace Behavior ::run [ RunTime:0.004398s ]
INFO: TokenBuild Behavior ::run [ RunTime:0.005265s ]
INFO: WriteHtmlCache Behavior ::run [ RunTime:0.003420s ]
INFO: ShowRuntime Behavior ::run [ RunTime:0.004377s ]
INFO: [ view_filter ] --END-- [ RunTime:0.017791s ]
INFO: [ view_end ] --START--
INFO: ShowPageTrace Behavior ::run [ RunTime:0.004933s ]
INFO: [ view_end ] --END-- [ RunTime:0.005232s ]

[ 2016-03-18T10:51:57+08:00 ] 192.168.56.1 /Docker/clist.html
INFO: [ route_check ] --START--
INFO: CheckRoute Behavior ::run [ RunTime:0.003441s ]
INFO: [ route_check ] --END-- [ RunTime:0.003551s ]
INFO: [ app_begin ] --START--
INFO: ReadHtmlCache Behavior ::run [ RunTime:0.003053s ]
INFO: [ app_begin ] --END-- [ RunTime:0.003198s ]
INFO: [ view_parse ] --START--
NOTIC: [8] Undefined index: Zt /data/www/web/OPSystem/Runtime/Cache/1692275cbd0a67a991c5c0acd5063a9a.php 第 82 行.
NOTIC: [8] Undefined index: Zt /data/www/web/OPSystem/Runtime/Cache/1692275cbd0a67a991c5c0acd5063a9a.php 第 87 行.
NOTIC: [8] Undefined index: Zt /data/www/web/OPSystem/Runtime/Cache/1692275cbd0a67a991c5c0acd5063a9a.php 第 82 行.
NOTIC: [8] Undefined index: Zt /data/www/web/OPSystem/Runtime/Cache/1692275cbd0a67a991c5c0acd5063a9a.php 第 87 行.
NOTIC: [8] Undefined index: Zt /data/www/web/OPSystem/Runtime/Cache/1692275cbd0a67a991c5c0acd5063a9a.php 第 82 行.
NOTIC: [8] Undefined index: Zt /data/www/web/OPSystem/Runtime/Cache/1692275cbd0a67a991c5c0acd5063a9a.php 第 87 行.
NOTIC: [8] Undefined index: Zt /data/www/web/OPSystem/Runtime/Cache/1692275cbd0a67a991c5c0acd5063a9a.php 第 82 行.
NOTIC: [8] Undefined index: Zt /data/www/web/OPSystem/Runtime/Cache/1692275cbd0a67a991c5c0acd5063a9a.php 第 87 行.
NOTIC: [8] Undefined index: Zt /data/www/web/OPSystem/Runtime/Cache/1692275cbd0a67a991c5c0acd5063a9a.php 第 82 行.
NOTIC: [8] Undefined index: Zt /data/www/web/OPSystem/Runtime/Cache/1692275cbd0a67a991c5c0acd5063a9a.php 第 87 行.
INFO: ParseTemplate Behavior ::run [ RunTime:0.034928s ]
INFO: [ view_parse ] --END-- [ RunTime:0.035029s ]
INFO: [ view_filter ] --START--
INFO: ContentReplace Behavior ::run [ RunTime:0.004808s ]
INFO: TokenBuild Behavior ::run [ RunTime:0.003729s ]
INFO: WriteHtmlCache Behavior ::run [ RunTime:0.002762s ]
INFO: ShowRuntime Behavior ::run [ RunTime:0.002915s ]
INFO: [ view_filter ] --END-- [ RunTime:0.014534s ]
INFO: [ view_end ] --START--
INFO: ShowPageTrace Behavior ::run [ RunTime:0.004057s ]
INFO: [ view_end ] --END-- [ RunTime:0.004415s ]

[ 2016-03-18T10:51:58+08:00 ] 192.168.56.1 /Docker/clist.html
INFO: [ route_check ] --START--
INFO: CheckRoute Behavior ::run [ RunTime:0.003609s ]
INFO: [ route_check ] --END-- [ RunTime:0.003772s ]
INFO: [ app_begin ] --START--
INFO: ReadHtmlCache Behavior ::run [ RunTime:0.003065s ]
INFO: [ app_begin ] --END-- [ RunTime:0.003171s ]
INFO: [ view_parse ] --START--
NOTIC: [8] Undefined index: Zt /data/www/web/OPSystem/Runtime/Cache/1692275cbd0a67a991c5c0acd5063a9a.php 第 82 行.
NOTIC: [8] Undefined index: Zt /data/www/web/OPSystem/Runtime/Cache/1692275cbd0a67a991c5c0acd5063a9a.php 第 87 行.
NOTIC: [8] Undefined index: Zt /data/www/web/OPSystem/Runtime/Cache/1692275cbd0a67a991c5c0acd5063a9a.php 第 82 行.
NOTIC: [8] Undefined index: Zt /data/www/web/OPSystem/Runtime/Cache/1692275cbd0a67a991c5c0acd5063a9a.php 第 87 行.
NOTIC: [8] Undefined index: Zt /data/www/web/OPSystem/Runtime/Cache/1692275cbd0a67a991c5c0acd5063a9a.php 第 82 行.
NOTIC: [8] Undefined index: Zt /data/www/web/OPSystem/Runtime/Cache/1692275cbd0a67a991c5c0acd5063a9a.php 第 87 行.
NOTIC: [8] Undefined index: Zt /data/www/web/OPSystem/Runtime/Cache/1692275cbd0a67a991c5c0acd5063a9a.php 第 82 行.
NOTIC: [8] Undefined index: Zt /data/www/web/OPSystem/Runtime/Cache/1692275cbd0a67a991c5c0acd5063a9a.php 第 87 行.
NOTIC: [8] Undefined index: Zt /data/www/web/OPSystem/Runtime/Cache/1692275cbd0a67a991c5c0acd5063a9a.php 第 82 行.
NOTIC: [8] Undefined index: Zt /data/www/web/OPSystem/Runtime/Cache/1692275cbd0a67a991c5c0acd5063a9a.php 第 87 行.
INFO: ParseTemplate Behavior ::run [ RunTime:0.042620s ]
INFO: [ view_parse ] --END-- [ RunTime:0.042784s ]
INFO: [ view_filter ] --START--
INFO: ContentReplace Behavior ::run [ RunTime:0.004027s ]
INFO: TokenBuild Behavior ::run [ RunTime:0.003431s ]
INFO: WriteHtmlCache Behavior ::run [ RunTime:0.003005s ]
INFO: ShowRuntime Behavior ::run [ RunTime:0.004697s ]
INFO: [ view_filter ] --END-- [ RunTime:0.015452s ]
INFO: [ view_end ] --START--
INFO: ShowPageTrace Behavior ::run [ RunTime:0.005007s ]
INFO: [ view_end ] --END-- [ RunTime:0.005600s ]

[ 2016-03-18T10:52:20+08:00 ] 192.168.56.1 /Docker/clist.html
INFO: [ route_check ] --START--
INFO: CheckRoute Behavior ::run [ RunTime:0.003254s ]
INFO: [ route_check ] --END-- [ RunTime:0.003349s ]
INFO: [ app_begin ] --START--
INFO: ReadHtmlCache Behavior ::run [ RunTime:0.002985s ]
INFO: [ app_begin ] --END-- [ RunTime:0.003061s ]
INFO: [ view_parse ] --START--
NOTIC: [8] Undefined index: Zt /data/www/web/OPSystem/Runtime/Cache/1692275cbd0a67a991c5c0acd5063a9a.php 第 82 行.
NOTIC: [8] Undefined index: Zt /data/www/web/OPSystem/Runtime/Cache/1692275cbd0a67a991c5c0acd5063a9a.php 第 87 行.
NOTIC: [8] Undefined index: Zt /data/www/web/OPSystem/Runtime/Cache/1692275cbd0a67a991c5c0acd5063a9a.php 第 82 行.
NOTIC: [8] Undefined index: Zt /data/www/web/OPSystem/Runtime/Cache/1692275cbd0a67a991c5c0acd5063a9a.php 第 87 行.
NOTIC: [8] Undefined index: Zt /data/www/web/OPSystem/Runtime/Cache/1692275cbd0a67a991c5c0acd5063a9a.php 第 82 行.
NOTIC: [8] Undefined index: Zt /data/www/web/OPSystem/Runtime/Cache/1692275cbd0a67a991c5c0acd5063a9a.php 第 87 行.
NOTIC: [8] Undefined index: Zt /data/www/web/OPSystem/Runtime/Cache/1692275cbd0a67a991c5c0acd5063a9a.php 第 82 行.
NOTIC: [8] Undefined index: Zt /data/www/web/OPSystem/Runtime/Cache/1692275cbd0a67a991c5c0acd5063a9a.php 第 87 行.
INFO: ParseTemplate Behavior ::run [ RunTime:0.036362s ]
INFO: [ view_parse ] --END-- [ RunTime:0.036453s ]
INFO: [ view_filter ] --START--
INFO: ContentReplace Behavior ::run [ RunTime:0.003331s ]
INFO: TokenBuild Behavior ::run [ RunTime:0.003154s ]
INFO: WriteHtmlCache Behavior ::run [ RunTime:0.003643s ]
INFO: ShowRuntime Behavior ::run [ RunTime:0.003668s ]
INFO: [ view_filter ] --END-- [ RunTime:0.014092s ]
INFO: [ view_end ] --START--
INFO: ShowPageTrace Behavior ::run [ RunTime:0.004885s ]
INFO: [ view_end ] --END-- [ RunTime:0.005032s ]

[ 2016-03-18T10:52:21+08:00 ] 192.168.56.1 /Docker/clist.html
INFO: [ route_check ] --START--
INFO: CheckRoute Behavior ::run [ RunTime:0.003604s ]
INFO: [ route_check ] --END-- [ RunTime:0.003742s ]
INFO: [ app_begin ] --START--
INFO: ReadHtmlCache Behavior ::run [ RunTime:0.002999s ]
INFO: [ app_begin ] --END-- [ RunTime:0.003093s ]
INFO: [ view_parse ] --START--
NOTIC: [8] Undefined index: Zt /data/www/web/OPSystem/Runtime/Cache/1692275cbd0a67a991c5c0acd5063a9a.php 第 82 行.
NOTIC: [8] Undefined index: Zt /data/www/web/OPSystem/Runtime/Cache/1692275cbd0a67a991c5c0acd5063a9a.php 第 87 行.
NOTIC: [8] Undefined index: Zt /data/www/web/OPSystem/Runtime/Cache/1692275cbd0a67a991c5c0acd5063a9a.php 第 82 行.
NOTIC: [8] Undefined index: Zt /data/www/web/OPSystem/Runtime/Cache/1692275cbd0a67a991c5c0acd5063a9a.php 第 87 行.
NOTIC: [8] Undefined index: Zt /data/www/web/OPSystem/Runtime/Cache/1692275cbd0a67a991c5c0acd5063a9a.php 第 82 行.
NOTIC: [8] Undefined index: Zt /data/www/web/OPSystem/Runtime/Cache/1692275cbd0a67a991c5c0acd5063a9a.php 第 87 行.
NOTIC: [8] Undefined index: Zt /data/www/web/OPSystem/Runtime/Cache/1692275cbd0a67a991c5c0acd5063a9a.php 第 82 行.
NOTIC: [8] Undefined index: Zt /data/www/web/OPSystem/Runtime/Cache/1692275cbd0a67a991c5c0acd5063a9a.php 第 87 行.
INFO: ParseTemplate Behavior ::run [ RunTime:0.040017s ]
INFO: [ view_parse ] --END-- [ RunTime:0.040116s ]
INFO: [ view_filter ] --START--
INFO: ContentReplace Behavior ::run [ RunTime:0.003334s ]
INFO: TokenBuild Behavior ::run [ RunTime:0.003369s ]
INFO: WriteHtmlCache Behavior ::run [ RunTime:0.003017s ]
INFO: ShowRuntime Behavior ::run [ RunTime:0.005457s ]
INFO: [ view_filter ] --END-- [ RunTime:0.015479s ]
INFO: [ view_end ] --START--
INFO: ShowPageTrace Behavior ::run [ RunTime:0.004454s ]
INFO: [ view_end ] --END-- [ RunTime:0.004586s ]

[ 2016-03-18T10:52:21+08:00 ] 192.168.56.1 /Docker/clist.html
INFO: [ route_check ] --START--
INFO: CheckRoute Behavior ::run [ RunTime:0.003445s ]
INFO: [ route_check ] --END-- [ RunTime:0.003558s ]
INFO: [ app_begin ] --START--
INFO: ReadHtmlCache Behavior ::run [ RunTime:0.003267s ]
INFO: [ app_begin ] --END-- [ RunTime:0.003352s ]
INFO: [ view_parse ] --START--
NOTIC: [8] Undefined index: Zt /data/www/web/OPSystem/Runtime/Cache/1692275cbd0a67a991c5c0acd5063a9a.php 第 82 行.
NOTIC: [8] Undefined index: Zt /data/www/web/OPSystem/Runtime/Cache/1692275cbd0a67a991c5c0acd5063a9a.php 第 87 行.
NOTIC: [8] Undefined index: Zt /data/www/web/OPSystem/Runtime/Cache/1692275cbd0a67a991c5c0acd5063a9a.php 第 82 行.
NOTIC: [8] Undefined index: Zt /data/www/web/OPSystem/Runtime/Cache/1692275cbd0a67a991c5c0acd5063a9a.php 第 87 行.
NOTIC: [8] Undefined index: Zt /data/www/web/OPSystem/Runtime/Cache/1692275cbd0a67a991c5c0acd5063a9a.php 第 82 行.
NOTIC: [8] Undefined index: Zt /data/www/web/OPSystem/Runtime/Cache/1692275cbd0a67a991c5c0acd5063a9a.php 第 87 行.
NOTIC: [8] Undefined index: Zt /data/www/web/OPSystem/Runtime/Cache/1692275cbd0a67a991c5c0acd5063a9a.php 第 82 行.
NOTIC: [8] Undefined index: Zt /data/www/web/OPSystem/Runtime/Cache/1692275cbd0a67a991c5c0acd5063a9a.php 第 87 行.
INFO: ParseTemplate Behavior ::run [ RunTime:0.035293s ]
INFO: [ view_parse ] --END-- [ RunTime:0.035393s ]
INFO: [ view_filter ] --START--
INFO: ContentReplace Behavior ::run [ RunTime:0.002804s ]
INFO: TokenBuild Behavior ::run [ RunTime:0.003185s ]
INFO: WriteHtmlCache Behavior ::run [ RunTime:0.002520s ]
INFO: ShowRuntime Behavior ::run [ RunTime:0.002722s ]
INFO: [ view_filter ] --END-- [ RunTime:0.011512s ]
INFO: [ view_end ] --START--
INFO: ShowPageTrace Behavior ::run [ RunTime:0.003927s ]
INFO: [ view_end ] --END-- [ RunTime:0.004046s ]

[ 2016-03-18T10:52:33+08:00 ] 192.168.56.1 /Docker/clist.html
INFO: [ route_check ] --START--
INFO: CheckRoute Behavior ::run [ RunTime:0.003405s ]
INFO: [ route_check ] --END-- [ RunTime:0.003525s ]
INFO: [ app_begin ] --START--
INFO: ReadHtmlCache Behavior ::run [ RunTime:0.004286s ]
INFO: [ app_begin ] --END-- [ RunTime:0.004369s ]
INFO: [ view_parse ] --START--
NOTIC: [8] Undefined index: Zt /data/www/web/OPSystem/Runtime/Cache/1692275cbd0a67a991c5c0acd5063a9a.php 第 82 行.
NOTIC: [8] Undefined index: Zt /data/www/web/OPSystem/Runtime/Cache/1692275cbd0a67a991c5c0acd5063a9a.php 第 87 行.
NOTIC: [8] Undefined index: Zt /data/www/web/OPSystem/Runtime/Cache/1692275cbd0a67a991c5c0acd5063a9a.php 第 82 行.
NOTIC: [8] Undefined index: Zt /data/www/web/OPSystem/Runtime/Cache/1692275cbd0a67a991c5c0acd5063a9a.php 第 87 行.
NOTIC: [8] Undefined index: Zt /data/www/web/OPSystem/Runtime/Cache/1692275cbd0a67a991c5c0acd5063a9a.php 第 82 行.
NOTIC: [8] Undefined index: Zt /data/www/web/OPSystem/Runtime/Cache/1692275cbd0a67a991c5c0acd5063a9a.php 第 87 行.
NOTIC: [8] Undefined index: Zt /data/www/web/OPSystem/Runtime/Cache/1692275cbd0a67a991c5c0acd5063a9a.php 第 82 行.
NOTIC: [8] Undefined index: Zt /data/www/web/OPSystem/Runtime/Cache/1692275cbd0a67a991c5c0acd5063a9a.php 第 87 行.
INFO: ParseTemplate Behavior ::run [ RunTime:0.039061s ]
INFO: [ view_parse ] --END-- [ RunTime:0.039227s ]
INFO: [ view_filter ] --START--
INFO: ContentReplace Behavior ::run [ RunTime:0.004470s ]
INFO: TokenBuild Behavior ::run [ RunTime:0.003392s ]
INFO: WriteHtmlCache Behavior ::run [ RunTime:0.004760s ]
INFO: ShowRuntime Behavior ::run [ RunTime:0.003199s ]
INFO: [ view_filter ] --END-- [ RunTime:0.016081s ]
INFO: [ view_end ] --START--
INFO: ShowPageTrace Behavior ::run [ RunTime:0.004942s ]
INFO: [ view_end ] --END-- [ RunTime:0.005074s ]

[ 2016-03-18T10:53:42+08:00 ] 192.168.56.1 /Docker/clist.html
INFO: [ route_check ] --START--
INFO: CheckRoute Behavior ::run [ RunTime:0.004534s ]
INFO: [ route_check ] --END-- [ RunTime:0.004650s ]
INFO: [ app_begin ] --START--
INFO: ReadHtmlCache Behavior ::run [ RunTime:0.003385s ]
INFO: [ app_begin ] --END-- [ RunTime:0.003480s ]
INFO: [ view_parse ] --START--
NOTIC: [8] Undefined index: Zt /data/www/web/OPSystem/Runtime/Cache/1692275cbd0a67a991c5c0acd5063a9a.php 第 82 行.
NOTIC: [8] Undefined index: Zt /data/www/web/OPSystem/Runtime/Cache/1692275cbd0a67a991c5c0acd5063a9a.php 第 87 行.
NOTIC: [8] Undefined index: Zt /data/www/web/OPSystem/Runtime/Cache/1692275cbd0a67a991c5c0acd5063a9a.php 第 82 行.
NOTIC: [8] Undefined index: Zt /data/www/web/OPSystem/Runtime/Cache/1692275cbd0a67a991c5c0acd5063a9a.php 第 87 行.
NOTIC: [8] Undefined index: Zt /data/www/web/OPSystem/Runtime/Cache/1692275cbd0a67a991c5c0acd5063a9a.php 第 82 行.
NOTIC: [8] Undefined index: Zt /data/www/web/OPSystem/Runtime/Cache/1692275cbd0a67a991c5c0acd5063a9a.php 第 87 行.
NOTIC: [8] Undefined index: Zt /data/www/web/OPSystem/Runtime/Cache/1692275cbd0a67a991c5c0acd5063a9a.php 第 82 行.
NOTIC: [8] Undefined index: Zt /data/www/web/OPSystem/Runtime/Cache/1692275cbd0a67a991c5c0acd5063a9a.php 第 87 行.
INFO: ParseTemplate Behavior ::run [ RunTime:0.050158s ]
INFO: [ view_parse ] --END-- [ RunTime:0.050309s ]
INFO: [ view_filter ] --START--
INFO: ContentReplace Behavior ::run [ RunTime:0.004260s ]
INFO: TokenBuild Behavior ::run [ RunTime:0.003923s ]
INFO: WriteHtmlCache Behavior ::run [ RunTime:0.004037s ]
INFO: ShowRuntime Behavior ::run [ RunTime:0.004290s ]
INFO: [ view_filter ] --END-- [ RunTime:0.016788s ]
INFO: [ view_end ] --START--
INFO: ShowPageTrace Behavior ::run [ RunTime:0.004922s ]
INFO: [ view_end ] --END-- [ RunTime:0.005051s ]

[ 2016-03-18T10:53:43+08:00 ] 192.168.56.1 /Docker/clist.html
INFO: [ route_check ] --START--
INFO: CheckRoute Behavior ::run [ RunTime:0.004300s ]
INFO: [ route_check ] --END-- [ RunTime:0.004416s ]
INFO: [ app_begin ] --START--
INFO: ReadHtmlCache Behavior ::run [ RunTime:0.003940s ]
INFO: [ app_begin ] --END-- [ RunTime:0.004035s ]
INFO: [ view_parse ] --START--
NOTIC: [8] Undefined index: Zt /data/www/web/OPSystem/Runtime/Cache/1692275cbd0a67a991c5c0acd5063a9a.php 第 82 行.
NOTIC: [8] Undefined index: Zt /data/www/web/OPSystem/Runtime/Cache/1692275cbd0a67a991c5c0acd5063a9a.php 第 87 行.
NOTIC: [8] Undefined index: Zt /data/www/web/OPSystem/Runtime/Cache/1692275cbd0a67a991c5c0acd5063a9a.php 第 82 行.
NOTIC: [8] Undefined index: Zt /data/www/web/OPSystem/Runtime/Cache/1692275cbd0a67a991c5c0acd5063a9a.php 第 87 行.
NOTIC: [8] Undefined index: Zt /data/www/web/OPSystem/Runtime/Cache/1692275cbd0a67a991c5c0acd5063a9a.php 第 82 行.
NOTIC: [8] Undefined index: Zt /data/www/web/OPSystem/Runtime/Cache/1692275cbd0a67a991c5c0acd5063a9a.php 第 87 行.
NOTIC: [8] Undefined index: Zt /data/www/web/OPSystem/Runtime/Cache/1692275cbd0a67a991c5c0acd5063a9a.php 第 82 行.
NOTIC: [8] Undefined index: Zt /data/www/web/OPSystem/Runtime/Cache/1692275cbd0a67a991c5c0acd5063a9a.php 第 87 行.
INFO: ParseTemplate Behavior ::run [ RunTime:0.052758s ]
INFO: [ view_parse ] --END-- [ RunTime:0.052888s ]
INFO: [ view_filter ] --START--
INFO: ContentReplace Behavior ::run [ RunTime:0.004886s ]
INFO: TokenBuild Behavior ::run [ RunTime:0.004461s ]
INFO: WriteHtmlCache Behavior ::run [ RunTime:0.004189s ]
INFO: ShowRuntime Behavior ::run [ RunTime:0.004802s ]
INFO: [ view_filter ] --END-- [ RunTime:0.018639s ]
INFO: [ view_end ] --START--
INFO: ShowPageTrace Behavior ::run [ RunTime:0.006187s ]
INFO: [ view_end ] --END-- [ RunTime:0.006354s ]

[ 2016-03-18T10:54:03+08:00 ] 192.168.56.1 /Docker/clist.html
INFO: [ route_check ] --START--
INFO: CheckRoute Behavior ::run [ RunTime:0.005597s ]
INFO: [ route_check ] --END-- [ RunTime:0.005725s ]
INFO: [ app_begin ] --START--
INFO: ReadHtmlCache Behavior ::run [ RunTime:0.003570s ]
INFO: [ app_begin ] --END-- [ RunTime:0.003698s ]
INFO: [ view_parse ] --START--
NOTIC: [8] Undefined index: Zt /data/www/web/OPSystem/Runtime/Cache/1692275cbd0a67a991c5c0acd5063a9a.php 第 82 行.
NOTIC: [8] Undefined index: Zt /data/www/web/OPSystem/Runtime/Cache/1692275cbd0a67a991c5c0acd5063a9a.php 第 87 行.
NOTIC: [8] Undefined index: Zt /data/www/web/OPSystem/Runtime/Cache/1692275cbd0a67a991c5c0acd5063a9a.php 第 82 行.
NOTIC: [8] Undefined index: Zt /data/www/web/OPSystem/Runtime/Cache/1692275cbd0a67a991c5c0acd5063a9a.php 第 87 行.
NOTIC: [8] Undefined index: Zt /data/www/web/OPSystem/Runtime/Cache/1692275cbd0a67a991c5c0acd5063a9a.php 第 82 行.
NOTIC: [8] Undefined index: Zt /data/www/web/OPSystem/Runtime/Cache/1692275cbd0a67a991c5c0acd5063a9a.php 第 87 行.
INFO: ParseTemplate Behavior ::run [ RunTime:0.041332s ]
INFO: [ view_parse ] --END-- [ RunTime:0.041426s ]
INFO: [ view_filter ] --START--
INFO: ContentReplace Behavior ::run [ RunTime:0.003462s ]
INFO: TokenBuild Behavior ::run [ RunTime:0.003720s ]
INFO: WriteHtmlCache Behavior ::run [ RunTime:0.004438s ]
INFO: ShowRuntime Behavior ::run [ RunTime:0.003442s ]
INFO: [ view_filter ] --END-- [ RunTime:0.015324s ]
INFO: [ view_end ] --START--
INFO: ShowPageTrace Behavior ::run [ RunTime:0.004180s ]
INFO: [ view_end ] --END-- [ RunTime:0.004428s ]

[ 2016-03-18T10:54:04+08:00 ] 192.168.56.1 /Docker/clist.html
INFO: [ route_check ] --START--
INFO: CheckRoute Behavior ::run [ RunTime:0.004392s ]
INFO: [ route_check ] --END-- [ RunTime:0.004507s ]
INFO: [ app_begin ] --START--
INFO: ReadHtmlCache Behavior ::run [ RunTime:0.003671s ]
INFO: [ app_begin ] --END-- [ RunTime:0.003757s ]
INFO: [ view_parse ] --START--
NOTIC: [8] Undefined index: Zt /data/www/web/OPSystem/Runtime/Cache/1692275cbd0a67a991c5c0acd5063a9a.php 第 82 行.
NOTIC: [8] Undefined index: Zt /data/www/web/OPSystem/Runtime/Cache/1692275cbd0a67a991c5c0acd5063a9a.php 第 87 行.
NOTIC: [8] Undefined index: Zt /data/www/web/OPSystem/Runtime/Cache/1692275cbd0a67a991c5c0acd5063a9a.php 第 82 行.
NOTIC: [8] Undefined index: Zt /data/www/web/OPSystem/Runtime/Cache/1692275cbd0a67a991c5c0acd5063a9a.php 第 87 行.
NOTIC: [8] Undefined index: Zt /data/www/web/OPSystem/Runtime/Cache/1692275cbd0a67a991c5c0acd5063a9a.php 第 82 行.
NOTIC: [8] Undefined index: Zt /data/www/web/OPSystem/Runtime/Cache/1692275cbd0a67a991c5c0acd5063a9a.php 第 87 行.
INFO: ParseTemplate Behavior ::run [ RunTime:0.040579s ]
INFO: [ view_parse ] --END-- [ RunTime:0.040750s ]
INFO: [ view_filter ] --START--
INFO: ContentReplace Behavior ::run [ RunTime:0.003776s ]
INFO: TokenBuild Behavior ::run [ RunTime:0.003228s ]
INFO: WriteHtmlCache Behavior ::run [ RunTime:0.003082s ]
INFO: ShowRuntime Behavior ::run [ RunTime:0.003343s ]
INFO: [ view_filter ] --END-- [ RunTime:0.013754s ]
INFO: [ view_end ] --START--
INFO: ShowPageTrace Behavior ::run [ RunTime:0.005295s ]
INFO: [ view_end ] --END-- [ RunTime:0.005416s ]

[ 2016-03-18T10:54:05+08:00 ] 192.168.56.1 /Docker/clist.html
INFO: [ route_check ] --START--
INFO: CheckRoute Behavior ::run [ RunTime:0.004763s ]
INFO: [ route_check ] --END-- [ RunTime:0.004866s ]
INFO: [ app_begin ] --START--
INFO: ReadHtmlCache Behavior ::run [ RunTime:0.003526s ]
INFO: [ app_begin ] --END-- [ RunTime:0.003603s ]
INFO: [ view_parse ] --START--
NOTIC: [8] Undefined index: Zt /data/www/web/OPSystem/Runtime/Cache/1692275cbd0a67a991c5c0acd5063a9a.php 第 82 行.
NOTIC: [8] Undefined index: Zt /data/www/web/OPSystem/Runtime/Cache/1692275cbd0a67a991c5c0acd5063a9a.php 第 87 行.
NOTIC: [8] Undefined index: Zt /data/www/web/OPSystem/Runtime/Cache/1692275cbd0a67a991c5c0acd5063a9a.php 第 82 行.
NOTIC: [8] Undefined index: Zt /data/www/web/OPSystem/Runtime/Cache/1692275cbd0a67a991c5c0acd5063a9a.php 第 87 行.
NOTIC: [8] Undefined index: Zt /data/www/web/OPSystem/Runtime/Cache/1692275cbd0a67a991c5c0acd5063a9a.php 第 82 行.
NOTIC: [8] Undefined index: Zt /data/www/web/OPSystem/Runtime/Cache/1692275cbd0a67a991c5c0acd5063a9a.php 第 87 行.
INFO: ParseTemplate Behavior ::run [ RunTime:0.041606s ]
INFO: [ view_parse ] --END-- [ RunTime:0.041714s ]
INFO: [ view_filter ] --START--
INFO: ContentReplace Behavior ::run [ RunTime:0.003584s ]
INFO: TokenBuild Behavior ::run [ RunTime:0.003238s ]
INFO: WriteHtmlCache Behavior ::run [ RunTime:0.003086s ]
INFO: ShowRuntime Behavior ::run [ RunTime:0.003288s ]
INFO: [ view_filter ] --END-- [ RunTime:0.013480s ]
INFO: [ view_end ] --START--
INFO: ShowPageTrace Behavior ::run [ RunTime:0.004784s ]
INFO: [ view_end ] --END-- [ RunTime:0.004924s ]

[ 2016-03-18T10:54:32+08:00 ] 192.168.56.1 /Docker/clist.html
INFO: [ route_check ] --START--
INFO: CheckRoute Behavior ::run [ RunTime:0.005174s ]
INFO: [ route_check ] --END-- [ RunTime:0.005292s ]
INFO: [ app_begin ] --START--
INFO: ReadHtmlCache Behavior ::run [ RunTime:0.003533s ]
INFO: [ app_begin ] --END-- [ RunTime:0.003620s ]
INFO: [ view_parse ] --START--
NOTIC: [8] Undefined index: Zt /data/www/web/OPSystem/Runtime/Cache/1692275cbd0a67a991c5c0acd5063a9a.php 第 82 行.
NOTIC: [8] Undefined index: Zt /data/www/web/OPSystem/Runtime/Cache/1692275cbd0a67a991c5c0acd5063a9a.php 第 87 行.
NOTIC: [8] Undefined index: Zt /data/www/web/OPSystem/Runtime/Cache/1692275cbd0a67a991c5c0acd5063a9a.php 第 82 行.
NOTIC: [8] Undefined index: Zt /data/www/web/OPSystem/Runtime/Cache/1692275cbd0a67a991c5c0acd5063a9a.php 第 87 行.
INFO: ParseTemplate Behavior ::run [ RunTime:0.040010s ]
INFO: [ view_parse ] --END-- [ RunTime:0.040126s ]
INFO: [ view_filter ] --START--
INFO: ContentReplace Behavior ::run [ RunTime:0.003621s ]
INFO: TokenBuild Behavior ::run [ RunTime:0.004226s ]
INFO: WriteHtmlCache Behavior ::run [ RunTime:0.003187s ]
INFO: ShowRuntime Behavior ::run [ RunTime:0.003407s ]
INFO: [ view_filter ] --END-- [ RunTime:0.014779s ]
INFO: [ view_end ] --START--
INFO: ShowPageTrace Behavior ::run [ RunTime:0.004154s ]
INFO: [ view_end ] --END-- [ RunTime:0.004270s ]

[ 2016-03-18T10:54:32+08:00 ] 192.168.56.1 /Docker/clist.html
INFO: [ route_check ] --START--
INFO: CheckRoute Behavior ::run [ RunTime:0.004514s ]
INFO: [ route_check ] --END-- [ RunTime:0.004641s ]
INFO: [ app_begin ] --START--
INFO: ReadHtmlCache Behavior ::run [ RunTime:0.003657s ]
INFO: [ app_begin ] --END-- [ RunTime:0.003777s ]
INFO: [ view_parse ] --START--
NOTIC: [8] Undefined index: Zt /data/www/web/OPSystem/Runtime/Cache/1692275cbd0a67a991c5c0acd5063a9a.php 第 82 行.
NOTIC: [8] Undefined index: Zt /data/www/web/OPSystem/Runtime/Cache/1692275cbd0a67a991c5c0acd5063a9a.php 第 87 行.
NOTIC: [8] Undefined index: Zt /data/www/web/OPSystem/Runtime/Cache/1692275cbd0a67a991c5c0acd5063a9a.php 第 82 行.
NOTIC: [8] Undefined index: Zt /data/www/web/OPSystem/Runtime/Cache/1692275cbd0a67a991c5c0acd5063a9a.php 第 87 行.
INFO: ParseTemplate Behavior ::run [ RunTime:0.042147s ]
INFO: [ view_parse ] --END-- [ RunTime:0.042260s ]
INFO: [ view_filter ] --START--
INFO: ContentReplace Behavior ::run [ RunTime:0.003312s ]
INFO: TokenBuild Behavior ::run [ RunTime:0.003337s ]
INFO: WriteHtmlCache Behavior ::run [ RunTime:0.003109s ]
INFO: ShowRuntime Behavior ::run [ RunTime:0.003334s ]
INFO: [ view_filter ] --END-- [ RunTime:0.013320s ]
INFO: [ view_end ] --START--
INFO: ShowPageTrace Behavior ::run [ RunTime:0.005287s ]
INFO: [ view_end ] --END-- [ RunTime:0.005434s ]

[ 2016-03-18T10:54:33+08:00 ] 192.168.56.1 /Docker/clist.html
INFO: [ route_check ] --START--
INFO: CheckRoute Behavior ::run [ RunTime:0.004468s ]
INFO: [ route_check ] --END-- [ RunTime:0.004598s ]
INFO: [ app_begin ] --START--
INFO: ReadHtmlCache Behavior ::run [ RunTime:0.004735s ]
INFO: [ app_begin ] --END-- [ RunTime:0.004824s ]
INFO: [ view_parse ] --START--
NOTIC: [8] Undefined index: Zt /data/www/web/OPSystem/Runtime/Cache/1692275cbd0a67a991c5c0acd5063a9a.php 第 82 行.
NOTIC: [8] Undefined index: Zt /data/www/web/OPSystem/Runtime/Cache/1692275cbd0a67a991c5c0acd5063a9a.php 第 87 行.
NOTIC: [8] Undefined index: Zt /data/www/web/OPSystem/Runtime/Cache/1692275cbd0a67a991c5c0acd5063a9a.php 第 82 行.
NOTIC: [8] Undefined index: Zt /data/www/web/OPSystem/Runtime/Cache/1692275cbd0a67a991c5c0acd5063a9a.php 第 87 行.
INFO: ParseTemplate Behavior ::run [ RunTime:0.040623s ]
INFO: [ view_parse ] --END-- [ RunTime:0.040777s ]
INFO: [ view_filter ] --START--
INFO: ContentReplace Behavior ::run [ RunTime:0.003477s ]
INFO: TokenBuild Behavior ::run [ RunTime:0.003199s ]
INFO: WriteHtmlCache Behavior ::run [ RunTime:0.003173s ]
INFO: ShowRuntime Behavior ::run [ RunTime:0.003433s ]
INFO: [ view_filter ] --END-- [ RunTime:0.013511s ]
INFO: [ view_end ] --START--
INFO: ShowPageTrace Behavior ::run [ RunTime:0.004847s ]
INFO: [ view_end ] --END-- [ RunTime:0.005009s ]

[ 2016-03-18T10:54:34+08:00 ] 192.168.56.1 /Docker/clist.html
INFO: [ route_check ] --START--
INFO: CheckRoute Behavior ::run [ RunTime:0.003300s ]
INFO: [ route_check ] --END-- [ RunTime:0.003438s ]
INFO: [ app_begin ] --START--
INFO: ReadHtmlCache Behavior ::run [ RunTime:0.003098s ]
INFO: [ app_begin ] --END-- [ RunTime:0.003176s ]
INFO: [ view_parse ] --START--
NOTIC: [8] Undefined index: Zt /data/www/web/OPSystem/Runtime/Cache/1692275cbd0a67a991c5c0acd5063a9a.php 第 82 行.
NOTIC: [8] Undefined index: Zt /data/www/web/OPSystem/Runtime/Cache/1692275cbd0a67a991c5c0acd5063a9a.php 第 87 行.
NOTIC: [8] Undefined index: Zt /data/www/web/OPSystem/Runtime/Cache/1692275cbd0a67a991c5c0acd5063a9a.php 第 82 行.
NOTIC: [8] Undefined index: Zt /data/www/web/OPSystem/Runtime/Cache/1692275cbd0a67a991c5c0acd5063a9a.php 第 87 行.
INFO: ParseTemplate Behavior ::run [ RunTime:0.037845s ]
INFO: [ view_parse ] --END-- [ RunTime:0.037972s ]
INFO: [ view_filter ] --START--
INFO: ContentReplace Behavior ::run [ RunTime:0.005317s ]
INFO: TokenBuild Behavior ::run [ RunTime:0.003290s ]
INFO: WriteHtmlCache Behavior ::run [ RunTime:0.003050s ]
INFO: ShowRuntime Behavior ::run [ RunTime:0.003703s ]
INFO: [ view_filter ] --END-- [ RunTime:0.015669s ]
INFO: [ view_end ] --START--
INFO: ShowPageTrace Behavior ::run [ RunTime:0.004712s ]
INFO: [ view_end ] --END-- [ RunTime:0.004851s ]

[ 2016-03-18T10:54:41+08:00 ] 192.168.56.1 /Docker/clist.html
INFO: [ route_check ] --START--
INFO: CheckRoute Behavior ::run [ RunTime:0.004006s ]
INFO: [ route_check ] --END-- [ RunTime:0.004154s ]
INFO: [ app_begin ] --START--
INFO: ReadHtmlCache Behavior ::run [ RunTime:0.003020s ]
INFO: [ app_begin ] --END-- [ RunTime:0.003171s ]
INFO: [ view_parse ] --START--
NOTIC: [8] Undefined index: Zt /data/www/web/OPSystem/Runtime/Cache/1692275cbd0a67a991c5c0acd5063a9a.php 第 82 行.
NOTIC: [8] Undefined index: Zt /data/www/web/OPSystem/Runtime/Cache/1692275cbd0a67a991c5c0acd5063a9a.php 第 87 行.
INFO: ParseTemplate Behavior ::run [ RunTime:0.036181s ]
INFO: [ view_parse ] --END-- [ RunTime:0.036296s ]
INFO: [ view_filter ] --START--
INFO: ContentReplace Behavior ::run [ RunTime:0.003399s ]
INFO: TokenBuild Behavior ::run [ RunTime:0.003723s ]
INFO: WriteHtmlCache Behavior ::run [ RunTime:0.004098s ]
INFO: ShowRuntime Behavior ::run [ RunTime:0.003509s ]
INFO: [ view_filter ] --END-- [ RunTime:0.015020s ]
INFO: [ view_end ] --START--
INFO: ShowPageTrace Behavior ::run [ RunTime:0.004413s ]
INFO: [ view_end ] --END-- [ RunTime:0.004533s ]

[ 2016-03-18T10:54:42+08:00 ] 192.168.56.1 /Docker/clist.html
INFO: [ route_check ] --START--
INFO: CheckRoute Behavior ::run [ RunTime:0.003787s ]
INFO: [ route_check ] --END-- [ RunTime:0.003902s ]
INFO: [ app_begin ] --START--
INFO: ReadHtmlCache Behavior ::run [ RunTime:0.003708s ]
INFO: [ app_begin ] --END-- [ RunTime:0.003796s ]
INFO: [ view_parse ] --START--
NOTIC: [8] Undefined index: Zt /data/www/web/OPSystem/Runtime/Cache/1692275cbd0a67a991c5c0acd5063a9a.php 第 82 行.
NOTIC: [8] Undefined index: Zt /data/www/web/OPSystem/Runtime/Cache/1692275cbd0a67a991c5c0acd5063a9a.php 第 87 行.
INFO: ParseTemplate Behavior ::run [ RunTime:0.036694s ]
INFO: [ view_parse ] --END-- [ RunTime:0.036797s ]
INFO: [ view_filter ] --START--
INFO: ContentReplace Behavior ::run [ RunTime:0.005221s ]
INFO: TokenBuild Behavior ::run [ RunTime:0.003059s ]
INFO: WriteHtmlCache Behavior ::run [ RunTime:0.003676s ]
INFO: ShowRuntime Behavior ::run [ RunTime:0.003252s ]
INFO: [ view_filter ] --END-- [ RunTime:0.015567s ]
INFO: [ view_end ] --START--
INFO: ShowPageTrace Behavior ::run [ RunTime:0.005810s ]
INFO: [ view_end ] --END-- [ RunTime:0.005951s ]

[ 2016-03-18T10:55:02+08:00 ] 192.168.56.1 /Docker/clist.html
INFO: [ route_check ] --START--
INFO: CheckRoute Behavior ::run [ RunTime:0.004900s ]
INFO: [ route_check ] --END-- [ RunTime:0.005063s ]
INFO: [ app_begin ] --START--
INFO: ReadHtmlCache Behavior ::run [ RunTime:0.003400s ]
INFO: [ app_begin ] --END-- [ RunTime:0.003520s ]
INFO: [ view_parse ] --START--
INFO: ParseTemplate Behavior ::run [ RunTime:0.036751s ]
INFO: [ view_parse ] --END-- [ RunTime:0.036887s ]
INFO: [ view_filter ] --START--
INFO: ContentReplace Behavior ::run [ RunTime:0.004048s ]
INFO: TokenBuild Behavior ::run [ RunTime:0.003891s ]
INFO: WriteHtmlCache Behavior ::run [ RunTime:0.003181s ]
INFO: ShowRuntime Behavior ::run [ RunTime:0.003481s ]
INFO: [ view_filter ] --END-- [ RunTime:0.014954s ]
INFO: [ view_end ] --START--
INFO: ShowPageTrace Behavior ::run [ RunTime:0.004692s ]
INFO: [ view_end ] --END-- [ RunTime:0.004892s ]

[ 2016-03-18T10:55:03+08:00 ] 192.168.56.1 /Docker/clist.html
INFO: [ route_check ] --START--
INFO: CheckRoute Behavior ::run [ RunTime:0.004076s ]
INFO: [ route_check ] --END-- [ RunTime:0.004223s ]
INFO: [ app_begin ] --START--
INFO: ReadHtmlCache Behavior ::run [ RunTime:0.003186s ]
INFO: [ app_begin ] --END-- [ RunTime:0.003281s ]
INFO: [ view_parse ] --START--
INFO: ParseTemplate Behavior ::run [ RunTime:0.040902s ]
INFO: [ view_parse ] --END-- [ RunTime:0.041015s ]
INFO: [ view_filter ] --START--
INFO: ContentReplace Behavior ::run [ RunTime:0.003850s ]
INFO: TokenBuild Behavior ::run [ RunTime:0.003874s ]
INFO: WriteHtmlCache Behavior ::run [ RunTime:0.003878s ]
INFO: ShowRuntime Behavior ::run [ RunTime:0.003768s ]
INFO: [ view_filter ] --END-- [ RunTime:0.015709s ]
INFO: [ view_end ] --START--
INFO: ShowPageTrace Behavior ::run [ RunTime:0.004650s ]
INFO: [ view_end ] --END-- [ RunTime:0.004766s ]

[ 2016-03-18T10:55:53+08:00 ] 192.168.56.1 /Docker/clist.html
INFO: [ route_check ] --START--
INFO: CheckRoute Behavior ::run [ RunTime:0.003783s ]
INFO: [ route_check ] --END-- [ RunTime:0.003947s ]
INFO: [ app_begin ] --START--
INFO: ReadHtmlCache Behavior ::run [ RunTime:0.003202s ]
INFO: [ app_begin ] --END-- [ RunTime:0.003331s ]
INFO: [ view_parse ] --START--
INFO: ParseTemplate Behavior ::run [ RunTime:0.046767s ]
INFO: [ view_parse ] --END-- [ RunTime:0.046984s ]
INFO: [ view_filter ] --START--
INFO: ContentReplace Behavior ::run [ RunTime:0.003615s ]
INFO: TokenBuild Behavior ::run [ RunTime:0.006034s ]
INFO: WriteHtmlCache Behavior ::run [ RunTime:0.003357s ]
INFO: ShowRuntime Behavior ::run [ RunTime:0.003451s ]
INFO: [ view_filter ] --END-- [ RunTime:0.016781s ]
INFO: [ view_end ] --START--
INFO: ShowPageTrace Behavior ::run [ RunTime:0.005662s ]
INFO: [ view_end ] --END-- [ RunTime:0.005804s ]

[ 2016-03-18T11:04:11+08:00 ] 192.168.56.1 /Docker/clist.html
INFO: [ route_check ] --START--
INFO: CheckRoute Behavior ::run [ RunTime:0.004557s ]
INFO: [ route_check ] --END-- [ RunTime:0.004686s ]
INFO: [ app_begin ] --START--
INFO: ReadHtmlCache Behavior ::run [ RunTime:0.003615s ]
INFO: [ app_begin ] --END-- [ RunTime:0.003980s ]
INFO: [ view_parse ] --START--
INFO: ParseTemplate Behavior ::run [ RunTime:0.040568s ]
INFO: [ view_parse ] --END-- [ RunTime:0.040687s ]
INFO: [ view_filter ] --START--
INFO: ContentReplace Behavior ::run [ RunTime:0.003520s ]
INFO: TokenBuild Behavior ::run [ RunTime:0.003120s ]
INFO: WriteHtmlCache Behavior ::run [ RunTime:0.003029s ]
INFO: ShowRuntime Behavior ::run [ RunTime:0.003704s ]
INFO: [ view_filter ] --END-- [ RunTime:0.013613s ]
INFO: [ view_end ] --START--
INFO: ShowPageTrace Behavior ::run [ RunTime:0.005051s ]
INFO: [ view_end ] --END-- [ RunTime:0.005225s ]

[ 2016-03-18T11:04:12+08:00 ] 192.168.56.1 /Docker/clist.html
INFO: [ route_check ] --START--
INFO: CheckRoute Behavior ::run [ RunTime:0.004414s ]
INFO: [ route_check ] --END-- [ RunTime:0.004522s ]
INFO: [ app_begin ] --START--
INFO: ReadHtmlCache Behavior ::run [ RunTime:0.003608s ]
INFO: [ app_begin ] --END-- [ RunTime:0.003723s ]
INFO: [ view_parse ] --START--
INFO: ParseTemplate Behavior ::run [ RunTime:0.065868s ]
INFO: [ view_parse ] --END-- [ RunTime:0.065999s ]
INFO: [ view_filter ] --START--
INFO: ContentReplace Behavior ::run [ RunTime:0.007329s ]
INFO: TokenBuild Behavior ::run [ RunTime:0.008839s ]
INFO: WriteHtmlCache Behavior ::run [ RunTime:0.010492s ]
INFO: ShowRuntime Behavior ::run [ RunTime:0.008581s ]
INFO: [ view_filter ] --END-- [ RunTime:0.035576s ]
INFO: [ view_end ] --START--
INFO: ShowPageTrace Behavior ::run [ RunTime:0.008839s ]
INFO: [ view_end ] --END-- [ RunTime:0.008940s ]

[ 2016-03-18T11:04:12+08:00 ] 192.168.56.1 /Docker/clist.html
INFO: [ route_check ] --START--
INFO: CheckRoute Behavior ::run [ RunTime:0.017404s ]
INFO: [ route_check ] --END-- [ RunTime:0.017583s ]
INFO: [ app_begin ] --START--
INFO: ReadHtmlCache Behavior ::run [ RunTime:0.011023s ]
INFO: [ app_begin ] --END-- [ RunTime:0.011153s ]
INFO: [ view_parse ] --START--
INFO: ParseTemplate Behavior ::run [ RunTime:0.061025s ]
INFO: [ view_parse ] --END-- [ RunTime:0.061146s ]
INFO: [ view_filter ] --START--
INFO: ContentReplace Behavior ::run [ RunTime:0.006245s ]
INFO: TokenBuild Behavior ::run [ RunTime:0.006252s ]
INFO: WriteHtmlCache Behavior ::run [ RunTime:0.004565s ]
INFO: ShowRuntime Behavior ::run [ RunTime:0.005551s ]
INFO: [ view_filter ] --END-- [ RunTime:0.022936s ]
INFO: [ view_end ] --START--
INFO: ShowPageTrace Behavior ::run [ RunTime:0.006457s ]
INFO: [ view_end ] --END-- [ RunTime:0.006677s ]

[ 2016-03-18T11:04:13+08:00 ] 192.168.56.1 /Docker/clist.html
INFO: [ route_check ] --START--
INFO: CheckRoute Behavior ::run [ RunTime:0.011489s ]
INFO: [ route_check ] --END-- [ RunTime:0.011979s ]
INFO: [ app_begin ] --START--
INFO: ReadHtmlCache Behavior ::run [ RunTime:0.009739s ]
INFO: [ app_begin ] --END-- [ RunTime:0.009912s ]
INFO: [ view_parse ] --START--
INFO: ParseTemplate Behavior ::run [ RunTime:0.042016s ]
INFO: [ view_parse ] --END-- [ RunTime:0.042135s ]
INFO: [ view_filter ] --START--
INFO: ContentReplace Behavior ::run [ RunTime:0.003468s ]
INFO: TokenBuild Behavior ::run [ RunTime:0.003339s ]
INFO: WriteHtmlCache Behavior ::run [ RunTime:0.003160s ]
INFO: ShowRuntime Behavior ::run [ RunTime:0.003254s ]
INFO: [ view_filter ] --END-- [ RunTime:0.013469s ]
INFO: [ view_end ] --START--
INFO: ShowPageTrace Behavior ::run [ RunTime:0.004437s ]
INFO: [ view_end ] --END-- [ RunTime:0.004598s ]

[ 2016-03-18T11:04:13+08:00 ] 192.168.56.1 /Docker/clist.html
INFO: [ route_check ] --START--
INFO: CheckRoute Behavior ::run [ RunTime:0.021305s ]
INFO: [ route_check ] --END-- [ RunTime:0.021433s ]
INFO: [ app_begin ] --START--
INFO: ReadHtmlCache Behavior ::run [ RunTime:0.006980s ]
INFO: [ app_begin ] --END-- [ RunTime:0.007115s ]
INFO: [ view_parse ] --START--
INFO: ParseTemplate Behavior ::run [ RunTime:0.043276s ]
INFO: [ view_parse ] --END-- [ RunTime:0.043423s ]
INFO: [ view_filter ] --START--
INFO: ContentReplace Behavior ::run [ RunTime:0.005238s ]
INFO: TokenBuild Behavior ::run [ RunTime:0.003427s ]
INFO: WriteHtmlCache Behavior ::run [ RunTime:0.003758s ]
INFO: ShowRuntime Behavior ::run [ RunTime:0.004987s ]
INFO: [ view_filter ] --END-- [ RunTime:0.017794s ]
INFO: [ view_end ] --START--
INFO: ShowPageTrace Behavior ::run [ RunTime:0.004667s ]
INFO: [ view_end ] --END-- [ RunTime:0.004831s ]

[ 2016-03-18T11:04:13+08:00 ] 192.168.56.1 /Docker/clist.html
INFO: [ route_check ] --START--
INFO: CheckRoute Behavior ::run [ RunTime:0.011775s ]
INFO: [ route_check ] --END-- [ RunTime:0.011910s ]
INFO: [ app_begin ] --START--
INFO: ReadHtmlCache Behavior ::run [ RunTime:0.011053s ]
INFO: [ app_begin ] --END-- [ RunTime:0.011249s ]
INFO: [ view_parse ] --START--
INFO: ParseTemplate Behavior ::run [ RunTime:0.040983s ]
INFO: [ view_parse ] --END-- [ RunTime:0.041089s ]
INFO: [ view_filter ] --START--
INFO: ContentReplace Behavior ::run [ RunTime:0.003637s ]
INFO: TokenBuild Behavior ::run [ RunTime:0.003605s ]
INFO: WriteHtmlCache Behavior ::run [ RunTime:0.003877s ]
INFO: ShowRuntime Behavior ::run [ RunTime:0.003479s ]
INFO: [ view_filter ] --END-- [ RunTime:0.014941s ]
INFO: [ view_end ] --START--
INFO: ShowPageTrace Behavior ::run [ RunTime:0.003758s ]
INFO: [ view_end ] --END-- [ RunTime:0.003880s ]

[ 2016-03-18T11:04:14+08:00 ] 192.168.56.1 /Docker/clist.html
INFO: [ route_check ] --START--
INFO: CheckRoute Behavior ::run [ RunTime:0.007487s ]
INFO: [ route_check ] --END-- [ RunTime:0.007700s ]
INFO: [ app_begin ] --START--
INFO: ReadHtmlCache Behavior ::run [ RunTime:0.008533s ]
INFO: [ app_begin ] --END-- [ RunTime:0.008804s ]
INFO: [ view_parse ] --START--
INFO: ParseTemplate Behavior ::run [ RunTime:0.041416s ]
INFO: [ view_parse ] --END-- [ RunTime:0.041539s ]
INFO: [ view_filter ] --START--
INFO: ContentReplace Behavior ::run [ RunTime:0.003982s ]
INFO: TokenBuild Behavior ::run [ RunTime:0.003520s ]
INFO: WriteHtmlCache Behavior ::run [ RunTime:0.003298s ]
INFO: ShowRuntime Behavior ::run [ RunTime:0.004097s ]
INFO: [ view_filter ] --END-- [ RunTime:0.015253s ]
INFO: [ view_end ] --START--
INFO: ShowPageTrace Behavior ::run [ RunTime:0.004643s ]
INFO: [ view_end ] --END-- [ RunTime:0.004933s ]

[ 2016-03-18T11:05:35+08:00 ] 192.168.56.1 /Docker/clist.html
INFO: [ route_check ] --START--
INFO: CheckRoute Behavior ::run [ RunTime:0.004380s ]
INFO: [ route_check ] --END-- [ RunTime:0.004489s ]
INFO: [ app_begin ] --START--
INFO: ReadHtmlCache Behavior ::run [ RunTime:0.003848s ]
INFO: [ app_begin ] --END-- [ RunTime:0.003961s ]
INFO: [ view_parse ] --START--
INFO: ParseTemplate Behavior ::run [ RunTime:0.041732s ]
INFO: [ view_parse ] --END-- [ RunTime:0.041889s ]
INFO: [ view_filter ] --START--
INFO: ContentReplace Behavior ::run [ RunTime:0.003875s ]
INFO: TokenBuild Behavior ::run [ RunTime:0.005152s ]
INFO: WriteHtmlCache Behavior ::run [ RunTime:0.004421s ]
INFO: ShowRuntime Behavior ::run [ RunTime:0.003790s ]
INFO: [ view_filter ] --END-- [ RunTime:0.017579s ]
INFO: [ view_end ] --START--
INFO: ShowPageTrace Behavior ::run [ RunTime:0.007873s ]
INFO: [ view_end ] --END-- [ RunTime:0.008014s ]

[ 2016-03-18T11:05:36+08:00 ] 192.168.56.1 /Docker/clist.html
INFO: [ route_check ] --START--
INFO: CheckRoute Behavior ::run [ RunTime:0.003558s ]
INFO: [ route_check ] --END-- [ RunTime:0.003682s ]
INFO: [ app_begin ] --START--
INFO: ReadHtmlCache Behavior ::run [ RunTime:0.003354s ]
INFO: [ app_begin ] --END-- [ RunTime:0.003466s ]
INFO: [ view_parse ] --START--
INFO: ParseTemplate Behavior ::run [ RunTime:0.036336s ]
INFO: [ view_parse ] --END-- [ RunTime:0.036465s ]
INFO: [ view_filter ] --START--
INFO: ContentReplace Behavior ::run [ RunTime:0.002899s ]
INFO: TokenBuild Behavior ::run [ RunTime:0.003039s ]
INFO: WriteHtmlCache Behavior ::run [ RunTime:0.002423s ]
INFO: ShowRuntime Behavior ::run [ RunTime:0.004043s ]
INFO: [ view_filter ] --END-- [ RunTime:0.012665s ]
INFO: [ view_end ] --START--
INFO: ShowPageTrace Behavior ::run [ RunTime:0.003730s ]
INFO: [ view_end ] --END-- [ RunTime:0.003879s ]

[ 2016-03-18T11:07:16+08:00 ] 192.168.56.1 /Docker/clist.html
INFO: [ route_check ] --START--
INFO: CheckRoute Behavior ::run [ RunTime:0.004507s ]
INFO: [ route_check ] --END-- [ RunTime:0.004712s ]
INFO: [ app_begin ] --START--
INFO: ReadHtmlCache Behavior ::run [ RunTime:0.003557s ]
INFO: [ app_begin ] --END-- [ RunTime:0.003656s ]
INFO: [ view_parse ] --START--
INFO: ParseTemplate Behavior ::run [ RunTime:0.039710s ]
INFO: [ view_parse ] --END-- [ RunTime:0.039838s ]
INFO: [ view_filter ] --START--
INFO: ContentReplace Behavior ::run [ RunTime:0.003293s ]
INFO: TokenBuild Behavior ::run [ RunTime:0.003443s ]
INFO: WriteHtmlCache Behavior ::run [ RunTime:0.003148s ]
INFO: ShowRuntime Behavior ::run [ RunTime:0.004304s ]
INFO: [ view_filter ] --END-- [ RunTime:0.014552s ]
INFO: [ view_end ] --START--
INFO: ShowPageTrace Behavior ::run [ RunTime:0.004086s ]
INFO: [ view_end ] --END-- [ RunTime:0.004212s ]

[ 2016-03-18T11:07:22+08:00 ] 192.168.56.1 /Docker/clist.html
INFO: [ route_check ] --START--
INFO: CheckRoute Behavior ::run [ RunTime:0.004675s ]
INFO: [ route_check ] --END-- [ RunTime:0.004793s ]
INFO: [ app_begin ] --START--
INFO: ReadHtmlCache Behavior ::run [ RunTime:0.003870s ]
INFO: [ app_begin ] --END-- [ RunTime:0.003999s ]
INFO: [ view_parse ] --START--
INFO: ParseTemplate Behavior ::run [ RunTime:0.046228s ]
INFO: [ view_parse ] --END-- [ RunTime:0.046421s ]
INFO: [ view_filter ] --START--
INFO: ContentReplace Behavior ::run [ RunTime:0.004441s ]
INFO: TokenBuild Behavior ::run [ RunTime:0.004374s ]
INFO: WriteHtmlCache Behavior ::run [ RunTime:0.003225s ]
INFO: ShowRuntime Behavior ::run [ RunTime:0.006702s ]
INFO: [ view_filter ] --END-- [ RunTime:0.019049s ]
INFO: [ view_end ] --START--
INFO: ShowPageTrace Behavior ::run [ RunTime:0.004397s ]
INFO: [ view_end ] --END-- [ RunTime:0.004559s ]

[ 2016-03-18T11:07:24+08:00 ] 192.168.56.1 /Docker/detail/id/2ccddd99e1e83c204673d8f25437d177eba4bc7e016549175c257303ba9b6911.html
INFO: [ route_check ] --START--
INFO: CheckRoute Behavior ::run [ RunTime:0.004716s ]
INFO: [ route_check ] --END-- [ RunTime:0.004903s ]
INFO: [ app_begin ] --START--
INFO: ReadHtmlCache Behavior ::run [ RunTime:0.004426s ]
INFO: [ app_begin ] --END-- [ RunTime:0.004564s ]
INFO: [ view_parse ] --START--
INFO: ParseTemplate Behavior ::run [ RunTime:0.036759s ]
INFO: [ view_parse ] --END-- [ RunTime:0.036956s ]
INFO: [ view_filter ] --START--
INFO: ContentReplace Behavior ::run [ RunTime:0.003630s ]
INFO: TokenBuild Behavior ::run [ RunTime:0.004023s ]
INFO: WriteHtmlCache Behavior ::run [ RunTime:0.003192s ]
INFO: ShowRuntime Behavior ::run [ RunTime:0.003785s ]
INFO: [ view_filter ] --END-- [ RunTime:0.014985s ]
INFO: [ view_end ] --START--
INFO: ShowPageTrace Behavior ::run [ RunTime:0.003848s ]
INFO: [ view_end ] --END-- [ RunTime:0.004042s ]

[ 2016-03-18T11:07:27+08:00 ] 192.168.56.1 /Docker/detail/id/2ccddd99e1e83c204673d8f25437d177eba4bc7e016549175c257303ba9b6911.html
INFO: [ route_check ] --START--
INFO: CheckRoute Behavior ::run [ RunTime:0.004510s ]
INFO: [ route_check ] --END-- [ RunTime:0.004629s ]
INFO: [ app_begin ] --START--
INFO: ReadHtmlCache Behavior ::run [ RunTime:0.003779s ]
INFO: [ app_begin ] --END-- [ RunTime:0.003887s ]
INFO: [ view_parse ] --START--
INFO: ParseTemplate Behavior ::run [ RunTime:0.076652s ]
INFO: [ view_parse ] --END-- [ RunTime:0.076802s ]
INFO: [ view_filter ] --START--
INFO: ContentReplace Behavior ::run [ RunTime:0.003420s ]
INFO: TokenBuild Behavior ::run [ RunTime:0.003480s ]
INFO: WriteHtmlCache Behavior ::run [ RunTime:0.003409s ]
INFO: ShowRuntime Behavior ::run [ RunTime:0.003631s ]
INFO: [ view_filter ] --END-- [ RunTime:0.014234s ]
INFO: [ view_end ] --START--
INFO: ShowPageTrace Behavior ::run [ RunTime:0.004408s ]
INFO: [ view_end ] --END-- [ RunTime:0.004508s ]

[ 2016-03-18T11:12:11+08:00 ] 192.168.56.1 /Docker/clist.html
INFO: [ route_check ] --START--
INFO: CheckRoute Behavior ::run [ RunTime:0.004708s ]
INFO: [ route_check ] --END-- [ RunTime:0.004882s ]
INFO: [ app_begin ] --START--
INFO: ReadHtmlCache Behavior ::run [ RunTime:0.005773s ]
INFO: [ app_begin ] --END-- [ RunTime:0.005868s ]
INFO: [ view_parse ] --START--
INFO: ParseTemplate Behavior ::run [ RunTime:0.040120s ]
INFO: [ view_parse ] --END-- [ RunTime:0.040247s ]
INFO: [ view_filter ] --START--
INFO: ContentReplace Behavior ::run [ RunTime:0.003635s ]
INFO: TokenBuild Behavior ::run [ RunTime:0.004295s ]
INFO: WriteHtmlCache Behavior ::run [ RunTime:0.003272s ]
INFO: ShowRuntime Behavior ::run [ RunTime:0.003819s ]
INFO: [ view_filter ] --END-- [ RunTime:0.015396s ]
INFO: [ view_end ] --START--
INFO: ShowPageTrace Behavior ::run [ RunTime:0.004992s ]
INFO: [ view_end ] --END-- [ RunTime:0.005127s ]

[ 2016-03-18T11:14:08+08:00 ] 192.168.56.1 /Docker/clist.html
INFO: [ route_check ] --START--
INFO: CheckRoute Behavior ::run [ RunTime:0.006059s ]
INFO: [ route_check ] --END-- [ RunTime:0.006199s ]
INFO: [ app_begin ] --START--
INFO: ReadHtmlCache Behavior ::run [ RunTime:0.003800s ]
INFO: [ app_begin ] --END-- [ RunTime:0.003904s ]
INFO: [ view_parse ] --START--
INFO: ParseTemplate Behavior ::run [ RunTime:0.040460s ]
INFO: [ view_parse ] --END-- [ RunTime:0.040563s ]
INFO: [ view_filter ] --START--
INFO: ContentReplace Behavior ::run [ RunTime:0.004865s ]
INFO: TokenBuild Behavior ::run [ RunTime:0.003566s ]
INFO: WriteHtmlCache Behavior ::run [ RunTime:0.003023s ]
INFO: ShowRuntime Behavior ::run [ RunTime:0.004834s ]
INFO: [ view_filter ] --END-- [ RunTime:0.016531s ]
INFO: [ view_end ] --START--
INFO: ShowPageTrace Behavior ::run [ RunTime:0.004622s ]
INFO: [ view_end ] --END-- [ RunTime:0.004812s ]

[ 2016-03-18T11:14:09+08:00 ] 192.168.56.1 /Docker/clist.html
INFO: [ route_check ] --START--
INFO: CheckRoute Behavior ::run [ RunTime:0.004535s ]
INFO: [ route_check ] --END-- [ RunTime:0.004668s ]
INFO: [ app_begin ] --START--
INFO: ReadHtmlCache Behavior ::run [ RunTime:0.003619s ]
INFO: [ app_begin ] --END-- [ RunTime:0.003718s ]
INFO: [ view_parse ] --START--
INFO: ParseTemplate Behavior ::run [ RunTime:0.044410s ]
INFO: [ view_parse ] --END-- [ RunTime:0.044535s ]
INFO: [ view_filter ] --START--
INFO: ContentReplace Behavior ::run [ RunTime:0.004102s ]
INFO: TokenBuild Behavior ::run [ RunTime:0.003505s ]
INFO: WriteHtmlCache Behavior ::run [ RunTime:0.003856s ]
INFO: ShowRuntime Behavior ::run [ RunTime:0.003609s ]
INFO: [ view_filter ] --END-- [ RunTime:0.015344s ]
INFO: [ view_end ] --START--
INFO: ShowPageTrace Behavior ::run [ RunTime:0.006109s ]
INFO: [ view_end ] --END-- [ RunTime:0.006248s ]

[ 2016-03-18T11:22:22+08:00 ] 192.168.56.1 /Docker/clist.html
INFO: [ route_check ] --START--
INFO: CheckRoute Behavior ::run [ RunTime:0.004524s ]
INFO: [ route_check ] --END-- [ RunTime:0.004637s ]
INFO: [ app_begin ] --START--
INFO: ReadHtmlCache Behavior ::run [ RunTime:0.003959s ]
INFO: [ app_begin ] --END-- [ RunTime:0.004143s ]
INFO: [ view_parse ] --START--
INFO: ParseTemplate Behavior ::run [ RunTime:0.039782s ]
INFO: [ view_parse ] --END-- [ RunTime:0.039916s ]
INFO: [ view_filter ] --START--
INFO: ContentReplace Behavior ::run [ RunTime:0.003241s ]
INFO: TokenBuild Behavior ::run [ RunTime:0.003130s ]
INFO: WriteHtmlCache Behavior ::run [ RunTime:0.003491s ]
INFO: ShowRuntime Behavior ::run [ RunTime:0.004261s ]
INFO: [ view_filter ] --END-- [ RunTime:0.014393s ]
INFO: [ view_end ] --START--
INFO: ShowPageTrace Behavior ::run [ RunTime:0.005983s ]
INFO: [ view_end ] --END-- [ RunTime:0.006305s ]

[ 2016-03-18T11:22:59+08:00 ] 192.168.56.1 /Docker/clist.html
INFO: [ route_check ] --START--
INFO: CheckRoute Behavior ::run [ RunTime:0.006344s ]
INFO: [ route_check ] --END-- [ RunTime:0.006479s ]
INFO: [ app_begin ] --START--
INFO: ReadHtmlCache Behavior ::run [ RunTime:0.003969s ]
INFO: [ app_begin ] --END-- [ RunTime:0.004076s ]
INFO: [ view_parse ] --START--
INFO: ParseTemplate Behavior ::run [ RunTime:0.040506s ]
INFO: [ view_parse ] --END-- [ RunTime:0.040630s ]
INFO: [ view_filter ] --START--
INFO: ContentReplace Behavior ::run [ RunTime:0.004281s ]
INFO: TokenBuild Behavior ::run [ RunTime:0.005602s ]
INFO: WriteHtmlCache Behavior ::run [ RunTime:0.003456s ]
INFO: ShowRuntime Behavior ::run [ RunTime:0.003519s ]
INFO: [ view_filter ] --END-- [ RunTime:0.017220s ]
INFO: [ view_end ] --START--
INFO: ShowPageTrace Behavior ::run [ RunTime:0.004839s ]
INFO: [ view_end ] --END-- [ RunTime:0.004977s ]

[ 2016-03-18T11:23:00+08:00 ] 192.168.56.1 /Docker/clist.html
INFO: [ route_check ] --START--
INFO: CheckRoute Behavior ::run [ RunTime:0.004423s ]
INFO: [ route_check ] --END-- [ RunTime:0.004538s ]
INFO: [ app_begin ] --START--
INFO: ReadHtmlCache Behavior ::run [ RunTime:0.003808s ]
INFO: [ app_begin ] --END-- [ RunTime:0.003898s ]
INFO: [ view_parse ] --START--
INFO: ParseTemplate Behavior ::run [ RunTime:0.044536s ]
INFO: [ view_parse ] --END-- [ RunTime:0.044660s ]
INFO: [ view_filter ] --START--
INFO: ContentReplace Behavior ::run [ RunTime:0.003784s ]
INFO: TokenBuild Behavior ::run [ RunTime:0.005929s ]
INFO: WriteHtmlCache Behavior ::run [ RunTime:0.003598s ]
INFO: ShowRuntime Behavior ::run [ RunTime:0.003294s ]
INFO: [ view_filter ] --END-- [ RunTime:0.016913s ]
INFO: [ view_end ] --START--
INFO: ShowPageTrace Behavior ::run [ RunTime:0.004315s ]
INFO: [ view_end ] --END-- [ RunTime:0.004613s ]

[ 2016-03-18T11:23:20+08:00 ] 192.168.56.1 /Docker/clist.html
INFO: [ route_check ] --START--
INFO: CheckRoute Behavior ::run [ RunTime:0.006385s ]
INFO: [ route_check ] --END-- [ RunTime:0.006522s ]
INFO: [ app_begin ] --START--
INFO: ReadHtmlCache Behavior ::run [ RunTime:0.003745s ]
INFO: [ app_begin ] --END-- [ RunTime:0.003844s ]
INFO: [ view_parse ] --START--
INFO: ParseTemplate Behavior ::run [ RunTime:0.041898s ]
INFO: [ view_parse ] --END-- [ RunTime:0.042018s ]
INFO: [ view_filter ] --START--
INFO: ContentReplace Behavior ::run [ RunTime:0.003331s ]
INFO: TokenBuild Behavior ::run [ RunTime:0.004305s ]
INFO: WriteHtmlCache Behavior ::run [ RunTime:0.003598s ]
INFO: ShowRuntime Behavior ::run [ RunTime:0.003504s ]
INFO: [ view_filter ] --END-- [ RunTime:0.015022s ]
INFO: [ view_end ] --START--
INFO: ShowPageTrace Behavior ::run [ RunTime:0.004474s ]
INFO: [ view_end ] --END-- [ RunTime:0.004665s ]

[ 2016-03-18T11:23:55+08:00 ] 192.168.56.1 /Docker/clist.html
INFO: [ route_check ] --START--
INFO: CheckRoute Behavior ::run [ RunTime:0.004177s ]
INFO: [ route_check ] --END-- [ RunTime:0.004275s ]
INFO: [ app_begin ] --START--
INFO: ReadHtmlCache Behavior ::run [ RunTime:0.003841s ]
INFO: [ app_begin ] --END-- [ RunTime:0.003940s ]
INFO: [ view_parse ] --START--
INFO: ParseTemplate Behavior ::run [ RunTime:0.038229s ]
INFO: [ view_parse ] --END-- [ RunTime:0.038347s ]
INFO: [ view_filter ] --START--
INFO: ContentReplace Behavior ::run [ RunTime:0.003235s ]
INFO: TokenBuild Behavior ::run [ RunTime:0.003174s ]
INFO: WriteHtmlCache Behavior ::run [ RunTime:0.004192s ]
INFO: ShowRuntime Behavior ::run [ RunTime:0.003465s ]
INFO: [ view_filter ] --END-- [ RunTime:0.014319s ]
INFO: [ view_end ] --START--
INFO: ShowPageTrace Behavior ::run [ RunTime:0.004458s ]
INFO: [ view_end ] --END-- [ RunTime:0.004583s ]

[ 2016-03-18T11:24:08+08:00 ] 192.168.56.1 /Docker/clist.html
INFO: [ route_check ] --START--
INFO: CheckRoute Behavior ::run [ RunTime:0.004613s ]
INFO: [ route_check ] --END-- [ RunTime:0.004769s ]
INFO: [ app_begin ] --START--
INFO: ReadHtmlCache Behavior ::run [ RunTime:0.003874s ]
INFO: [ app_begin ] --END-- [ RunTime:0.003957s ]
INFO: [ view_parse ] --START--
INFO: ParseTemplate Behavior ::run [ RunTime:0.039891s ]
INFO: [ view_parse ] --END-- [ RunTime:0.040020s ]
INFO: [ view_filter ] --START--
INFO: ContentReplace Behavior ::run [ RunTime:0.003666s ]
INFO: TokenBuild Behavior ::run [ RunTime:0.003244s ]
INFO: WriteHtmlCache Behavior ::run [ RunTime:0.004368s ]
INFO: ShowRuntime Behavior ::run [ RunTime:0.003289s ]
INFO: [ view_filter ] --END-- [ RunTime:0.014838s ]
INFO: [ view_end ] --START--
INFO: ShowPageTrace Behavior ::run [ RunTime:0.004899s ]
INFO: [ view_end ] --END-- [ RunTime:0.005037s ]

[ 2016-03-18T11:24:09+08:00 ] 192.168.56.1 /Docker/clist.html
INFO: [ route_check ] --START--
INFO: CheckRoute Behavior ::run [ RunTime:0.005779s ]
INFO: [ route_check ] --END-- [ RunTime:0.005954s ]
INFO: [ app_begin ] --START--
INFO: ReadHtmlCache Behavior ::run [ RunTime:0.004110s ]
INFO: [ app_begin ] --END-- [ RunTime:0.004219s ]
INFO: [ view_parse ] --START--
INFO: ParseTemplate Behavior ::run [ RunTime:0.042905s ]
INFO: [ view_parse ] --END-- [ RunTime:0.043124s ]
INFO: [ view_filter ] --START--
INFO: ContentReplace Behavior ::run [ RunTime:0.003972s ]
INFO: TokenBuild Behavior ::run [ RunTime:0.004008s ]
INFO: WriteHtmlCache Behavior ::run [ RunTime:0.004268s ]
INFO: ShowRuntime Behavior ::run [ RunTime:0.004137s ]
INFO: [ view_filter ] --END-- [ RunTime:0.016740s ]
INFO: [ view_end ] --START--
INFO: ShowPageTrace Behavior ::run [ RunTime:0.004840s ]
INFO: [ view_end ] --END-- [ RunTime:0.004996s ]

[ 2016-03-18T11:24:09+08:00 ] 192.168.56.1 /Docker/clist.html
INFO: [ route_check ] --START--
INFO: CheckRoute Behavior ::run [ RunTime:0.008112s ]
INFO: [ route_check ] --END-- [ RunTime:0.008258s ]
INFO: [ app_begin ] --START--
INFO: ReadHtmlCache Behavior ::run [ RunTime:0.006278s ]
INFO: [ app_begin ] --END-- [ RunTime:0.006458s ]
INFO: [ view_parse ] --START--
INFO: ParseTemplate Behavior ::run [ RunTime:0.043147s ]
INFO: [ view_parse ] --END-- [ RunTime:0.043305s ]
INFO: [ view_filter ] --START--
INFO: ContentReplace Behavior ::run [ RunTime:0.004562s ]
INFO: TokenBuild Behavior ::run [ RunTime:0.003213s ]
INFO: WriteHtmlCache Behavior ::run [ RunTime:0.002993s ]
INFO: ShowRuntime Behavior ::run [ RunTime:0.003086s ]
INFO: [ view_filter ] --END-- [ RunTime:0.014087s ]
INFO: [ view_end ] --START--
INFO: ShowPageTrace Behavior ::run [ RunTime:0.005140s ]
INFO: [ view_end ] --END-- [ RunTime:0.005278s ]

[ 2016-03-18T11:24:14+08:00 ] 192.168.56.1 /Docker/clist.html
INFO: [ route_check ] --START--
INFO: CheckRoute Behavior ::run [ RunTime:0.003625s ]
INFO: [ route_check ] --END-- [ RunTime:0.003784s ]
INFO: [ app_begin ] --START--
INFO: ReadHtmlCache Behavior ::run [ RunTime:0.003070s ]
INFO: [ app_begin ] --END-- [ RunTime:0.003220s ]
INFO: [ view_parse ] --START--
INFO: ParseTemplate Behavior ::run [ RunTime:0.040394s ]
INFO: [ view_parse ] --END-- [ RunTime:0.040521s ]
INFO: [ view_filter ] --START--
INFO: ContentReplace Behavior ::run [ RunTime:0.002754s ]
INFO: TokenBuild Behavior ::run [ RunTime:0.004066s ]
INFO: WriteHtmlCache Behavior ::run [ RunTime:0.002466s ]
INFO: ShowRuntime Behavior ::run [ RunTime:0.003133s ]
INFO: [ view_filter ] --END-- [ RunTime:0.012716s ]
INFO: [ view_end ] --START--
INFO: ShowPageTrace Behavior ::run [ RunTime:0.003589s ]
INFO: [ view_end ] --END-- [ RunTime:0.003742s ]

[ 2016-03-18T11:24:22+08:00 ] 192.168.56.1 /Docker/clist.html
INFO: [ route_check ] --START--
INFO: CheckRoute Behavior ::run [ RunTime:0.003608s ]
INFO: [ route_check ] --END-- [ RunTime:0.003733s ]
INFO: [ app_begin ] --START--
INFO: ReadHtmlCache Behavior ::run [ RunTime:0.003130s ]
INFO: [ app_begin ] --END-- [ RunTime:0.003214s ]
INFO: [ view_parse ] --START--
INFO: ParseTemplate Behavior ::run [ RunTime:0.036681s ]
INFO: [ view_parse ] --END-- [ RunTime:0.036794s ]
INFO: [ view_filter ] --START--
INFO: ContentReplace Behavior ::run [ RunTime:0.003230s ]
INFO: TokenBuild Behavior ::run [ RunTime:0.004167s ]
INFO: WriteHtmlCache Behavior ::run [ RunTime:0.003489s ]
INFO: ShowRuntime Behavior ::run [ RunTime:0.003565s ]
INFO: [ view_filter ] --END-- [ RunTime:0.014752s ]
INFO: [ view_end ] --START--
INFO: ShowPageTrace Behavior ::run [ RunTime:0.005143s ]
INFO: [ view_end ] --END-- [ RunTime:0.005292s ]

[ 2016-03-18T11:24:23+08:00 ] 192.168.56.1 /Docker/clist.html
INFO: [ route_check ] --START--
INFO: CheckRoute Behavior ::run [ RunTime:0.003924s ]
INFO: [ route_check ] --END-- [ RunTime:0.004060s ]
INFO: [ app_begin ] --START--
INFO: ReadHtmlCache Behavior ::run [ RunTime:0.002954s ]
INFO: [ app_begin ] --END-- [ RunTime:0.003042s ]
INFO: [ view_parse ] --START--
INFO: ParseTemplate Behavior ::run [ RunTime:0.041085s ]
INFO: [ view_parse ] --END-- [ RunTime:0.041206s ]
INFO: [ view_filter ] --START--
INFO: ContentReplace Behavior ::run [ RunTime:0.004114s ]
INFO: TokenBuild Behavior ::run [ RunTime:0.003308s ]
INFO: WriteHtmlCache Behavior ::run [ RunTime:0.003971s ]
INFO: ShowRuntime Behavior ::run [ RunTime:0.003764s ]
INFO: [ view_filter ] --END-- [ RunTime:0.015456s ]
INFO: [ view_end ] --START--
INFO: ShowPageTrace Behavior ::run [ RunTime:0.005292s ]
INFO: [ view_end ] --END-- [ RunTime:0.005456s ]

[ 2016-03-18T11:24:24+08:00 ] 192.168.56.1 /Docker/reposlist.html
INFO: [ route_check ] --START--
INFO: CheckRoute Behavior ::run [ RunTime:0.003771s ]
INFO: [ route_check ] --END-- [ RunTime:0.003918s ]
INFO: [ app_begin ] --START--
INFO: ReadHtmlCache Behavior ::run [ RunTime:0.003138s ]
INFO: [ app_begin ] --END-- [ RunTime:0.003214s ]
INFO: [ view_parse ] --START--
INFO: ParseTemplate Behavior ::run [ RunTime:0.041253s ]
INFO: [ view_parse ] --END-- [ RunTime:0.041456s ]
INFO: [ view_filter ] --START--
INFO: ContentReplace Behavior ::run [ RunTime:0.003269s ]
INFO: TokenBuild Behavior ::run [ RunTime:0.005129s ]
INFO: WriteHtmlCache Behavior ::run [ RunTime:0.003201s ]
INFO: ShowRuntime Behavior ::run [ RunTime:0.003186s ]
INFO: [ view_filter ] --END-- [ RunTime:0.015061s ]
INFO: [ view_end ] --START--
INFO: ShowPageTrace Behavior ::run [ RunTime:0.003647s ]
INFO: [ view_end ] --END-- [ RunTime:0.003801s ]

[ 2016-03-18T11:24:25+08:00 ] 192.168.56.1 /Docker/clist.html
INFO: [ route_check ] --START--
INFO: CheckRoute Behavior ::run [ RunTime:0.003447s ]
INFO: [ route_check ] --END-- [ RunTime:0.003536s ]
INFO: [ app_begin ] --START--
INFO: ReadHtmlCache Behavior ::run [ RunTime:0.003132s ]
INFO: [ app_begin ] --END-- [ RunTime:0.003204s ]
INFO: [ view_parse ] --START--
INFO: ParseTemplate Behavior ::run [ RunTime:0.033311s ]
INFO: [ view_parse ] --END-- [ RunTime:0.033477s ]
INFO: [ view_filter ] --START--
INFO: ContentReplace Behavior ::run [ RunTime:0.002741s ]
INFO: TokenBuild Behavior ::run [ RunTime:0.003160s ]
INFO: WriteHtmlCache Behavior ::run [ RunTime:0.003788s ]
INFO: ShowRuntime Behavior ::run [ RunTime:0.002840s ]
INFO: [ view_filter ] --END-- [ RunTime:0.012812s ]
INFO: [ view_end ] --START--
INFO: ShowPageTrace Behavior ::run [ RunTime:0.004110s ]
INFO: [ view_end ] --END-- [ RunTime:0.004251s ]

[ 2016-03-18T11:24:25+08:00 ] 192.168.56.1 /Docker/clist.html
INFO: [ route_check ] --START--
INFO: CheckRoute Behavior ::run [ RunTime:0.003403s ]
INFO: [ route_check ] --END-- [ RunTime:0.003538s ]
INFO: [ app_begin ] --START--
INFO: ReadHtmlCache Behavior ::run [ RunTime:0.002987s ]
INFO: [ app_begin ] --END-- [ RunTime:0.003109s ]
INFO: [ view_parse ] --START--
INFO: ParseTemplate Behavior ::run [ RunTime:0.038745s ]
INFO: [ view_parse ] --END-- [ RunTime:0.038905s ]
INFO: [ view_filter ] --START--
INFO: ContentReplace Behavior ::run [ RunTime:0.003896s ]
INFO: TokenBuild Behavior ::run [ RunTime:0.004469s ]
INFO: WriteHtmlCache Behavior ::run [ RunTime:0.003397s ]
INFO: ShowRuntime Behavior ::run [ RunTime:0.003798s ]
INFO: [ view_filter ] --END-- [ RunTime:0.015877s ]
INFO: [ view_end ] --START--
INFO: ShowPageTrace Behavior ::run [ RunTime:0.004250s ]
INFO: [ view_end ] --END-- [ RunTime:0.004382s ]

[ 2016-03-18T11:24:26+08:00 ] 192.168.56.1 /Docker/clist.html
INFO: [ route_check ] --START--
INFO: CheckRoute Behavior ::run [ RunTime:0.006434s ]
INFO: [ route_check ] --END-- [ RunTime:0.006554s ]
INFO: [ app_begin ] --START--
INFO: ReadHtmlCache Behavior ::run [ RunTime:0.005897s ]
INFO: [ app_begin ] --END-- [ RunTime:0.006186s ]
INFO: [ view_parse ] --START--
INFO: ParseTemplate Behavior ::run [ RunTime:0.040414s ]
INFO: [ view_parse ] --END-- [ RunTime:0.040576s ]
INFO: [ view_filter ] --START--
INFO: ContentReplace Behavior ::run [ RunTime:0.004949s ]
INFO: TokenBuild Behavior ::run [ RunTime:0.003887s ]
INFO: WriteHtmlCache Behavior ::run [ RunTime:0.003613s ]
INFO: ShowRuntime Behavior ::run [ RunTime:0.004112s ]
INFO: [ view_filter ] --END-- [ RunTime:0.016986s ]
INFO: [ view_end ] --START--
INFO: ShowPageTrace Behavior ::run [ RunTime:0.004415s ]
INFO: [ view_end ] --END-- [ RunTime:0.004540s ]

