[ 2016-03-31T10:19:05+08:00 ] 192.168.56.1 /
INFO: [ app_begin ] --START--
INFO: ReadHtmlCache Behavior ::run [ RunTime:0.073570s ]
INFO: [ app_begin ] --END-- [ RunTime:0.073758s ]

[ 2016-03-31T10:19:12+08:00 ] 192.168.56.1 /
INFO: [ app_begin ] --START--
INFO: ReadHtmlCache Behavior ::run [ RunTime:0.003834s ]
INFO: [ app_begin ] --END-- [ RunTime:0.004059s ]

[ 2016-03-31T10:19:13+08:00 ] 192.168.56.1 /
INFO: [ app_begin ] --START--
INFO: ReadHtmlCache Behavior ::run [ RunTime:0.004143s ]
INFO: [ app_begin ] --END-- [ RunTime:0.004296s ]

[ 2016-03-31T10:19:13+08:00 ] 192.168.56.1 /
INFO: [ app_begin ] --START--
INFO: ReadHtmlCache Behavior ::run [ RunTime:0.004542s ]
INFO: [ app_begin ] --END-- [ RunTime:0.004810s ]

[ 2016-03-31T10:19:13+08:00 ] 192.168.56.1 /
INFO: [ app_begin ] --START--
INFO: ReadHtmlCache Behavior ::run [ RunTime:0.003391s ]
INFO: [ app_begin ] --END-- [ RunTime:0.003507s ]

[ 2016-03-31T10:19:13+08:00 ] 192.168.56.1 /
INFO: [ app_begin ] --START--
INFO: ReadHtmlCache Behavior ::run [ RunTime:0.003727s ]
INFO: [ app_begin ] --END-- [ RunTime:0.003864s ]

[ 2016-03-31T10:19:13+08:00 ] 192.168.56.1 /
INFO: [ app_begin ] --START--
INFO: ReadHtmlCache Behavior ::run [ RunTime:0.003701s ]
INFO: [ app_begin ] --END-- [ RunTime:0.003875s ]

[ 2016-03-31T10:22:18+08:00 ] 192.168.56.1 /
INFO: [ app_begin ] --START--
INFO: ReadHtmlCache Behavior ::run [ RunTime:0.004308s ]
INFO: [ app_begin ] --END-- [ RunTime:0.004433s ]
INFO: [ view_parse ] --START--
NOTIC: [8] Undefined index: LOGINROLE /data/www/web/OPSystem/Runtime/Cache/ca144e3bf99edcfe323f2ff2af8ca902.php 第 13 行.
NOTIC: [8] Undefined index: LOGINUSER /data/www/web/OPSystem/Runtime/Cache/ca144e3bf99edcfe323f2ff2af8ca902.php 第 13 行.
INFO: ParseTemplate Behavior ::run [ RunTime:0.105237s ]
INFO: [ view_parse ] --END-- [ RunTime:0.105316s ]
INFO: [ view_filter ] --START--
INFO: ContentReplace Behavior ::run [ RunTime:0.003472s ]
INFO: TokenBuild Behavior ::run [ RunTime:0.003387s ]
INFO: WriteHtmlCache Behavior ::run [ RunTime:0.002959s ]
INFO: ShowRuntime Behavior ::run [ RunTime:0.003692s ]
INFO: [ view_filter ] --END-- [ RunTime:0.013721s ]
INFO: [ view_end ] --START--
INFO: ShowPageTrace Behavior ::run [ RunTime:0.004860s ]
INFO: [ view_end ] --END-- [ RunTime:0.005055s ]

[ 2016-03-31T10:22:20+08:00 ] 192.168.56.1 /Docker/clist.html
INFO: [ route_check ] --START--
INFO: CheckRoute Behavior ::run [ RunTime:0.032432s ]
INFO: [ route_check ] --END-- [ RunTime:0.032534s ]
INFO: [ app_begin ] --START--
INFO: ReadHtmlCache Behavior ::run [ RunTime:0.003699s ]
INFO: [ app_begin ] --END-- [ RunTime:0.003766s ]
INFO: [ view_parse ] --START--
INFO: ParseTemplate Behavior ::run [ RunTime:0.062456s ]
INFO: [ view_parse ] --END-- [ RunTime:0.062558s ]
INFO: [ view_filter ] --START--
INFO: ContentReplace Behavior ::run [ RunTime:0.002700s ]
INFO: TokenBuild Behavior ::run [ RunTime:0.002723s ]
INFO: WriteHtmlCache Behavior ::run [ RunTime:0.003955s ]
INFO: ShowRuntime Behavior ::run [ RunTime:0.002790s ]
INFO: [ view_filter ] --END-- [ RunTime:0.012385s ]
INFO: [ view_end ] --START--
INFO: ShowPageTrace Behavior ::run [ RunTime:0.003116s ]
INFO: [ view_end ] --END-- [ RunTime:0.003180s ]

[ 2016-03-31T10:22:21+08:00 ] 192.168.56.1 /Docker/clist.html
INFO: [ route_check ] --START--
INFO: CheckRoute Behavior ::run [ RunTime:0.006205s ]
INFO: [ route_check ] --END-- [ RunTime:0.006333s ]
INFO: [ app_begin ] --START--
INFO: ReadHtmlCache Behavior ::run [ RunTime:0.003478s ]
INFO: [ app_begin ] --END-- [ RunTime:0.003580s ]
INFO: [ view_parse ] --START--
INFO: ParseTemplate Behavior ::run [ RunTime:0.036804s ]
INFO: [ view_parse ] --END-- [ RunTime:0.036895s ]
INFO: [ view_filter ] --START--
INFO: ContentReplace Behavior ::run [ RunTime:0.002978s ]
INFO: TokenBuild Behavior ::run [ RunTime:0.003454s ]
INFO: WriteHtmlCache Behavior ::run [ RunTime:0.002629s ]
INFO: ShowRuntime Behavior ::run [ RunTime:0.002884s ]
INFO: [ view_filter ] --END-- [ RunTime:0.012156s ]
INFO: [ view_end ] --START--
INFO: ShowPageTrace Behavior ::run [ RunTime:0.003070s ]
INFO: [ view_end ] --END-- [ RunTime:0.003134s ]

[ 2016-03-31T10:22:22+08:00 ] 192.168.56.1 /Docker/clist.html
INFO: [ route_check ] --START--
INFO: CheckRoute Behavior ::run [ RunTime:0.003858s ]
INFO: [ route_check ] --END-- [ RunTime:0.003949s ]
INFO: [ app_begin ] --START--
INFO: ReadHtmlCache Behavior ::run [ RunTime:0.004059s ]
INFO: [ app_begin ] --END-- [ RunTime:0.004141s ]
INFO: [ view_parse ] --START--
INFO: ParseTemplate Behavior ::run [ RunTime:0.036486s ]
INFO: [ view_parse ] --END-- [ RunTime:0.036587s ]
INFO: [ view_filter ] --START--
INFO: ContentReplace Behavior ::run [ RunTime:0.002877s ]
INFO: TokenBuild Behavior ::run [ RunTime:0.002773s ]
INFO: WriteHtmlCache Behavior ::run [ RunTime:0.002859s ]
INFO: ShowRuntime Behavior ::run [ RunTime:0.003456s ]
INFO: [ view_filter ] --END-- [ RunTime:0.012247s ]
INFO: [ view_end ] --START--
INFO: ShowPageTrace Behavior ::run [ RunTime:0.003223s ]
INFO: [ view_end ] --END-- [ RunTime:0.003363s ]

[ 2016-03-31T10:22:38+08:00 ] 192.168.56.1 /Docker/clist.html
INFO: [ route_check ] --START--
INFO: CheckRoute Behavior ::run [ RunTime:0.004465s ]
INFO: [ route_check ] --END-- [ RunTime:0.004550s ]
INFO: [ app_begin ] --START--
INFO: ReadHtmlCache Behavior ::run [ RunTime:0.003482s ]
INFO: [ app_begin ] --END-- [ RunTime:0.003571s ]
INFO: [ view_parse ] --START--
INFO: ParseTemplate Behavior ::run [ RunTime:0.041067s ]
INFO: [ view_parse ] --END-- [ RunTime:0.041185s ]
INFO: [ view_filter ] --START--
INFO: ContentReplace Behavior ::run [ RunTime:0.004208s ]
INFO: TokenBuild Behavior ::run [ RunTime:0.002988s ]
INFO: WriteHtmlCache Behavior ::run [ RunTime:0.002622s ]
INFO: ShowRuntime Behavior ::run [ RunTime:0.003226s ]
INFO: [ view_filter ] --END-- [ RunTime:0.013268s ]
INFO: [ view_end ] --START--
INFO: ShowPageTrace Behavior ::run [ RunTime:0.003205s ]
INFO: [ view_end ] --END-- [ RunTime:0.003309s ]

[ 2016-03-31T10:23:29+08:00 ] 192.168.56.1 /Docker/clist.html
INFO: [ route_check ] --START--
INFO: CheckRoute Behavior ::run [ RunTime:0.005625s ]
INFO: [ route_check ] --END-- [ RunTime:0.005832s ]
INFO: [ app_begin ] --START--
INFO: ReadHtmlCache Behavior ::run [ RunTime:0.004168s ]
INFO: [ app_begin ] --END-- [ RunTime:0.004282s ]
INFO: [ view_parse ] --START--
INFO: ParseTemplate Behavior ::run [ RunTime:0.036233s ]
INFO: [ view_parse ] --END-- [ RunTime:0.036327s ]
INFO: [ view_filter ] --START--
INFO: ContentReplace Behavior ::run [ RunTime:0.003141s ]
INFO: TokenBuild Behavior ::run [ RunTime:0.003705s ]
INFO: WriteHtmlCache Behavior ::run [ RunTime:0.002908s ]
INFO: ShowRuntime Behavior ::run [ RunTime:0.003415s ]
INFO: [ view_filter ] --END-- [ RunTime:0.013390s ]
INFO: [ view_end ] --START--
INFO: ShowPageTrace Behavior ::run [ RunTime:0.003186s ]
INFO: [ view_end ] --END-- [ RunTime:0.003253s ]

[ 2016-03-31T10:23:31+08:00 ] 192.168.56.1 /Docker/clist.html
INFO: [ route_check ] --START--
INFO: CheckRoute Behavior ::run [ RunTime:0.004088s ]
INFO: [ route_check ] --END-- [ RunTime:0.004192s ]
INFO: [ app_begin ] --START--
INFO: ReadHtmlCache Behavior ::run [ RunTime:0.004828s ]
INFO: [ app_begin ] --END-- [ RunTime:0.004903s ]
INFO: [ view_parse ] --START--
INFO: ParseTemplate Behavior ::run [ RunTime:0.046380s ]
INFO: [ view_parse ] --END-- [ RunTime:0.046623s ]
INFO: [ view_filter ] --START--
INFO: ContentReplace Behavior ::run [ RunTime:0.002927s ]
INFO: TokenBuild Behavior ::run [ RunTime:0.002229s ]
INFO: WriteHtmlCache Behavior ::run [ RunTime:0.002150s ]
INFO: ShowRuntime Behavior ::run [ RunTime:0.002219s ]
INFO: [ view_filter ] --END-- [ RunTime:0.009726s ]
INFO: [ view_end ] --START--
INFO: ShowPageTrace Behavior ::run [ RunTime:0.002589s ]
INFO: [ view_end ] --END-- [ RunTime:0.002655s ]

[ 2016-03-31T10:23:31+08:00 ] 192.168.56.1 /Docker/clist.html
INFO: [ route_check ] --START--
INFO: CheckRoute Behavior ::run [ RunTime:0.003680s ]
INFO: [ route_check ] --END-- [ RunTime:0.003841s ]
INFO: [ app_begin ] --START--
INFO: ReadHtmlCache Behavior ::run [ RunTime:0.003281s ]
INFO: [ app_begin ] --END-- [ RunTime:0.003356s ]
INFO: [ view_parse ] --START--
INFO: ParseTemplate Behavior ::run [ RunTime:0.037375s ]
INFO: [ view_parse ] --END-- [ RunTime:0.037470s ]
INFO: [ view_filter ] --START--
INFO: ContentReplace Behavior ::run [ RunTime:0.003074s ]
INFO: TokenBuild Behavior ::run [ RunTime:0.003727s ]
INFO: WriteHtmlCache Behavior ::run [ RunTime:0.002615s ]
INFO: ShowRuntime Behavior ::run [ RunTime:0.002862s ]
INFO: [ view_filter ] --END-- [ RunTime:0.012480s ]
INFO: [ view_end ] --START--
INFO: ShowPageTrace Behavior ::run [ RunTime:0.003918s ]
INFO: [ view_end ] --END-- [ RunTime:0.003992s ]

[ 2016-03-31T10:40:45+08:00 ] 192.168.56.1 /Docker/clist.html
INFO: [ route_check ] --START--
INFO: CheckRoute Behavior ::run [ RunTime:0.006927s ]
INFO: [ route_check ] --END-- [ RunTime:0.007179s ]
INFO: [ app_begin ] --START--
INFO: ReadHtmlCache Behavior ::run [ RunTime:0.005325s ]
INFO: [ app_begin ] --END-- [ RunTime:0.005502s ]
INFO: [ view_parse ] --START--
INFO: ParseTemplate Behavior ::run [ RunTime:0.050821s ]
INFO: [ view_parse ] --END-- [ RunTime:0.050996s ]
INFO: [ view_filter ] --START--
INFO: ContentReplace Behavior ::run [ RunTime:0.004989s ]
INFO: TokenBuild Behavior ::run [ RunTime:0.004788s ]
INFO: WriteHtmlCache Behavior ::run [ RunTime:0.004572s ]
INFO: ShowRuntime Behavior ::run [ RunTime:0.006411s ]
INFO: [ view_filter ] --END-- [ RunTime:0.021149s ]
INFO: [ view_end ] --START--
INFO: ShowPageTrace Behavior ::run [ RunTime:0.005251s ]
INFO: [ view_end ] --END-- [ RunTime:0.005364s ]

[ 2016-03-31T10:40:48+08:00 ] 192.168.56.1 /Docker/detail/id/3552cd3c2863b527a6af9338eb0bbd17badd7bcaba677616f6302ce3d0bdce13.html
INFO: [ route_check ] --START--
INFO: CheckRoute Behavior ::run [ RunTime:0.006146s ]
INFO: [ route_check ] --END-- [ RunTime:0.006314s ]
INFO: [ app_begin ] --START--
INFO: ReadHtmlCache Behavior ::run [ RunTime:0.005010s ]
INFO: [ app_begin ] --END-- [ RunTime:0.005168s ]
NOTIC: [2] Invalid argument supplied for foreach() /data/www/web/OPSystem/Lib/Action/DockerAction.class.php 第 42 行.
INFO: [ view_parse ] --START--
NOTIC: [8] Undefined index: HostPort /data/www/web/OPSystem/Runtime/Cache/2e942e09fb2f5dd99d169b013c55e6e2.php 第 43 行.
INFO: ParseTemplate Behavior ::run [ RunTime:0.061399s ]
INFO: [ view_parse ] --END-- [ RunTime:0.061520s ]
INFO: [ view_filter ] --START--
INFO: ContentReplace Behavior ::run [ RunTime:0.004944s ]
INFO: TokenBuild Behavior ::run [ RunTime:0.004365s ]
INFO: WriteHtmlCache Behavior ::run [ RunTime:0.004687s ]
INFO: ShowRuntime Behavior ::run [ RunTime:0.004890s ]
INFO: [ view_filter ] --END-- [ RunTime:0.019274s ]
INFO: [ view_end ] --START--
INFO: ShowPageTrace Behavior ::run [ RunTime:0.005551s ]
INFO: [ view_end ] --END-- [ RunTime:0.005699s ]

[ 2016-03-31T10:50:34+08:00 ] 192.168.56.1 /Docker/clist.html
INFO: [ route_check ] --START--
INFO: CheckRoute Behavior ::run [ RunTime:0.008365s ]
INFO: [ route_check ] --END-- [ RunTime:0.008604s ]
INFO: [ app_begin ] --START--
INFO: ReadHtmlCache Behavior ::run [ RunTime:0.003796s ]
INFO: [ app_begin ] --END-- [ RunTime:0.003871s ]
INFO: [ view_parse ] --START--
INFO: ParseTemplate Behavior ::run [ RunTime:0.041739s ]
INFO: [ view_parse ] --END-- [ RunTime:0.041903s ]
INFO: [ view_filter ] --START--
INFO: ContentReplace Behavior ::run [ RunTime:0.005244s ]
INFO: TokenBuild Behavior ::run [ RunTime:0.003867s ]
INFO: WriteHtmlCache Behavior ::run [ RunTime:0.003474s ]
INFO: ShowRuntime Behavior ::run [ RunTime:0.004209s ]
INFO: [ view_filter ] --END-- [ RunTime:0.017136s ]
INFO: [ view_end ] --START--
INFO: ShowPageTrace Behavior ::run [ RunTime:0.004755s ]
INFO: [ view_end ] --END-- [ RunTime:0.004883s ]

[ 2016-03-31T11:18:45+08:00 ] 192.168.56.1 /Docker/clist.html
INFO: [ route_check ] --START--
INFO: CheckRoute Behavior ::run [ RunTime:0.005855s ]
INFO: [ route_check ] --END-- [ RunTime:0.006082s ]
INFO: [ app_begin ] --START--
INFO: ReadHtmlCache Behavior ::run [ RunTime:0.003287s ]
INFO: [ app_begin ] --END-- [ RunTime:0.003365s ]
INFO: [ view_parse ] --START--
INFO: ParseTemplate Behavior ::run [ RunTime:0.041270s ]
INFO: [ view_parse ] --END-- [ RunTime:0.041375s ]
INFO: [ view_filter ] --START--
INFO: ContentReplace Behavior ::run [ RunTime:0.002874s ]
INFO: TokenBuild Behavior ::run [ RunTime:0.002688s ]
INFO: WriteHtmlCache Behavior ::run [ RunTime:0.004014s ]
INFO: ShowRuntime Behavior ::run [ RunTime:0.003543s ]
INFO: [ view_filter ] --END-- [ RunTime:0.013455s ]
INFO: [ view_end ] --START--
INFO: ShowPageTrace Behavior ::run [ RunTime:0.003008s ]
INFO: [ view_end ] --END-- [ RunTime:0.003102s ]

[ 2016-03-31T13:13:59+08:00 ] 192.168.56.1 /Docker/clist.html
INFO: [ route_check ] --START--
INFO: CheckRoute Behavior ::run [ RunTime:0.003978s ]
INFO: [ route_check ] --END-- [ RunTime:0.004066s ]
INFO: [ app_begin ] --START--
INFO: ReadHtmlCache Behavior ::run [ RunTime:0.002957s ]
INFO: [ app_begin ] --END-- [ RunTime:0.003024s ]

[ 2016-03-31T13:14:00+08:00 ] 192.168.56.1 /Docker/clist.html
INFO: [ route_check ] --START--
INFO: CheckRoute Behavior ::run [ RunTime:0.006227s ]
INFO: [ route_check ] --END-- [ RunTime:0.006339s ]
INFO: [ app_begin ] --START--
INFO: ReadHtmlCache Behavior ::run [ RunTime:0.003342s ]
INFO: [ app_begin ] --END-- [ RunTime:0.003417s ]

[ 2016-03-31T13:14:04+08:00 ] 192.168.56.1 /Docker/clist.html
INFO: [ route_check ] --START--
INFO: CheckRoute Behavior ::run [ RunTime:0.004346s ]
INFO: [ route_check ] --END-- [ RunTime:0.004438s ]
INFO: [ app_begin ] --START--
INFO: ReadHtmlCache Behavior ::run [ RunTime:0.003345s ]
INFO: [ app_begin ] --END-- [ RunTime:0.003486s ]
INFO: [ view_parse ] --START--
INFO: ParseTemplate Behavior ::run [ RunTime:0.033792s ]
INFO: [ view_parse ] --END-- [ RunTime:0.033884s ]
INFO: [ view_filter ] --START--
INFO: ContentReplace Behavior ::run [ RunTime:0.003573s ]
INFO: TokenBuild Behavior ::run [ RunTime:0.003191s ]
INFO: WriteHtmlCache Behavior ::run [ RunTime:0.002506s ]
INFO: ShowRuntime Behavior ::run [ RunTime:0.002852s ]
INFO: [ view_filter ] --END-- [ RunTime:0.012317s ]
INFO: [ view_end ] --START--
INFO: ShowPageTrace Behavior ::run [ RunTime:0.003034s ]
INFO: [ view_end ] --END-- [ RunTime:0.003091s ]

[ 2016-03-31T13:14:05+08:00 ] 192.168.56.1 /Docker/clist.html
INFO: [ route_check ] --START--
INFO: CheckRoute Behavior ::run [ RunTime:0.004375s ]
INFO: [ route_check ] --END-- [ RunTime:0.004465s ]
INFO: [ app_begin ] --START--
INFO: ReadHtmlCache Behavior ::run [ RunTime:0.003271s ]
INFO: [ app_begin ] --END-- [ RunTime:0.003349s ]
INFO: [ view_parse ] --START--
INFO: ParseTemplate Behavior ::run [ RunTime:0.033774s ]
INFO: [ view_parse ] --END-- [ RunTime:0.033909s ]
INFO: [ view_filter ] --START--
INFO: ContentReplace Behavior ::run [ RunTime:0.002877s ]
INFO: TokenBuild Behavior ::run [ RunTime:0.002759s ]
INFO: WriteHtmlCache Behavior ::run [ RunTime:0.002518s ]
INFO: ShowRuntime Behavior ::run [ RunTime:0.002681s ]
INFO: [ view_filter ] --END-- [ RunTime:0.011020s ]
INFO: [ view_end ] --START--
INFO: ShowPageTrace Behavior ::run [ RunTime:0.002925s ]
INFO: [ view_end ] --END-- [ RunTime:0.003002s ]

[ 2016-03-31T13:14:06+08:00 ] 192.168.56.1 /Docker/clist.html
INFO: [ route_check ] --START--
INFO: CheckRoute Behavior ::run [ RunTime:0.003762s ]
INFO: [ route_check ] --END-- [ RunTime:0.003875s ]
INFO: [ app_begin ] --START--
INFO: ReadHtmlCache Behavior ::run [ RunTime:0.003569s ]
INFO: [ app_begin ] --END-- [ RunTime:0.003647s ]
INFO: [ view_parse ] --START--
INFO: ParseTemplate Behavior ::run [ RunTime:0.038778s ]
INFO: [ view_parse ] --END-- [ RunTime:0.038863s ]
INFO: [ view_filter ] --START--
INFO: ContentReplace Behavior ::run [ RunTime:0.003647s ]
INFO: TokenBuild Behavior ::run [ RunTime:0.002704s ]
INFO: WriteHtmlCache Behavior ::run [ RunTime:0.006997s ]
INFO: ShowRuntime Behavior ::run [ RunTime:0.002683s ]
INFO: [ view_filter ] --END-- [ RunTime:0.016240s ]
INFO: [ view_end ] --START--
INFO: ShowPageTrace Behavior ::run [ RunTime:0.003733s ]
INFO: [ view_end ] --END-- [ RunTime:0.003808s ]

[ 2016-03-31T15:12:12+08:00 ] 192.168.56.1 /
INFO: [ app_begin ] --START--
INFO: ReadHtmlCache Behavior ::run [ RunTime:0.004319s ]
INFO: [ app_begin ] --END-- [ RunTime:0.004463s ]

[ 2016-03-31T15:12:37+08:00 ] 192.168.56.1 /
INFO: [ app_begin ] --START--
INFO: ReadHtmlCache Behavior ::run [ RunTime:0.003813s ]
INFO: [ app_begin ] --END-- [ RunTime:0.003952s ]
INFO: [ view_parse ] --START--
NOTIC: [8] Undefined index: LOGINROLE /data/www/web/OPSystem/Runtime/Cache/ca144e3bf99edcfe323f2ff2af8ca902.php 第 13 行.
NOTIC: [8] Undefined index: LOGINUSER /data/www/web/OPSystem/Runtime/Cache/ca144e3bf99edcfe323f2ff2af8ca902.php 第 13 行.
INFO: ParseTemplate Behavior ::run [ RunTime:0.034686s ]
INFO: [ view_parse ] --END-- [ RunTime:0.034766s ]
INFO: [ view_filter ] --START--
INFO: ContentReplace Behavior ::run [ RunTime:0.003130s ]
INFO: TokenBuild Behavior ::run [ RunTime:0.003442s ]
INFO: WriteHtmlCache Behavior ::run [ RunTime:0.002949s ]
INFO: ShowRuntime Behavior ::run [ RunTime:0.003052s ]
INFO: [ view_filter ] --END-- [ RunTime:0.012794s ]
INFO: [ view_end ] --START--
INFO: ShowPageTrace Behavior ::run [ RunTime:0.005076s ]
INFO: [ view_end ] --END-- [ RunTime:0.005160s ]

[ 2016-03-31T15:12:39+08:00 ] 192.168.56.1 /Docker/clist.html
INFO: [ route_check ] --START--
INFO: CheckRoute Behavior ::run [ RunTime:0.003768s ]
INFO: [ route_check ] --END-- [ RunTime:0.003855s ]
INFO: [ app_begin ] --START--
INFO: ReadHtmlCache Behavior ::run [ RunTime:0.004349s ]
INFO: [ app_begin ] --END-- [ RunTime:0.004424s ]
INFO: [ view_parse ] --START--
INFO: ParseTemplate Behavior ::run [ RunTime:0.038161s ]
INFO: [ view_parse ] --END-- [ RunTime:0.038271s ]
INFO: [ view_filter ] --START--
INFO: ContentReplace Behavior ::run [ RunTime:0.002833s ]
INFO: TokenBuild Behavior ::run [ RunTime:0.003387s ]
INFO: WriteHtmlCache Behavior ::run [ RunTime:0.002820s ]
INFO: ShowRuntime Behavior ::run [ RunTime:0.002716s ]
INFO: [ view_filter ] --END-- [ RunTime:0.011975s ]
INFO: [ view_end ] --START--
INFO: ShowPageTrace Behavior ::run [ RunTime:0.002914s ]
INFO: [ view_end ] --END-- [ RunTime:0.002972s ]

[ 2016-03-31T15:12:40+08:00 ] 192.168.56.1 /Docker/clist.html
INFO: [ route_check ] --START--
INFO: CheckRoute Behavior ::run [ RunTime:0.003969s ]
INFO: [ route_check ] --END-- [ RunTime:0.004060s ]
INFO: [ app_begin ] --START--
INFO: ReadHtmlCache Behavior ::run [ RunTime:0.004189s ]
INFO: [ app_begin ] --END-- [ RunTime:0.004267s ]
INFO: [ view_parse ] --START--
INFO: ParseTemplate Behavior ::run [ RunTime:0.037848s ]
INFO: [ view_parse ] --END-- [ RunTime:0.037961s ]
INFO: [ view_filter ] --START--
INFO: ContentReplace Behavior ::run [ RunTime:0.006946s ]
INFO: TokenBuild Behavior ::run [ RunTime:0.004199s ]
INFO: WriteHtmlCache Behavior ::run [ RunTime:0.005139s ]
INFO: ShowRuntime Behavior ::run [ RunTime:0.007266s ]
INFO: [ view_filter ] --END-- [ RunTime:0.024045s ]
INFO: [ view_end ] --START--
INFO: ShowPageTrace Behavior ::run [ RunTime:0.004496s ]
INFO: [ view_end ] --END-- [ RunTime:0.004628s ]

[ 2016-03-31T15:14:08+08:00 ] 192.168.56.1 /Docker/clist.html
INFO: [ route_check ] --START--
INFO: CheckRoute Behavior ::run [ RunTime:0.003275s ]
INFO: [ route_check ] --END-- [ RunTime:0.003362s ]
INFO: [ app_begin ] --START--
INFO: ReadHtmlCache Behavior ::run [ RunTime:0.002535s ]
INFO: [ app_begin ] --END-- [ RunTime:0.002593s ]
INFO: [ view_parse ] --START--
INFO: ParseTemplate Behavior ::run [ RunTime:0.035548s ]
INFO: [ view_parse ] --END-- [ RunTime:0.035708s ]
INFO: [ view_filter ] --START--
INFO: ContentReplace Behavior ::run [ RunTime:0.004172s ]
INFO: TokenBuild Behavior ::run [ RunTime:0.003661s ]
INFO: WriteHtmlCache Behavior ::run [ RunTime:0.003697s ]
INFO: ShowRuntime Behavior ::run [ RunTime:0.004103s ]
INFO: [ view_filter ] --END-- [ RunTime:0.015906s ]
INFO: [ view_end ] --START--
INFO: ShowPageTrace Behavior ::run [ RunTime:0.003449s ]
INFO: [ view_end ] --END-- [ RunTime:0.003517s ]

[ 2016-03-31T15:29:59+08:00 ] 192.168.56.1 /Docker/clist.html
INFO: [ route_check ] --START--
INFO: CheckRoute Behavior ::run [ RunTime:0.004486s ]
INFO: [ route_check ] --END-- [ RunTime:0.004580s ]
INFO: [ app_begin ] --START--
INFO: ReadHtmlCache Behavior ::run [ RunTime:0.003202s ]
INFO: [ app_begin ] --END-- [ RunTime:0.003266s ]
INFO: [ view_parse ] --START--
INFO: ParseTemplate Behavior ::run [ RunTime:0.040083s ]
INFO: [ view_parse ] --END-- [ RunTime:0.040231s ]
INFO: [ view_filter ] --START--
INFO: ContentReplace Behavior ::run [ RunTime:0.003626s ]
INFO: TokenBuild Behavior ::run [ RunTime:0.003809s ]
INFO: WriteHtmlCache Behavior ::run [ RunTime:0.003318s ]
INFO: ShowRuntime Behavior ::run [ RunTime:0.003534s ]
INFO: [ view_filter ] --END-- [ RunTime:0.014547s ]
INFO: [ view_end ] --START--
INFO: ShowPageTrace Behavior ::run [ RunTime:0.006899s ]
INFO: [ view_end ] --END-- [ RunTime:0.007016s ]

[ 2016-03-31T15:30:00+08:00 ] 192.168.56.1 /Docker/clist.html
INFO: [ route_check ] --START--
INFO: CheckRoute Behavior ::run [ RunTime:0.004661s ]
INFO: [ route_check ] --END-- [ RunTime:0.004784s ]
INFO: [ app_begin ] --START--
INFO: ReadHtmlCache Behavior ::run [ RunTime:0.004345s ]
INFO: [ app_begin ] --END-- [ RunTime:0.004428s ]
INFO: [ view_parse ] --START--
INFO: ParseTemplate Behavior ::run [ RunTime:0.042217s ]
INFO: [ view_parse ] --END-- [ RunTime:0.042306s ]
INFO: [ view_filter ] --START--
INFO: ContentReplace Behavior ::run [ RunTime:0.004819s ]
INFO: TokenBuild Behavior ::run [ RunTime:0.004283s ]
INFO: WriteHtmlCache Behavior ::run [ RunTime:0.004140s ]
INFO: ShowRuntime Behavior ::run [ RunTime:0.004418s ]
INFO: [ view_filter ] --END-- [ RunTime:0.017990s ]
INFO: [ view_end ] --START--
INFO: ShowPageTrace Behavior ::run [ RunTime:0.007664s ]
INFO: [ view_end ] --END-- [ RunTime:0.007780s ]

[ 2016-03-31T15:30:01+08:00 ] 192.168.56.1 /Docker/clist.html
INFO: [ route_check ] --START--
INFO: CheckRoute Behavior ::run [ RunTime:0.003957s ]
INFO: [ route_check ] --END-- [ RunTime:0.004054s ]
INFO: [ app_begin ] --START--
INFO: ReadHtmlCache Behavior ::run [ RunTime:0.003524s ]
INFO: [ app_begin ] --END-- [ RunTime:0.003631s ]
INFO: [ view_parse ] --START--
INFO: ParseTemplate Behavior ::run [ RunTime:0.043254s ]
INFO: [ view_parse ] --END-- [ RunTime:0.043455s ]
INFO: [ view_filter ] --START--
INFO: ContentReplace Behavior ::run [ RunTime:0.004184s ]
INFO: TokenBuild Behavior ::run [ RunTime:0.003647s ]
INFO: WriteHtmlCache Behavior ::run [ RunTime:0.002763s ]
INFO: ShowRuntime Behavior ::run [ RunTime:0.003645s ]
INFO: [ view_filter ] --END-- [ RunTime:0.014491s ]
INFO: [ view_end ] --START--
INFO: ShowPageTrace Behavior ::run [ RunTime:0.005007s ]
INFO: [ view_end ] --END-- [ RunTime:0.005438s ]

[ 2016-03-31T15:30:01+08:00 ] 192.168.56.1 /Docker/clist.html
INFO: [ route_check ] --START--
INFO: CheckRoute Behavior ::run [ RunTime:0.005727s ]
INFO: [ route_check ] --END-- [ RunTime:0.005861s ]
INFO: [ app_begin ] --START--
INFO: ReadHtmlCache Behavior ::run [ RunTime:0.005038s ]
INFO: [ app_begin ] --END-- [ RunTime:0.005180s ]
INFO: [ view_parse ] --START--
INFO: ParseTemplate Behavior ::run [ RunTime:0.044976s ]
INFO: [ view_parse ] --END-- [ RunTime:0.045081s ]
INFO: [ view_filter ] --START--
INFO: ContentReplace Behavior ::run [ RunTime:0.003492s ]
INFO: TokenBuild Behavior ::run [ RunTime:0.004456s ]
INFO: WriteHtmlCache Behavior ::run [ RunTime:0.003822s ]
INFO: ShowRuntime Behavior ::run [ RunTime:0.004764s ]
INFO: [ view_filter ] --END-- [ RunTime:0.016802s ]
INFO: [ view_end ] --START--
INFO: ShowPageTrace Behavior ::run [ RunTime:0.009963s ]
INFO: [ view_end ] --END-- [ RunTime:0.010090s ]

[ 2016-03-31T15:30:03+08:00 ] 192.168.56.1 /Docker/clist.html
INFO: [ route_check ] --START--
INFO: CheckRoute Behavior ::run [ RunTime:0.004294s ]
INFO: [ route_check ] --END-- [ RunTime:0.004403s ]
INFO: [ app_begin ] --START--
INFO: ReadHtmlCache Behavior ::run [ RunTime:0.004207s ]
INFO: [ app_begin ] --END-- [ RunTime:0.004306s ]
INFO: [ view_parse ] --START--
INFO: ParseTemplate Behavior ::run [ RunTime:0.039877s ]
INFO: [ view_parse ] --END-- [ RunTime:0.039987s ]
INFO: [ view_filter ] --START--
INFO: ContentReplace Behavior ::run [ RunTime:0.003225s ]
INFO: TokenBuild Behavior ::run [ RunTime:0.003164s ]
INFO: WriteHtmlCache Behavior ::run [ RunTime:0.003018s ]
INFO: ShowRuntime Behavior ::run [ RunTime:0.003495s ]
INFO: [ view_filter ] --END-- [ RunTime:0.013114s ]
INFO: [ view_end ] --START--
INFO: ShowPageTrace Behavior ::run [ RunTime:0.006429s ]
INFO: [ view_end ] --END-- [ RunTime:0.006584s ]

[ 2016-03-31T15:30:07+08:00 ] 192.168.56.1 /Docker/clist.html
INFO: [ route_check ] --START--
INFO: CheckRoute Behavior ::run [ RunTime:0.003944s ]
INFO: [ route_check ] --END-- [ RunTime:0.004035s ]
INFO: [ app_begin ] --START--
INFO: ReadHtmlCache Behavior ::run [ RunTime:0.004332s ]
INFO: [ app_begin ] --END-- [ RunTime:0.004432s ]
INFO: [ view_parse ] --START--
INFO: ParseTemplate Behavior ::run [ RunTime:0.035578s ]
INFO: [ view_parse ] --END-- [ RunTime:0.035683s ]
INFO: [ view_filter ] --START--
INFO: ContentReplace Behavior ::run [ RunTime:0.002802s ]
INFO: TokenBuild Behavior ::run [ RunTime:0.002665s ]
INFO: WriteHtmlCache Behavior ::run [ RunTime:0.003073s ]
INFO: ShowRuntime Behavior ::run [ RunTime:0.003218s ]
INFO: [ view_filter ] --END-- [ RunTime:0.011961s ]
INFO: [ view_end ] --START--
INFO: ShowPageTrace Behavior ::run [ RunTime:0.004820s ]
INFO: [ view_end ] --END-- [ RunTime:0.004935s ]

[ 2016-03-31T15:30:36+08:00 ] 192.168.56.1 /Docker/clist.html
INFO: [ route_check ] --START--
INFO: CheckRoute Behavior ::run [ RunTime:0.003024s ]
INFO: [ route_check ] --END-- [ RunTime:0.003114s ]
INFO: [ app_begin ] --START--
INFO: ReadHtmlCache Behavior ::run [ RunTime:0.002502s ]
INFO: [ app_begin ] --END-- [ RunTime:0.002560s ]
INFO: [ view_parse ] --START--
INFO: ParseTemplate Behavior ::run [ RunTime:0.032046s ]
INFO: [ view_parse ] --END-- [ RunTime:0.032152s ]
INFO: [ view_filter ] --START--
INFO: ContentReplace Behavior ::run [ RunTime:0.002394s ]
INFO: TokenBuild Behavior ::run [ RunTime:0.002776s ]
INFO: WriteHtmlCache Behavior ::run [ RunTime:0.002608s ]
INFO: ShowRuntime Behavior ::run [ RunTime:0.002779s ]
INFO: [ view_filter ] --END-- [ RunTime:0.010755s ]
INFO: [ view_end ] --START--
INFO: ShowPageTrace Behavior ::run [ RunTime:0.004894s ]
INFO: [ view_end ] --END-- [ RunTime:0.005195s ]

[ 2016-03-31T15:31:42+08:00 ] 192.168.56.1 /Docker/clist.html
INFO: [ route_check ] --START--
INFO: CheckRoute Behavior ::run [ RunTime:0.004508s ]
INFO: [ route_check ] --END-- [ RunTime:0.004625s ]
INFO: [ app_begin ] --START--
INFO: ReadHtmlCache Behavior ::run [ RunTime:0.002663s ]
INFO: [ app_begin ] --END-- [ RunTime:0.002728s ]
INFO: [ view_parse ] --START--
INFO: ParseTemplate Behavior ::run [ RunTime:0.040458s ]
INFO: [ view_parse ] --END-- [ RunTime:0.040547s ]
INFO: [ view_filter ] --START--
INFO: ContentReplace Behavior ::run [ RunTime:0.003147s ]
INFO: TokenBuild Behavior ::run [ RunTime:0.002947s ]
INFO: WriteHtmlCache Behavior ::run [ RunTime:0.002877s ]
INFO: ShowRuntime Behavior ::run [ RunTime:0.002752s ]
INFO: [ view_filter ] --END-- [ RunTime:0.011948s ]
INFO: [ view_end ] --START--
INFO: ShowPageTrace Behavior ::run [ RunTime:0.004913s ]
INFO: [ view_end ] --END-- [ RunTime:0.005032s ]

[ 2016-03-31T15:31:43+08:00 ] 192.168.56.1 /Docker/clist.html
INFO: [ route_check ] --START--
INFO: CheckRoute Behavior ::run [ RunTime:0.002950s ]
INFO: [ route_check ] --END-- [ RunTime:0.003037s ]
INFO: [ app_begin ] --START--
INFO: ReadHtmlCache Behavior ::run [ RunTime:0.002537s ]
INFO: [ app_begin ] --END-- [ RunTime:0.002596s ]
INFO: [ view_parse ] --START--
INFO: ParseTemplate Behavior ::run [ RunTime:0.035605s ]
INFO: [ view_parse ] --END-- [ RunTime:0.035718s ]
INFO: [ view_filter ] --START--
INFO: ContentReplace Behavior ::run [ RunTime:0.002983s ]
INFO: TokenBuild Behavior ::run [ RunTime:0.002681s ]
INFO: WriteHtmlCache Behavior ::run [ RunTime:0.002835s ]
INFO: ShowRuntime Behavior ::run [ RunTime:0.003054s ]
INFO: [ view_filter ] --END-- [ RunTime:0.011759s ]
INFO: [ view_end ] --START--
INFO: ShowPageTrace Behavior ::run [ RunTime:0.005311s ]
INFO: [ view_end ] --END-- [ RunTime:0.005462s ]

[ 2016-03-31T15:32:14+08:00 ] 192.168.56.1 /Docker/clist.html
INFO: [ route_check ] --START--
INFO: CheckRoute Behavior ::run [ RunTime:0.004727s ]
INFO: [ route_check ] --END-- [ RunTime:0.004817s ]
INFO: [ app_begin ] --START--
INFO: ReadHtmlCache Behavior ::run [ RunTime:0.004158s ]
INFO: [ app_begin ] --END-- [ RunTime:0.004243s ]
INFO: [ view_parse ] --START--
NOTIC: [8] Undefined index: Zt /data/www/web/OPSystem/Runtime/Cache/1692275cbd0a67a991c5c0acd5063a9a.php 第 125 行.
NOTIC: [8] Undefined index: Zt /data/www/web/OPSystem/Runtime/Cache/1692275cbd0a67a991c5c0acd5063a9a.php 第 130 行.
INFO: ParseTemplate Behavior ::run [ RunTime:0.035102s ]
INFO: [ view_parse ] --END-- [ RunTime:0.035183s ]
INFO: [ view_filter ] --START--
INFO: ContentReplace Behavior ::run [ RunTime:0.002738s ]
INFO: TokenBuild Behavior ::run [ RunTime:0.003634s ]
INFO: WriteHtmlCache Behavior ::run [ RunTime:0.003168s ]
INFO: ShowRuntime Behavior ::run [ RunTime:0.003021s ]
INFO: [ view_filter ] --END-- [ RunTime:0.012796s ]
INFO: [ view_end ] --START--
INFO: ShowPageTrace Behavior ::run [ RunTime:0.007694s ]
INFO: [ view_end ] --END-- [ RunTime:0.007816s ]

[ 2016-03-31T15:32:15+08:00 ] 192.168.56.1 /Docker/clist.html
INFO: [ route_check ] --START--
INFO: CheckRoute Behavior ::run [ RunTime:0.004440s ]
INFO: [ route_check ] --END-- [ RunTime:0.004537s ]
INFO: [ app_begin ] --START--
INFO: ReadHtmlCache Behavior ::run [ RunTime:0.003155s ]
INFO: [ app_begin ] --END-- [ RunTime:0.003228s ]
INFO: [ view_parse ] --START--
INFO: ParseTemplate Behavior ::run [ RunTime:0.039034s ]
INFO: [ view_parse ] --END-- [ RunTime:0.039140s ]
INFO: [ view_filter ] --START--
INFO: ContentReplace Behavior ::run [ RunTime:0.003157s ]
INFO: TokenBuild Behavior ::run [ RunTime:0.003743s ]
INFO: WriteHtmlCache Behavior ::run [ RunTime:0.002955s ]
INFO: ShowRuntime Behavior ::run [ RunTime:0.003188s ]
INFO: [ view_filter ] --END-- [ RunTime:0.013312s ]
INFO: [ view_end ] --START--
INFO: ShowPageTrace Behavior ::run [ RunTime:0.005969s ]
INFO: [ view_end ] --END-- [ RunTime:0.006085s ]

[ 2016-03-31T15:32:18+08:00 ] 192.168.56.1 /Docker/detail/id/448bed0cf1db7a3e13f143b425912d02802767f0233ccb06ab69361905a7bb26.html
INFO: [ route_check ] --START--
INFO: CheckRoute Behavior ::run [ RunTime:0.003934s ]
INFO: [ route_check ] --END-- [ RunTime:0.004028s ]
INFO: [ app_begin ] --START--
INFO: ReadHtmlCache Behavior ::run [ RunTime:0.003257s ]
INFO: [ app_begin ] --END-- [ RunTime:0.003360s ]
NOTIC: [2] Invalid argument supplied for foreach() /data/www/web/OPSystem/Lib/Action/DockerAction.class.php 第 42 行.
NOTIC: [2] Invalid argument supplied for foreach() /data/www/web/OPSystem/Lib/Action/DockerAction.class.php 第 42 行.
INFO: [ view_parse ] --START--
NOTIC: [8] Undefined index: HostPort /data/www/web/OPSystem/Runtime/Cache/2e942e09fb2f5dd99d169b013c55e6e2.php 第 43 行.
NOTIC: [8] Undefined index: HostPort /data/www/web/OPSystem/Runtime/Cache/2e942e09fb2f5dd99d169b013c55e6e2.php 第 43 行.
INFO: ParseTemplate Behavior ::run [ RunTime:0.031942s ]
INFO: [ view_parse ] --END-- [ RunTime:0.032012s ]
INFO: [ view_filter ] --START--
INFO: ContentReplace Behavior ::run [ RunTime:0.002852s ]
INFO: TokenBuild Behavior ::run [ RunTime:0.002596s ]
INFO: WriteHtmlCache Behavior ::run [ RunTime:0.002694s ]
INFO: ShowRuntime Behavior ::run [ RunTime:0.002750s ]
INFO: [ view_filter ] --END-- [ RunTime:0.011070s ]
INFO: [ view_end ] --START--
INFO: ShowPageTrace Behavior ::run [ RunTime:0.003665s ]
INFO: [ view_end ] --END-- [ RunTime:0.003739s ]

[ 2016-03-31T15:32:22+08:00 ] 192.168.56.1 /Docker/detail/id/3bcd1d17327ce06061d7353738805b6e09a14fc4008be60dc9ae1874d00a5310.html
INFO: [ route_check ] --START--
INFO: CheckRoute Behavior ::run [ RunTime:0.005816s ]
INFO: [ route_check ] --END-- [ RunTime:0.005926s ]
INFO: [ app_begin ] --START--
INFO: ReadHtmlCache Behavior ::run [ RunTime:0.003337s ]
INFO: [ app_begin ] --END-- [ RunTime:0.003437s ]
INFO: [ view_parse ] --START--
INFO: ParseTemplate Behavior ::run [ RunTime:0.037502s ]
INFO: [ view_parse ] --END-- [ RunTime:0.037653s ]
INFO: [ view_filter ] --START--
INFO: ContentReplace Behavior ::run [ RunTime:0.002772s ]
INFO: TokenBuild Behavior ::run [ RunTime:0.002870s ]
INFO: WriteHtmlCache Behavior ::run [ RunTime:0.003993s ]
INFO: ShowRuntime Behavior ::run [ RunTime:0.003094s ]
INFO: [ view_filter ] --END-- [ RunTime:0.013137s ]
INFO: [ view_end ] --START--
INFO: ShowPageTrace Behavior ::run [ RunTime:0.003016s ]
INFO: [ view_end ] --END-- [ RunTime:0.003081s ]

[ 2016-03-31T15:32:25+08:00 ] 192.168.56.1 /Docker/detail/id/448bed0cf1db7a3e13f143b425912d02802767f0233ccb06ab69361905a7bb26.html
INFO: [ route_check ] --START--
INFO: CheckRoute Behavior ::run [ RunTime:0.004896s ]
INFO: [ route_check ] --END-- [ RunTime:0.005008s ]
INFO: [ app_begin ] --START--
INFO: ReadHtmlCache Behavior ::run [ RunTime:0.003510s ]
INFO: [ app_begin ] --END-- [ RunTime:0.003611s ]
NOTIC: [2] Invalid argument supplied for foreach() /data/www/web/OPSystem/Lib/Action/DockerAction.class.php 第 42 行.
NOTIC: [2] Invalid argument supplied for foreach() /data/www/web/OPSystem/Lib/Action/DockerAction.class.php 第 42 行.
INFO: [ view_parse ] --START--
NOTIC: [8] Undefined index: HostPort /data/www/web/OPSystem/Runtime/Cache/2e942e09fb2f5dd99d169b013c55e6e2.php 第 43 行.
NOTIC: [8] Undefined index: HostPort /data/www/web/OPSystem/Runtime/Cache/2e942e09fb2f5dd99d169b013c55e6e2.php 第 43 行.
INFO: ParseTemplate Behavior ::run [ RunTime:0.035004s ]
INFO: [ view_parse ] --END-- [ RunTime:0.035072s ]
INFO: [ view_filter ] --START--
INFO: ContentReplace Behavior ::run [ RunTime:0.004204s ]
INFO: TokenBuild Behavior ::run [ RunTime:0.004268s ]
INFO: WriteHtmlCache Behavior ::run [ RunTime:0.003302s ]
INFO: ShowRuntime Behavior ::run [ RunTime:0.003820s ]
INFO: [ view_filter ] --END-- [ RunTime:0.015886s ]
INFO: [ view_end ] --START--
INFO: ShowPageTrace Behavior ::run [ RunTime:0.004595s ]
INFO: [ view_end ] --END-- [ RunTime:0.004716s ]

[ 2016-03-31T15:32:27+08:00 ] 192.168.56.1 /Docker/detail/id/3bcd1d17327ce06061d7353738805b6e09a14fc4008be60dc9ae1874d00a5310.html
INFO: [ route_check ] --START--
INFO: CheckRoute Behavior ::run [ RunTime:0.003926s ]
INFO: [ route_check ] --END-- [ RunTime:0.004021s ]
INFO: [ app_begin ] --START--
INFO: ReadHtmlCache Behavior ::run [ RunTime:0.003389s ]
INFO: [ app_begin ] --END-- [ RunTime:0.003486s ]
INFO: [ view_parse ] --START--
INFO: ParseTemplate Behavior ::run [ RunTime:0.032550s ]
INFO: [ view_parse ] --END-- [ RunTime:0.032646s ]
INFO: [ view_filter ] --START--
INFO: ContentReplace Behavior ::run [ RunTime:0.003400s ]
INFO: TokenBuild Behavior ::run [ RunTime:0.002966s ]
INFO: WriteHtmlCache Behavior ::run [ RunTime:0.002945s ]
INFO: ShowRuntime Behavior ::run [ RunTime:0.003388s ]
INFO: [ view_filter ] --END-- [ RunTime:0.013048s ]
INFO: [ view_end ] --START--
INFO: ShowPageTrace Behavior ::run [ RunTime:0.003021s ]
INFO: [ view_end ] --END-- [ RunTime:0.003077s ]

[ 2016-03-31T15:32:32+08:00 ] 192.168.56.1 /Docker/clist.html
INFO: [ route_check ] --START--
INFO: CheckRoute Behavior ::run [ RunTime:0.004047s ]
INFO: [ route_check ] --END-- [ RunTime:0.004167s ]
INFO: [ app_begin ] --START--
INFO: ReadHtmlCache Behavior ::run [ RunTime:0.002641s ]
INFO: [ app_begin ] --END-- [ RunTime:0.002700s ]
INFO: [ view_parse ] --START--
INFO: ParseTemplate Behavior ::run [ RunTime:0.036335s ]
INFO: [ view_parse ] --END-- [ RunTime:0.036448s ]
INFO: [ view_filter ] --START--
INFO: ContentReplace Behavior ::run [ RunTime:0.003292s ]
INFO: TokenBuild Behavior ::run [ RunTime:0.004213s ]
INFO: WriteHtmlCache Behavior ::run [ RunTime:0.003272s ]
INFO: ShowRuntime Behavior ::run [ RunTime:0.003463s ]
INFO: [ view_filter ] --END-- [ RunTime:0.014474s ]
INFO: [ view_end ] --START--
INFO: ShowPageTrace Behavior ::run [ RunTime:0.004913s ]
INFO: [ view_end ] --END-- [ RunTime:0.005039s ]

[ 2016-03-31T15:32:33+08:00 ] 192.168.56.1 /Docker/detail/id/448bed0cf1db7a3e13f143b425912d02802767f0233ccb06ab69361905a7bb26.html
INFO: [ route_check ] --START--
INFO: CheckRoute Behavior ::run [ RunTime:0.003196s ]
INFO: [ route_check ] --END-- [ RunTime:0.003305s ]
INFO: [ app_begin ] --START--
INFO: ReadHtmlCache Behavior ::run [ RunTime:0.002699s ]
INFO: [ app_begin ] --END-- [ RunTime:0.002767s ]
NOTIC: [2] Invalid argument supplied for foreach() /data/www/web/OPSystem/Lib/Action/DockerAction.class.php 第 42 行.
NOTIC: [2] Invalid argument supplied for foreach() /data/www/web/OPSystem/Lib/Action/DockerAction.class.php 第 42 行.
INFO: [ view_parse ] --START--
NOTIC: [8] Undefined index: HostPort /data/www/web/OPSystem/Runtime/Cache/2e942e09fb2f5dd99d169b013c55e6e2.php 第 43 行.
NOTIC: [8] Undefined index: HostPort /data/www/web/OPSystem/Runtime/Cache/2e942e09fb2f5dd99d169b013c55e6e2.php 第 43 行.
INFO: ParseTemplate Behavior ::run [ RunTime:0.032689s ]
INFO: [ view_parse ] --END-- [ RunTime:0.032759s ]
INFO: [ view_filter ] --START--
INFO: ContentReplace Behavior ::run [ RunTime:0.003334s ]
INFO: TokenBuild Behavior ::run [ RunTime:0.004215s ]
INFO: WriteHtmlCache Behavior ::run [ RunTime:0.003251s ]
INFO: ShowRuntime Behavior ::run [ RunTime:0.005066s ]
INFO: [ view_filter ] --END-- [ RunTime:0.016172s ]
INFO: [ view_end ] --START--
INFO: ShowPageTrace Behavior ::run [ RunTime:0.005239s ]
INFO: [ view_end ] --END-- [ RunTime:0.005325s ]

[ 2016-03-31T15:32:37+08:00 ] 192.168.56.1 /Pureftpd/serverlist.html
INFO: [ route_check ] --START--
INFO: CheckRoute Behavior ::run [ RunTime:0.002851s ]
INFO: [ route_check ] --END-- [ RunTime:0.002936s ]
INFO: [ app_begin ] --START--
INFO: ReadHtmlCache Behavior ::run [ RunTime:0.002567s ]
INFO: [ app_begin ] --END-- [ RunTime:0.002629s ]
SQL: SHOW COLUMNS FROM `server` [ RunTime:0.000999s ]
SQL: SELECT COUNT(*) AS tp_count FROM `server` LIMIT 1   [ RunTime:0.000573s ]
SQL: SELECT * FROM `server` ORDER BY id LIMIT 0,15   [ RunTime:0.000782s ]
INFO: [ view_parse ] --START--
INFO: ParseTemplate Behavior ::run [ RunTime:0.033511s ]
INFO: [ view_parse ] --END-- [ RunTime:0.033594s ]
INFO: [ view_filter ] --START--
INFO: ContentReplace Behavior ::run [ RunTime:0.002851s ]
INFO: TokenBuild Behavior ::run [ RunTime:0.003499s ]
INFO: WriteHtmlCache Behavior ::run [ RunTime:0.003170s ]
INFO: ShowRuntime Behavior ::run [ RunTime:0.002868s ]
INFO: [ view_filter ] --END-- [ RunTime:0.012653s ]
INFO: [ view_end ] --START--
INFO: ShowPageTrace Behavior ::run [ RunTime:0.003243s ]
INFO: [ view_end ] --END-- [ RunTime:0.003306s ]

[ 2016-03-31T15:32:42+08:00 ] 192.168.56.1 /Pureftpd/serverlist.html
INFO: [ route_check ] --START--
INFO: CheckRoute Behavior ::run [ RunTime:0.003423s ]
INFO: [ route_check ] --END-- [ RunTime:0.003595s ]
INFO: [ app_begin ] --START--
INFO: ReadHtmlCache Behavior ::run [ RunTime:0.003338s ]
INFO: [ app_begin ] --END-- [ RunTime:0.003443s ]
SQL: SHOW COLUMNS FROM `server` [ RunTime:0.001066s ]
SQL: SELECT COUNT(*) AS tp_count FROM `server` LIMIT 1   [ RunTime:0.000704s ]
SQL: SELECT * FROM `server` ORDER BY id LIMIT 0,15   [ RunTime:0.001167s ]
INFO: [ view_parse ] --START--
INFO: ParseTemplate Behavior ::run [ RunTime:0.029196s ]
INFO: [ view_parse ] --END-- [ RunTime:0.029294s ]
INFO: [ view_filter ] --START--
INFO: ContentReplace Behavior ::run [ RunTime:0.002642s ]
INFO: TokenBuild Behavior ::run [ RunTime:0.002773s ]
INFO: WriteHtmlCache Behavior ::run [ RunTime:0.002098s ]
INFO: ShowRuntime Behavior ::run [ RunTime:0.002452s ]
INFO: [ view_filter ] --END-- [ RunTime:0.010185s ]
INFO: [ view_end ] --START--
INFO: ShowPageTrace Behavior ::run [ RunTime:0.002501s ]
INFO: [ view_end ] --END-- [ RunTime:0.002558s ]

[ 2016-03-31T15:32:43+08:00 ] 192.168.56.1 /Pureftpd/serverlist.html
INFO: [ route_check ] --START--
INFO: CheckRoute Behavior ::run [ RunTime:0.002772s ]
INFO: [ route_check ] --END-- [ RunTime:0.002856s ]
INFO: [ app_begin ] --START--
INFO: ReadHtmlCache Behavior ::run [ RunTime:0.002447s ]
INFO: [ app_begin ] --END-- [ RunTime:0.002507s ]
SQL: SHOW COLUMNS FROM `server` [ RunTime:0.003114s ]
SQL: SELECT COUNT(*) AS tp_count FROM `server` LIMIT 1   [ RunTime:0.001342s ]
SQL: SELECT * FROM `server` ORDER BY id LIMIT 0,15   [ RunTime:0.000831s ]
INFO: [ view_parse ] --START--
INFO: ParseTemplate Behavior ::run [ RunTime:0.035225s ]
INFO: [ view_parse ] --END-- [ RunTime:0.035308s ]
INFO: [ view_filter ] --START--
INFO: ContentReplace Behavior ::run [ RunTime:0.003604s ]
INFO: TokenBuild Behavior ::run [ RunTime:0.003232s ]
INFO: WriteHtmlCache Behavior ::run [ RunTime:0.003564s ]
INFO: ShowRuntime Behavior ::run [ RunTime:0.005720s ]
INFO: [ view_filter ] --END-- [ RunTime:0.016469s ]
INFO: [ view_end ] --START--
INFO: ShowPageTrace Behavior ::run [ RunTime:0.003368s ]
INFO: [ view_end ] --END-- [ RunTime:0.003432s ]

[ 2016-03-31T15:32:45+08:00 ] 192.168.56.1 /Docker/clist.html
INFO: [ route_check ] --START--
INFO: CheckRoute Behavior ::run [ RunTime:0.002781s ]
INFO: [ route_check ] --END-- [ RunTime:0.002864s ]
INFO: [ app_begin ] --START--
INFO: ReadHtmlCache Behavior ::run [ RunTime:0.004172s ]
INFO: [ app_begin ] --END-- [ RunTime:0.004273s ]
INFO: [ view_parse ] --START--
INFO: ParseTemplate Behavior ::run [ RunTime:0.034575s ]
INFO: [ view_parse ] --END-- [ RunTime:0.034666s ]
INFO: [ view_filter ] --START--
INFO: ContentReplace Behavior ::run [ RunTime:0.004085s ]
INFO: TokenBuild Behavior ::run [ RunTime:0.002879s ]
INFO: WriteHtmlCache Behavior ::run [ RunTime:0.003664s ]
INFO: ShowRuntime Behavior ::run [ RunTime:0.003631s ]
INFO: [ view_filter ] --END-- [ RunTime:0.014498s ]
INFO: [ view_end ] --START--
INFO: ShowPageTrace Behavior ::run [ RunTime:0.006809s ]
INFO: [ view_end ] --END-- [ RunTime:0.006937s ]

[ 2016-03-31T15:32:54+08:00 ] 192.168.56.1 /Docker/clist.html
INFO: [ route_check ] --START--
INFO: CheckRoute Behavior ::run [ RunTime:0.002854s ]
INFO: [ route_check ] --END-- [ RunTime:0.002960s ]
INFO: [ app_begin ] --START--
INFO: ReadHtmlCache Behavior ::run [ RunTime:0.002408s ]
INFO: [ app_begin ] --END-- [ RunTime:0.002466s ]
INFO: [ view_parse ] --START--
INFO: ParseTemplate Behavior ::run [ RunTime:0.052001s ]
INFO: [ view_parse ] --END-- [ RunTime:0.052106s ]
INFO: [ view_filter ] --START--
INFO: ContentReplace Behavior ::run [ RunTime:0.003750s ]
INFO: TokenBuild Behavior ::run [ RunTime:0.004297s ]
INFO: WriteHtmlCache Behavior ::run [ RunTime:0.004263s ]
INFO: ShowRuntime Behavior ::run [ RunTime:0.004604s ]
INFO: [ view_filter ] --END-- [ RunTime:0.017221s ]
INFO: [ view_end ] --START--
INFO: ShowPageTrace Behavior ::run [ RunTime:0.017930s ]
INFO: [ view_end ] --END-- [ RunTime:0.018058s ]

[ 2016-03-31T15:33:04+08:00 ] 192.168.56.1 /Docker/clist.html
INFO: [ route_check ] --START--
INFO: CheckRoute Behavior ::run [ RunTime:0.003780s ]
INFO: [ route_check ] --END-- [ RunTime:0.003896s ]
INFO: [ app_begin ] --START--
INFO: ReadHtmlCache Behavior ::run [ RunTime:0.003317s ]
INFO: [ app_begin ] --END-- [ RunTime:0.003388s ]
INFO: [ view_parse ] --START--
NOTIC: [8] Undefined index: Zt /data/www/web/OPSystem/Runtime/Cache/1692275cbd0a67a991c5c0acd5063a9a.php 第 125 行.
NOTIC: [8] Undefined index: Zt /data/www/web/OPSystem/Runtime/Cache/1692275cbd0a67a991c5c0acd5063a9a.php 第 130 行.
INFO: ParseTemplate Behavior ::run [ RunTime:0.033775s ]
INFO: [ view_parse ] --END-- [ RunTime:0.033854s ]
INFO: [ view_filter ] --START--
INFO: ContentReplace Behavior ::run [ RunTime:0.003205s ]
INFO: TokenBuild Behavior ::run [ RunTime:0.002789s ]
INFO: WriteHtmlCache Behavior ::run [ RunTime:0.002804s ]
INFO: ShowRuntime Behavior ::run [ RunTime:0.003308s ]
INFO: [ view_filter ] --END-- [ RunTime:0.012422s ]
INFO: [ view_end ] --START--
INFO: ShowPageTrace Behavior ::run [ RunTime:0.005007s ]
INFO: [ view_end ] --END-- [ RunTime:0.005135s ]

[ 2016-03-31T15:33:05+08:00 ] 192.168.56.1 /Docker/clist.html
INFO: [ route_check ] --START--
INFO: CheckRoute Behavior ::run [ RunTime:0.002847s ]
INFO: [ route_check ] --END-- [ RunTime:0.002932s ]
INFO: [ app_begin ] --START--
INFO: ReadHtmlCache Behavior ::run [ RunTime:0.003435s ]
INFO: [ app_begin ] --END-- [ RunTime:0.003508s ]
INFO: [ view_parse ] --START--
NOTIC: [8] Undefined index: Zt /data/www/web/OPSystem/Runtime/Cache/1692275cbd0a67a991c5c0acd5063a9a.php 第 125 行.
NOTIC: [8] Undefined index: Zt /data/www/web/OPSystem/Runtime/Cache/1692275cbd0a67a991c5c0acd5063a9a.php 第 130 行.
INFO: ParseTemplate Behavior ::run [ RunTime:0.036069s ]
INFO: [ view_parse ] --END-- [ RunTime:0.036300s ]
INFO: [ view_filter ] --START--
INFO: ContentReplace Behavior ::run [ RunTime:0.003396s ]
INFO: TokenBuild Behavior ::run [ RunTime:0.002766s ]
INFO: WriteHtmlCache Behavior ::run [ RunTime:0.004338s ]
INFO: ShowRuntime Behavior ::run [ RunTime:0.004526s ]
INFO: [ view_filter ] --END-- [ RunTime:0.015723s ]
INFO: [ view_end ] --START--
INFO: ShowPageTrace Behavior ::run [ RunTime:0.005731s ]
INFO: [ view_end ] --END-- [ RunTime:0.005853s ]

[ 2016-03-31T15:33:08+08:00 ] 192.168.56.1 /Docker/clist.html
INFO: [ route_check ] --START--
INFO: CheckRoute Behavior ::run [ RunTime:0.002774s ]
INFO: [ route_check ] --END-- [ RunTime:0.002859s ]
INFO: [ app_begin ] --START--
INFO: ReadHtmlCache Behavior ::run [ RunTime:0.002478s ]
INFO: [ app_begin ] --END-- [ RunTime:0.002534s ]
INFO: [ view_parse ] --START--
INFO: ParseTemplate Behavior ::run [ RunTime:0.029521s ]
INFO: [ view_parse ] --END-- [ RunTime:0.029612s ]
INFO: [ view_filter ] --START--
INFO: ContentReplace Behavior ::run [ RunTime:0.002275s ]
INFO: TokenBuild Behavior ::run [ RunTime:0.002150s ]
INFO: WriteHtmlCache Behavior ::run [ RunTime:0.002533s ]
INFO: ShowRuntime Behavior ::run [ RunTime:0.002673s ]
INFO: [ view_filter ] --END-- [ RunTime:0.009849s ]
INFO: [ view_end ] --START--
INFO: ShowPageTrace Behavior ::run [ RunTime:0.004062s ]
INFO: [ view_end ] --END-- [ RunTime:0.004237s ]

[ 2016-03-31T15:33:09+08:00 ] 192.168.56.1 /Docker/clist.html
INFO: [ route_check ] --START--
INFO: CheckRoute Behavior ::run [ RunTime:0.003060s ]
INFO: [ route_check ] --END-- [ RunTime:0.003200s ]
INFO: [ app_begin ] --START--
INFO: ReadHtmlCache Behavior ::run [ RunTime:0.002808s ]
INFO: [ app_begin ] --END-- [ RunTime:0.002879s ]
INFO: [ view_parse ] --START--
INFO: ParseTemplate Behavior ::run [ RunTime:0.039437s ]
INFO: [ view_parse ] --END-- [ RunTime:0.039525s ]
INFO: [ view_filter ] --START--
INFO: ContentReplace Behavior ::run [ RunTime:0.002848s ]
INFO: TokenBuild Behavior ::run [ RunTime:0.002930s ]
INFO: WriteHtmlCache Behavior ::run [ RunTime:0.004126s ]
INFO: ShowRuntime Behavior ::run [ RunTime:0.003426s ]
INFO: [ view_filter ] --END-- [ RunTime:0.013577s ]
INFO: [ view_end ] --START--
INFO: ShowPageTrace Behavior ::run [ RunTime:0.005829s ]
INFO: [ view_end ] --END-- [ RunTime:0.005981s ]

[ 2016-03-31T15:37:29+08:00 ] 192.168.56.1 /Docker/clist.html
INFO: [ route_check ] --START--
INFO: CheckRoute Behavior ::run [ RunTime:0.003719s ]
INFO: [ route_check ] --END-- [ RunTime:0.003805s ]
INFO: [ app_begin ] --START--
INFO: ReadHtmlCache Behavior ::run [ RunTime:0.005079s ]
INFO: [ app_begin ] --END-- [ RunTime:0.005288s ]
INFO: [ view_parse ] --START--
INFO: ParseTemplate Behavior ::run [ RunTime:0.036056s ]
INFO: [ view_parse ] --END-- [ RunTime:0.036148s ]
INFO: [ view_filter ] --START--
INFO: ContentReplace Behavior ::run [ RunTime:0.003046s ]
INFO: TokenBuild Behavior ::run [ RunTime:0.002648s ]
INFO: WriteHtmlCache Behavior ::run [ RunTime:0.002617s ]
INFO: ShowRuntime Behavior ::run [ RunTime:0.002693s ]
INFO: [ view_filter ] --END-- [ RunTime:0.011182s ]
INFO: [ view_end ] --START--
INFO: ShowPageTrace Behavior ::run [ RunTime:0.005183s ]
INFO: [ view_end ] --END-- [ RunTime:0.005314s ]

[ 2016-03-31T15:38:01+08:00 ] 192.168.56.1 /Docker/clist.html
INFO: [ route_check ] --START--
INFO: CheckRoute Behavior ::run [ RunTime:0.005438s ]
INFO: [ route_check ] --END-- [ RunTime:0.005553s ]
INFO: [ app_begin ] --START--
INFO: ReadHtmlCache Behavior ::run [ RunTime:0.003243s ]
INFO: [ app_begin ] --END-- [ RunTime:0.003314s ]
INFO: [ view_parse ] --START--
INFO: ParseTemplate Behavior ::run [ RunTime:0.036308s ]
INFO: [ view_parse ] --END-- [ RunTime:0.036397s ]
INFO: [ view_filter ] --START--
INFO: ContentReplace Behavior ::run [ RunTime:0.002957s ]
INFO: TokenBuild Behavior ::run [ RunTime:0.003293s ]
INFO: WriteHtmlCache Behavior ::run [ RunTime:0.003770s ]
INFO: ShowRuntime Behavior ::run [ RunTime:0.003674s ]
INFO: [ view_filter ] --END-- [ RunTime:0.013952s ]
INFO: [ view_end ] --START--
INFO: ShowPageTrace Behavior ::run [ RunTime:0.005787s ]
INFO: [ view_end ] --END-- [ RunTime:0.006121s ]

[ 2016-03-31T15:38:02+08:00 ] 192.168.56.1 /Docker/clist.html
INFO: [ route_check ] --START--
INFO: CheckRoute Behavior ::run [ RunTime:0.004301s ]
INFO: [ route_check ] --END-- [ RunTime:0.004408s ]
INFO: [ app_begin ] --START--
INFO: ReadHtmlCache Behavior ::run [ RunTime:0.003159s ]
INFO: [ app_begin ] --END-- [ RunTime:0.003229s ]
INFO: [ view_parse ] --START--
INFO: ParseTemplate Behavior ::run [ RunTime:0.035928s ]
INFO: [ view_parse ] --END-- [ RunTime:0.036084s ]
INFO: [ view_filter ] --START--
INFO: ContentReplace Behavior ::run [ RunTime:0.002930s ]
INFO: TokenBuild Behavior ::run [ RunTime:0.002738s ]
INFO: WriteHtmlCache Behavior ::run [ RunTime:0.002858s ]
INFO: ShowRuntime Behavior ::run [ RunTime:0.003531s ]
INFO: [ view_filter ] --END-- [ RunTime:0.012247s ]
INFO: [ view_end ] --START--
INFO: ShowPageTrace Behavior ::run [ RunTime:0.007140s ]
INFO: [ view_end ] --END-- [ RunTime:0.007290s ]

[ 2016-03-31T15:38:04+08:00 ] 192.168.56.1 /Docker/reposlist.html
INFO: [ route_check ] --START--
INFO: CheckRoute Behavior ::run [ RunTime:0.003866s ]
INFO: [ route_check ] --END-- [ RunTime:0.003973s ]
INFO: [ app_begin ] --START--
INFO: ReadHtmlCache Behavior ::run [ RunTime:0.003104s ]
INFO: [ app_begin ] --END-- [ RunTime:0.003204s ]
INFO: [ view_parse ] --START--
INFO: ParseTemplate Behavior ::run [ RunTime:0.030717s ]
INFO: [ view_parse ] --END-- [ RunTime:0.030840s ]
INFO: [ view_filter ] --START--
INFO: ContentReplace Behavior ::run [ RunTime:0.002875s ]
INFO: TokenBuild Behavior ::run [ RunTime:0.002729s ]
INFO: WriteHtmlCache Behavior ::run [ RunTime:0.002546s ]
INFO: ShowRuntime Behavior ::run [ RunTime:0.002756s ]
INFO: [ view_filter ] --END-- [ RunTime:0.011124s ]
INFO: [ view_end ] --START--
INFO: ShowPageTrace Behavior ::run [ RunTime:0.002979s ]
INFO: [ view_end ] --END-- [ RunTime:0.003034s ]

[ 2016-03-31T15:38:05+08:00 ] 192.168.56.1 /Docker/clist.html
INFO: [ route_check ] --START--
INFO: CheckRoute Behavior ::run [ RunTime:0.003645s ]
INFO: [ route_check ] --END-- [ RunTime:0.003758s ]
INFO: [ app_begin ] --START--
INFO: ReadHtmlCache Behavior ::run [ RunTime:0.005072s ]
INFO: [ app_begin ] --END-- [ RunTime:0.005210s ]
INFO: [ view_parse ] --START--
INFO: ParseTemplate Behavior ::run [ RunTime:0.035171s ]
INFO: [ view_parse ] --END-- [ RunTime:0.035266s ]
INFO: [ view_filter ] --START--
INFO: ContentReplace Behavior ::run [ RunTime:0.002968s ]
INFO: TokenBuild Behavior ::run [ RunTime:0.002587s ]
INFO: WriteHtmlCache Behavior ::run [ RunTime:0.002445s ]
INFO: ShowRuntime Behavior ::run [ RunTime:0.003890s ]
INFO: [ view_filter ] --END-- [ RunTime:0.012106s ]
INFO: [ view_end ] --START--
INFO: ShowPageTrace Behavior ::run [ RunTime:0.005639s ]
INFO: [ view_end ] --END-- [ RunTime:0.005797s ]

[ 2016-03-31T15:38:06+08:00 ] 192.168.56.1 /Docker/reposlist.html
INFO: [ route_check ] --START--
INFO: CheckRoute Behavior ::run [ RunTime:0.003855s ]
INFO: [ route_check ] --END-- [ RunTime:0.003945s ]
INFO: [ app_begin ] --START--
INFO: ReadHtmlCache Behavior ::run [ RunTime:0.002998s ]
INFO: [ app_begin ] --END-- [ RunTime:0.003062s ]
INFO: [ view_parse ] --START--
INFO: ParseTemplate Behavior ::run [ RunTime:0.032189s ]
INFO: [ view_parse ] --END-- [ RunTime:0.032329s ]
INFO: [ view_filter ] --START--
INFO: ContentReplace Behavior ::run [ RunTime:0.002698s ]
INFO: TokenBuild Behavior ::run [ RunTime:0.002976s ]
INFO: WriteHtmlCache Behavior ::run [ RunTime:0.003510s ]
INFO: ShowRuntime Behavior ::run [ RunTime:0.003230s ]
INFO: [ view_filter ] --END-- [ RunTime:0.012629s ]
INFO: [ view_end ] --START--
INFO: ShowPageTrace Behavior ::run [ RunTime:0.003336s ]
INFO: [ view_end ] --END-- [ RunTime:0.003396s ]

[ 2016-03-31T15:38:07+08:00 ] 192.168.56.1 /Docker/clist.html
INFO: [ route_check ] --START--
INFO: CheckRoute Behavior ::run [ RunTime:0.002982s ]
INFO: [ route_check ] --END-- [ RunTime:0.003071s ]
INFO: [ app_begin ] --START--
INFO: ReadHtmlCache Behavior ::run [ RunTime:0.003363s ]
INFO: [ app_begin ] --END-- [ RunTime:0.003528s ]
INFO: [ view_parse ] --START--
INFO: ParseTemplate Behavior ::run [ RunTime:0.032437s ]
INFO: [ view_parse ] --END-- [ RunTime:0.032616s ]
INFO: [ view_filter ] --START--
INFO: ContentReplace Behavior ::run [ RunTime:0.002976s ]
INFO: TokenBuild Behavior ::run [ RunTime:0.003298s ]
INFO: WriteHtmlCache Behavior ::run [ RunTime:0.002706s ]
INFO: ShowRuntime Behavior ::run [ RunTime:0.002662s ]
INFO: [ view_filter ] --END-- [ RunTime:0.011896s ]
INFO: [ view_end ] --START--
INFO: ShowPageTrace Behavior ::run [ RunTime:0.008308s ]
INFO: [ view_end ] --END-- [ RunTime:0.008432s ]

[ 2016-03-31T15:38:09+08:00 ] 192.168.56.1 /Docker/clist.html
INFO: [ route_check ] --START--
INFO: CheckRoute Behavior ::run [ RunTime:0.002805s ]
INFO: [ route_check ] --END-- [ RunTime:0.002890s ]
INFO: [ app_begin ] --START--
INFO: ReadHtmlCache Behavior ::run [ RunTime:0.002516s ]
INFO: [ app_begin ] --END-- [ RunTime:0.002574s ]
INFO: [ view_parse ] --START--
INFO: ParseTemplate Behavior ::run [ RunTime:0.035022s ]
INFO: [ view_parse ] --END-- [ RunTime:0.035114s ]
INFO: [ view_filter ] --START--
INFO: ContentReplace Behavior ::run [ RunTime:0.002642s ]
INFO: TokenBuild Behavior ::run [ RunTime:0.003503s ]
INFO: WriteHtmlCache Behavior ::run [ RunTime:0.003098s ]
INFO: ShowRuntime Behavior ::run [ RunTime:0.004454s ]
INFO: [ view_filter ] --END-- [ RunTime:0.014142s ]
INFO: [ view_end ] --START--
INFO: ShowPageTrace Behavior ::run [ RunTime:0.005807s ]
INFO: [ view_end ] --END-- [ RunTime:0.005942s ]

[ 2016-03-31T15:38:30+08:00 ] 192.168.56.1 /Docker/clist.html
INFO: [ route_check ] --START--
INFO: CheckRoute Behavior ::run [ RunTime:0.002939s ]
INFO: [ route_check ] --END-- [ RunTime:0.003039s ]
INFO: [ app_begin ] --START--
INFO: ReadHtmlCache Behavior ::run [ RunTime:0.002548s ]
INFO: [ app_begin ] --END-- [ RunTime:0.002629s ]
INFO: [ view_parse ] --START--
INFO: ParseTemplate Behavior ::run [ RunTime:0.033517s ]
INFO: [ view_parse ] --END-- [ RunTime:0.033620s ]
INFO: [ view_filter ] --START--
INFO: ContentReplace Behavior ::run [ RunTime:0.002736s ]
INFO: TokenBuild Behavior ::run [ RunTime:0.002763s ]
INFO: WriteHtmlCache Behavior ::run [ RunTime:0.002626s ]
INFO: ShowRuntime Behavior ::run [ RunTime:0.002760s ]
INFO: [ view_filter ] --END-- [ RunTime:0.011085s ]
INFO: [ view_end ] --START--
INFO: ShowPageTrace Behavior ::run [ RunTime:0.003265s ]
INFO: [ view_end ] --END-- [ RunTime:0.003355s ]

[ 2016-03-31T15:38:38+08:00 ] 192.168.56.1 /Docker/del.html?id=875ed504ca5b140b1d3d43f55dde196bb0bea371d47f8c0d546231a9245b2942
INFO: [ route_check ] --START--
INFO: CheckRoute Behavior ::run [ RunTime:0.003054s ]
INFO: [ route_check ] --END-- [ RunTime:0.003164s ]
INFO: [ app_begin ] --START--
INFO: ReadHtmlCache Behavior ::run [ RunTime:0.002564s ]
INFO: [ app_begin ] --END-- [ RunTime:0.002622s ]
NOTIC: [8] Undefined variable: volumes /data/www/web/OPSystem/Lib/Model/DockerModel.class.php 第 42 行.

[ 2016-03-31T15:38:40+08:00 ] 192.168.56.1 /Docker/clist.html
INFO: [ route_check ] --START--
INFO: CheckRoute Behavior ::run [ RunTime:0.003129s ]
INFO: [ route_check ] --END-- [ RunTime:0.003224s ]
INFO: [ app_begin ] --START--
INFO: ReadHtmlCache Behavior ::run [ RunTime:0.003383s ]
INFO: [ app_begin ] --END-- [ RunTime:0.003465s ]
INFO: [ view_parse ] --START--
INFO: ParseTemplate Behavior ::run [ RunTime:0.031787s ]
INFO: [ view_parse ] --END-- [ RunTime:0.032026s ]
INFO: [ view_filter ] --START--
INFO: ContentReplace Behavior ::run [ RunTime:0.003808s ]
INFO: TokenBuild Behavior ::run [ RunTime:0.003092s ]
INFO: WriteHtmlCache Behavior ::run [ RunTime:0.002490s ]
INFO: ShowRuntime Behavior ::run [ RunTime:0.003420s ]
INFO: [ view_filter ] --END-- [ RunTime:0.013109s ]
INFO: [ view_end ] --START--
INFO: ShowPageTrace Behavior ::run [ RunTime:0.004638s ]
INFO: [ view_end ] --END-- [ RunTime:0.004762s ]

[ 2016-03-31T15:38:41+08:00 ] 192.168.56.1 /Docker/clist.html
INFO: [ route_check ] --START--
INFO: CheckRoute Behavior ::run [ RunTime:0.003409s ]
INFO: [ route_check ] --END-- [ RunTime:0.003518s ]
INFO: [ app_begin ] --START--
INFO: ReadHtmlCache Behavior ::run [ RunTime:0.002545s ]
INFO: [ app_begin ] --END-- [ RunTime:0.002604s ]
INFO: [ view_parse ] --START--
INFO: ParseTemplate Behavior ::run [ RunTime:0.031944s ]
INFO: [ view_parse ] --END-- [ RunTime:0.032031s ]
INFO: [ view_filter ] --START--
INFO: ContentReplace Behavior ::run [ RunTime:0.002710s ]
INFO: TokenBuild Behavior ::run [ RunTime:0.002744s ]
INFO: WriteHtmlCache Behavior ::run [ RunTime:0.003452s ]
INFO: ShowRuntime Behavior ::run [ RunTime:0.003458s ]
INFO: [ view_filter ] --END-- [ RunTime:0.012636s ]
INFO: [ view_end ] --START--
INFO: ShowPageTrace Behavior ::run [ RunTime:0.010655s ]
INFO: [ view_end ] --END-- [ RunTime:0.010781s ]

[ 2016-03-31T15:38:49+08:00 ] 192.168.56.1 /Docker/del.html?checkbox%5B%5D=448bed0cf1db7a3e13f143b425912d02802767f0233ccb06ab69361905a7bb26&checkbox%5B%5D=d92b259df964e57621c571f9b1a7bb53561d14fbca32086d064e7e0aecec9926
INFO: [ route_check ] --START--
INFO: CheckRoute Behavior ::run [ RunTime:0.003608s ]
INFO: [ route_check ] --END-- [ RunTime:0.003704s ]
INFO: [ app_begin ] --START--
INFO: ReadHtmlCache Behavior ::run [ RunTime:0.002503s ]
INFO: [ app_begin ] --END-- [ RunTime:0.002558s ]
NOTIC: [8] Undefined variable: volumes /data/www/web/OPSystem/Lib/Model/DockerModel.class.php 第 42 行.
NOTIC: [8] Undefined variable: volumes /data/www/web/OPSystem/Lib/Model/DockerModel.class.php 第 42 行.

[ 2016-03-31T15:38:51+08:00 ] 192.168.56.1 /Docker/clist.html
INFO: [ route_check ] --START--
INFO: CheckRoute Behavior ::run [ RunTime:0.003438s ]
INFO: [ route_check ] --END-- [ RunTime:0.003550s ]
INFO: [ app_begin ] --START--
INFO: ReadHtmlCache Behavior ::run [ RunTime:0.002678s ]
INFO: [ app_begin ] --END-- [ RunTime:0.002764s ]
INFO: [ view_parse ] --START--
INFO: ParseTemplate Behavior ::run [ RunTime:0.034035s ]
INFO: [ view_parse ] --END-- [ RunTime:0.034210s ]
INFO: [ view_filter ] --START--
INFO: ContentReplace Behavior ::run [ RunTime:0.002992s ]
INFO: TokenBuild Behavior ::run [ RunTime:0.002644s ]
INFO: WriteHtmlCache Behavior ::run [ RunTime:0.002503s ]
INFO: ShowRuntime Behavior ::run [ RunTime:0.003161s ]
INFO: [ view_filter ] --END-- [ RunTime:0.011490s ]
INFO: [ view_end ] --START--
INFO: ShowPageTrace Behavior ::run [ RunTime:0.006196s ]
INFO: [ view_end ] --END-- [ RunTime:0.006321s ]

[ 2016-03-31T15:38:52+08:00 ] 192.168.56.1 /Docker/clist.html
INFO: [ route_check ] --START--
INFO: CheckRoute Behavior ::run [ RunTime:0.004978s ]
INFO: [ route_check ] --END-- [ RunTime:0.005105s ]
INFO: [ app_begin ] --START--
INFO: ReadHtmlCache Behavior ::run [ RunTime:0.003652s ]
INFO: [ app_begin ] --END-- [ RunTime:0.003785s ]
INFO: [ view_parse ] --START--
INFO: ParseTemplate Behavior ::run [ RunTime:0.036174s ]
INFO: [ view_parse ] --END-- [ RunTime:0.036324s ]
INFO: [ view_filter ] --START--
INFO: ContentReplace Behavior ::run [ RunTime:0.003422s ]
INFO: TokenBuild Behavior ::run [ RunTime:0.003055s ]
INFO: WriteHtmlCache Behavior ::run [ RunTime:0.003020s ]
INFO: ShowRuntime Behavior ::run [ RunTime:0.002840s ]
INFO: [ view_filter ] --END-- [ RunTime:0.012599s ]
INFO: [ view_end ] --START--
INFO: ShowPageTrace Behavior ::run [ RunTime:0.010473s ]
INFO: [ view_end ] --END-- [ RunTime:0.010638s ]

[ 2016-03-31T15:38:52+08:00 ] 192.168.56.1 /Docker/clist.html
INFO: [ route_check ] --START--
INFO: CheckRoute Behavior ::run [ RunTime:0.002921s ]
INFO: [ route_check ] --END-- [ RunTime:0.003006s ]
INFO: [ app_begin ] --START--
INFO: ReadHtmlCache Behavior ::run [ RunTime:0.002460s ]
INFO: [ app_begin ] --END-- [ RunTime:0.002522s ]
INFO: [ view_parse ] --START--
INFO: ParseTemplate Behavior ::run [ RunTime:0.034326s ]
INFO: [ view_parse ] --END-- [ RunTime:0.034412s ]
INFO: [ view_filter ] --START--
INFO: ContentReplace Behavior ::run [ RunTime:0.002998s ]
INFO: TokenBuild Behavior ::run [ RunTime:0.002746s ]
INFO: WriteHtmlCache Behavior ::run [ RunTime:0.002738s ]
INFO: ShowRuntime Behavior ::run [ RunTime:0.003779s ]
INFO: [ view_filter ] --END-- [ RunTime:0.012473s ]
INFO: [ view_end ] --START--
INFO: ShowPageTrace Behavior ::run [ RunTime:0.003385s ]
INFO: [ view_end ] --END-- [ RunTime:0.003487s ]

[ 2016-03-31T15:38:57+08:00 ] 192.168.56.1 /Docker/clist.html
INFO: [ route_check ] --START--
INFO: CheckRoute Behavior ::run [ RunTime:0.003240s ]
INFO: [ route_check ] --END-- [ RunTime:0.003326s ]
INFO: [ app_begin ] --START--
INFO: ReadHtmlCache Behavior ::run [ RunTime:0.002555s ]
INFO: [ app_begin ] --END-- [ RunTime:0.002612s ]
INFO: [ view_parse ] --START--
INFO: ParseTemplate Behavior ::run [ RunTime:0.030653s ]
INFO: [ view_parse ] --END-- [ RunTime:0.030827s ]
INFO: [ view_filter ] --START--
INFO: ContentReplace Behavior ::run [ RunTime:0.002694s ]
INFO: TokenBuild Behavior ::run [ RunTime:0.002136s ]
INFO: WriteHtmlCache Behavior ::run [ RunTime:0.002790s ]
INFO: ShowRuntime Behavior ::run [ RunTime:0.002880s ]
INFO: [ view_filter ] --END-- [ RunTime:0.010701s ]
INFO: [ view_end ] --START--
INFO: ShowPageTrace Behavior ::run [ RunTime:0.004353s ]
INFO: [ view_end ] --END-- [ RunTime:0.004482s ]

[ 2016-03-31T15:38:57+08:00 ] 192.168.56.1 /Docker/reposlist.html
INFO: [ route_check ] --START--
INFO: CheckRoute Behavior ::run [ RunTime:0.003687s ]
INFO: [ route_check ] --END-- [ RunTime:0.003797s ]
INFO: [ app_begin ] --START--
INFO: ReadHtmlCache Behavior ::run [ RunTime:0.002997s ]
INFO: [ app_begin ] --END-- [ RunTime:0.003072s ]
INFO: [ view_parse ] --START--
INFO: ParseTemplate Behavior ::run [ RunTime:0.028741s ]
INFO: [ view_parse ] --END-- [ RunTime:0.028840s ]
INFO: [ view_filter ] --START--
INFO: ContentReplace Behavior ::run [ RunTime:0.003259s ]
INFO: TokenBuild Behavior ::run [ RunTime:0.002608s ]
INFO: WriteHtmlCache Behavior ::run [ RunTime:0.003122s ]
INFO: ShowRuntime Behavior ::run [ RunTime:0.002759s ]
INFO: [ view_filter ] --END-- [ RunTime:0.011931s ]
INFO: [ view_end ] --START--
INFO: ShowPageTrace Behavior ::run [ RunTime:0.002922s ]
INFO: [ view_end ] --END-- [ RunTime:0.002977s ]

[ 2016-03-31T15:39:00+08:00 ] 192.168.56.1 /Docker/clist.html
INFO: [ route_check ] --START--
INFO: CheckRoute Behavior ::run [ RunTime:0.003054s ]
INFO: [ route_check ] --END-- [ RunTime:0.003160s ]
INFO: [ app_begin ] --START--
INFO: ReadHtmlCache Behavior ::run [ RunTime:0.002642s ]
INFO: [ app_begin ] --END-- [ RunTime:0.002721s ]
INFO: [ view_parse ] --START--
INFO: ParseTemplate Behavior ::run [ RunTime:0.051129s ]
INFO: [ view_parse ] --END-- [ RunTime:0.051261s ]
INFO: [ view_filter ] --START--
INFO: ContentReplace Behavior ::run [ RunTime:0.003635s ]
INFO: TokenBuild Behavior ::run [ RunTime:0.004726s ]
INFO: WriteHtmlCache Behavior ::run [ RunTime:0.004307s ]
INFO: ShowRuntime Behavior ::run [ RunTime:0.004223s ]
INFO: [ view_filter ] --END-- [ RunTime:0.017230s ]
INFO: [ view_end ] --START--
INFO: ShowPageTrace Behavior ::run [ RunTime:0.005292s ]
INFO: [ view_end ] --END-- [ RunTime:0.005425s ]

[ 2016-03-31T15:39:11+08:00 ] 192.168.56.1 /Docker/detail/id/b4d652d7e92ff07de7763e10ca6cbd43c89bf52b9e931e02f161ecb629b3076a.html
INFO: [ route_check ] --START--
INFO: CheckRoute Behavior ::run [ RunTime:0.004675s ]
INFO: [ route_check ] --END-- [ RunTime:0.004905s ]
INFO: [ app_begin ] --START--
INFO: ReadHtmlCache Behavior ::run [ RunTime:0.003214s ]
INFO: [ app_begin ] --END-- [ RunTime:0.003290s ]
INFO: [ view_parse ] --START--
INFO: ParseTemplate Behavior ::run [ RunTime:0.031313s ]
INFO: [ view_parse ] --END-- [ RunTime:0.031415s ]
INFO: [ view_filter ] --START--
INFO: ContentReplace Behavior ::run [ RunTime:0.003211s ]
INFO: TokenBuild Behavior ::run [ RunTime:0.002801s ]
INFO: WriteHtmlCache Behavior ::run [ RunTime:0.002706s ]
INFO: ShowRuntime Behavior ::run [ RunTime:0.002867s ]
INFO: [ view_filter ] --END-- [ RunTime:0.011785s ]
INFO: [ view_end ] --START--
INFO: ShowPageTrace Behavior ::run [ RunTime:0.002918s ]
INFO: [ view_end ] --END-- [ RunTime:0.002974s ]

[ 2016-03-31T15:39:15+08:00 ] 192.168.56.1 /Docker/detail/id/b4d652d7e92ff07de7763e10ca6cbd43c89bf52b9e931e02f161ecb629b3076a.html
INFO: [ route_check ] --START--
INFO: CheckRoute Behavior ::run [ RunTime:0.003769s ]
INFO: [ route_check ] --END-- [ RunTime:0.003897s ]
INFO: [ app_begin ] --START--
INFO: ReadHtmlCache Behavior ::run [ RunTime:0.003577s ]
INFO: [ app_begin ] --END-- [ RunTime:0.003649s ]
INFO: [ view_parse ] --START--
INFO: ParseTemplate Behavior ::run [ RunTime:0.030400s ]
INFO: [ view_parse ] --END-- [ RunTime:0.030495s ]
INFO: [ view_filter ] --START--
INFO: ContentReplace Behavior ::run [ RunTime:0.002703s ]
INFO: TokenBuild Behavior ::run [ RunTime:0.003248s ]
INFO: WriteHtmlCache Behavior ::run [ RunTime:0.003145s ]
INFO: ShowRuntime Behavior ::run [ RunTime:0.003242s ]
INFO: [ view_filter ] --END-- [ RunTime:0.012536s ]
INFO: [ view_end ] --START--
INFO: ShowPageTrace Behavior ::run [ RunTime:0.003204s ]
INFO: [ view_end ] --END-- [ RunTime:0.003287s ]

[ 2016-03-31T15:39:19+08:00 ] 192.168.56.1 /Docker/detail/id/8cec9e40544dc42fc302c5d120dc921f1caf1373841df80f8138c287304b0c5b.html
INFO: [ route_check ] --START--
INFO: CheckRoute Behavior ::run [ RunTime:0.003139s ]
INFO: [ route_check ] --END-- [ RunTime:0.003233s ]
INFO: [ app_begin ] --START--
INFO: ReadHtmlCache Behavior ::run [ RunTime:0.003071s ]
INFO: [ app_begin ] --END-- [ RunTime:0.003132s ]
NOTIC: [2] Invalid argument supplied for foreach() /data/www/web/OPSystem/Lib/Action/DockerAction.class.php 第 42 行.
INFO: [ view_parse ] --START--
NOTIC: [8] Undefined index: HostPort /data/www/web/OPSystem/Runtime/Cache/2e942e09fb2f5dd99d169b013c55e6e2.php 第 43 行.
INFO: ParseTemplate Behavior ::run [ RunTime:0.039340s ]
INFO: [ view_parse ] --END-- [ RunTime:0.039458s ]
INFO: [ view_filter ] --START--
INFO: ContentReplace Behavior ::run [ RunTime:0.003784s ]
INFO: TokenBuild Behavior ::run [ RunTime:0.004359s ]
INFO: WriteHtmlCache Behavior ::run [ RunTime:0.003667s ]
INFO: ShowRuntime Behavior ::run [ RunTime:0.002799s ]
INFO: [ view_filter ] --END-- [ RunTime:0.014846s ]
INFO: [ view_end ] --START--
INFO: ShowPageTrace Behavior ::run [ RunTime:0.003558s ]
INFO: [ view_end ] --END-- [ RunTime:0.003623s ]

