[ 2016-03-14T16:46:24+08:00 ] 192.168.56.1 /
INFO: [ app_begin ] --START--
INFO: ReadHtmlCache Behavior ::run [ RunTime:0.026822s ]
INFO: [ app_begin ] --END-- [ RunTime:0.027029s ]
NOTIC: [8] Undefined index: LOGIN /data/www/web/OPSystem/Lib/Action/IndexAction.class.php 第 8 行.

[ 2016-03-14T16:46:24+08:00 ] 192.168.56.1 /Public/login.html
INFO: [ route_check ] --START--
INFO: CheckRoute Behavior ::run [ RunTime:0.004912s ]
INFO: [ route_check ] --END-- [ RunTime:0.005066s ]
INFO: [ app_begin ] --START--
INFO: ReadHtmlCache Behavior ::run [ RunTime:0.003346s ]
INFO: [ app_begin ] --END-- [ RunTime:0.003451s ]
INFO: [ view_parse ] --START--
INFO: ParseTemplate Behavior ::run [ RunTime:0.061685s ]
INFO: [ view_parse ] --END-- [ RunTime:0.061836s ]
INFO: [ view_filter ] --START--
INFO: ContentReplace Behavior ::run [ RunTime:0.004105s ]
INFO: TokenBuild Behavior ::run [ RunTime:0.003162s ]
INFO: WriteHtmlCache Behavior ::run [ RunTime:0.004409s ]
INFO: ShowRuntime Behavior ::run [ RunTime:0.003640s ]
INFO: [ view_filter ] --END-- [ RunTime:0.015653s ]
INFO: [ view_end ] --START--
INFO: ShowPageTrace Behavior ::run [ RunTime:0.012691s ]
INFO: [ view_end ] --END-- [ RunTime:0.012781s ]

[ 2016-03-14T16:46:24+08:00 ] 192.168.56.1 /Public/verify.html
INFO: [ route_check ] --START--
INFO: CheckRoute Behavior ::run [ RunTime:0.006370s ]
INFO: [ route_check ] --END-- [ RunTime:0.006649s ]
INFO: [ app_begin ] --START--
INFO: ReadHtmlCache Behavior ::run [ RunTime:0.005604s ]
INFO: [ app_begin ] --END-- [ RunTime:0.005724s ]

[ 2016-03-14T16:46:34+08:00 ] 192.168.56.1 /Public/checklogin.html
INFO: [ route_check ] --START--
INFO: CheckRoute Behavior ::run [ RunTime:0.005680s ]
INFO: [ route_check ] --END-- [ RunTime:0.005868s ]
INFO: [ app_begin ] --START--
INFO: ReadHtmlCache Behavior ::run [ RunTime:0.003595s ]
INFO: [ app_begin ] --END-- [ RunTime:0.003676s ]
NOTIC: [2] mysql_connect(): Connection refused /data/www/web/ThinkPHP/Lib/Driver/Db/DbMysql.class.php 第 55 行.
ERR: Connection refused

[ 2016-03-14T16:46:35+08:00 ] 192.168.56.1 /Public/checklogin.html
INFO: [ route_check ] --START--
INFO: CheckRoute Behavior ::run [ RunTime:0.004363s ]
INFO: [ route_check ] --END-- [ RunTime:0.004510s ]
INFO: [ app_begin ] --START--
INFO: ReadHtmlCache Behavior ::run [ RunTime:0.003225s ]
INFO: [ app_begin ] --END-- [ RunTime:0.003293s ]
NOTIC: [2] mysql_connect(): Connection refused /data/www/web/ThinkPHP/Lib/Driver/Db/DbMysql.class.php 第 55 行.
ERR: Connection refused

[ 2016-03-14T16:46:37+08:00 ] 192.168.56.1 /Public/login.html
INFO: [ route_check ] --START--
INFO: CheckRoute Behavior ::run [ RunTime:0.005527s ]
INFO: [ route_check ] --END-- [ RunTime:0.005679s ]
INFO: [ app_begin ] --START--
INFO: ReadHtmlCache Behavior ::run [ RunTime:0.003261s ]
INFO: [ app_begin ] --END-- [ RunTime:0.003343s ]
INFO: [ view_parse ] --START--
INFO: ParseTemplate Behavior ::run [ RunTime:0.031165s ]
INFO: [ view_parse ] --END-- [ RunTime:0.031290s ]
INFO: [ view_filter ] --START--
INFO: ContentReplace Behavior ::run [ RunTime:0.002831s ]
INFO: TokenBuild Behavior ::run [ RunTime:0.002773s ]
INFO: WriteHtmlCache Behavior ::run [ RunTime:0.003462s ]
INFO: ShowRuntime Behavior ::run [ RunTime:0.003110s ]
INFO: [ view_filter ] --END-- [ RunTime:0.012398s ]
INFO: [ view_end ] --START--
INFO: ShowPageTrace Behavior ::run [ RunTime:0.003318s ]
INFO: [ view_end ] --END-- [ RunTime:0.003386s ]

[ 2016-03-14T16:46:37+08:00 ] 192.168.56.1 /Public/verify.html
INFO: [ route_check ] --START--
INFO: CheckRoute Behavior ::run [ RunTime:0.004699s ]
INFO: [ route_check ] --END-- [ RunTime:0.004871s ]
INFO: [ app_begin ] --START--
INFO: ReadHtmlCache Behavior ::run [ RunTime:0.004626s ]
INFO: [ app_begin ] --END-- [ RunTime:0.004751s ]

[ 2016-03-14T16:46:44+08:00 ] 192.168.56.1 /Public/checklogin.html
INFO: [ route_check ] --START--
INFO: CheckRoute Behavior ::run [ RunTime:0.002907s ]
INFO: [ route_check ] --END-- [ RunTime:0.002999s ]
INFO: [ app_begin ] --START--
INFO: ReadHtmlCache Behavior ::run [ RunTime:0.002911s ]
INFO: [ app_begin ] --END-- [ RunTime:0.002971s ]
NOTIC: [2] mysql_connect(): Connection refused /data/www/web/ThinkPHP/Lib/Driver/Db/DbMysql.class.php 第 55 行.
ERR: Connection refused

[ 2016-03-14T16:46:45+08:00 ] 192.168.56.1 /Public/checklogin.html
INFO: [ route_check ] --START--
INFO: CheckRoute Behavior ::run [ RunTime:0.003932s ]
INFO: [ route_check ] --END-- [ RunTime:0.004064s ]
INFO: [ app_begin ] --START--
INFO: ReadHtmlCache Behavior ::run [ RunTime:0.003205s ]
INFO: [ app_begin ] --END-- [ RunTime:0.003291s ]
NOTIC: [2] mysql_connect(): Connection refused /data/www/web/ThinkPHP/Lib/Driver/Db/DbMysql.class.php 第 55 行.
ERR: Connection refused

[ 2016-03-14T16:46:46+08:00 ] 192.168.56.1 /Public/checklogin.html
INFO: [ route_check ] --START--
INFO: CheckRoute Behavior ::run [ RunTime:0.003291s ]
INFO: [ route_check ] --END-- [ RunTime:0.003394s ]
INFO: [ app_begin ] --START--
INFO: ReadHtmlCache Behavior ::run [ RunTime:0.002542s ]
INFO: [ app_begin ] --END-- [ RunTime:0.002599s ]
NOTIC: [2] mysql_connect(): Connection refused /data/www/web/ThinkPHP/Lib/Driver/Db/DbMysql.class.php 第 55 行.
ERR: Connection refused

[ 2016-03-14T16:47:11+08:00 ] 192.168.56.1 /Public/checklogin.html
INFO: [ route_check ] --START--
INFO: CheckRoute Behavior ::run [ RunTime:0.004024s ]
INFO: [ route_check ] --END-- [ RunTime:0.004123s ]
INFO: [ app_begin ] --START--
INFO: ReadHtmlCache Behavior ::run [ RunTime:0.002809s ]
INFO: [ app_begin ] --END-- [ RunTime:0.002871s ]
NOTIC: [2] mysql_connect(): Connection refused /data/www/web/ThinkPHP/Lib/Driver/Db/DbMysql.class.php 第 55 行.
ERR: Connection refused

[ 2016-03-14T16:47:20+08:00 ] 192.168.56.1 /Public/verify.html?1457945240620
INFO: [ route_check ] --START--
INFO: CheckRoute Behavior ::run [ RunTime:0.003236s ]
INFO: [ route_check ] --END-- [ RunTime:0.003364s ]
INFO: [ app_begin ] --START--
INFO: ReadHtmlCache Behavior ::run [ RunTime:0.002975s ]
INFO: [ app_begin ] --END-- [ RunTime:0.003049s ]

[ 2016-03-14T16:47:25+08:00 ] 192.168.56.1 /Public/checklogin.html
INFO: [ route_check ] --START--
INFO: CheckRoute Behavior ::run [ RunTime:0.003343s ]
INFO: [ route_check ] --END-- [ RunTime:0.003449s ]
INFO: [ app_begin ] --START--
INFO: ReadHtmlCache Behavior ::run [ RunTime:0.002556s ]
INFO: [ app_begin ] --END-- [ RunTime:0.002614s ]
NOTIC: [2] mysql_connect(): Connection refused /data/www/web/ThinkPHP/Lib/Driver/Db/DbMysql.class.php 第 55 行.
ERR: Connection refused

[ 2016-03-14T16:49:29+08:00 ] 192.168.56.1 /Public/checklogin.html
INFO: [ route_check ] --START--
INFO: CheckRoute Behavior ::run [ RunTime:0.004180s ]
INFO: [ route_check ] --END-- [ RunTime:0.004344s ]
INFO: [ app_begin ] --START--
INFO: ReadHtmlCache Behavior ::run [ RunTime:0.003212s ]
INFO: [ app_begin ] --END-- [ RunTime:0.003277s ]
NOTIC: [2] mysql_connect(): Connection refused /data/www/web/ThinkPHP/Lib/Driver/Db/DbMysql.class.php 第 55 行.
ERR: Connection refused

[ 2016-03-14T16:49:31+08:00 ] 192.168.56.1 /Public/login.html
INFO: [ route_check ] --START--
INFO: CheckRoute Behavior ::run [ RunTime:0.004740s ]
INFO: [ route_check ] --END-- [ RunTime:0.004905s ]
INFO: [ app_begin ] --START--
INFO: ReadHtmlCache Behavior ::run [ RunTime:0.003345s ]
INFO: [ app_begin ] --END-- [ RunTime:0.003437s ]
INFO: [ view_parse ] --START--
INFO: ParseTemplate Behavior ::run [ RunTime:0.034136s ]
INFO: [ view_parse ] --END-- [ RunTime:0.034321s ]
INFO: [ view_filter ] --START--
INFO: ContentReplace Behavior ::run [ RunTime:0.004744s ]
INFO: TokenBuild Behavior ::run [ RunTime:0.006429s ]
INFO: WriteHtmlCache Behavior ::run [ RunTime:0.003693s ]
INFO: ShowRuntime Behavior ::run [ RunTime:0.003839s ]
INFO: [ view_filter ] --END-- [ RunTime:0.019041s ]
INFO: [ view_end ] --START--
INFO: ShowPageTrace Behavior ::run [ RunTime:0.005715s ]
INFO: [ view_end ] --END-- [ RunTime:0.005806s ]

[ 2016-03-14T16:49:31+08:00 ] 192.168.56.1 /Public/verify.html
INFO: [ route_check ] --START--
INFO: CheckRoute Behavior ::run [ RunTime:0.005302s ]
INFO: [ route_check ] --END-- [ RunTime:0.005424s ]
INFO: [ app_begin ] --START--
INFO: ReadHtmlCache Behavior ::run [ RunTime:0.004025s ]
INFO: [ app_begin ] --END-- [ RunTime:0.004160s ]

[ 2016-03-14T16:49:38+08:00 ] 192.168.56.1 /Public/checklogin.html
INFO: [ route_check ] --START--
INFO: CheckRoute Behavior ::run [ RunTime:0.005796s ]
INFO: [ route_check ] --END-- [ RunTime:0.006257s ]
INFO: [ app_begin ] --START--
INFO: ReadHtmlCache Behavior ::run [ RunTime:0.004916s ]
INFO: [ app_begin ] --END-- [ RunTime:0.005040s ]
SQL: SHOW COLUMNS FROM `admin` [ RunTime:0.068217s ]
SQL: SELECT * FROM `admin` WHERE ( Username='admin' and Password='1eebbe9f5780131d8aa6e3e354bfadf3' )  [ RunTime:0.001036s ]

[ 2016-03-14T16:49:38+08:00 ] 192.168.56.1 /Public/verify.html?1457945378186
INFO: [ route_check ] --START--
INFO: CheckRoute Behavior ::run [ RunTime:0.003803s ]
INFO: [ route_check ] --END-- [ RunTime:0.003906s ]
INFO: [ app_begin ] --START--
INFO: ReadHtmlCache Behavior ::run [ RunTime:0.003270s ]
INFO: [ app_begin ] --END-- [ RunTime:0.003363s ]

[ 2016-03-14T16:49:44+08:00 ] 192.168.56.1 /Public/checklogin.html
INFO: [ route_check ] --START--
INFO: CheckRoute Behavior ::run [ RunTime:0.003893s ]
INFO: [ route_check ] --END-- [ RunTime:0.003982s ]
INFO: [ app_begin ] --START--
INFO: ReadHtmlCache Behavior ::run [ RunTime:0.003528s ]
INFO: [ app_begin ] --END-- [ RunTime:0.003600s ]
SQL: SHOW COLUMNS FROM `admin` [ RunTime:0.000956s ]
SQL: SELECT * FROM `admin` WHERE ( Username='admin' and Password='1eebbe9f5780131d8aa6e3e354bfadf3' )  [ RunTime:0.000754s ]

[ 2016-03-14T16:49:44+08:00 ] 192.168.56.1 /Public/verify.html?1457945384104
INFO: [ route_check ] --START--
INFO: CheckRoute Behavior ::run [ RunTime:0.004483s ]
INFO: [ route_check ] --END-- [ RunTime:0.004600s ]
INFO: [ app_begin ] --START--
INFO: ReadHtmlCache Behavior ::run [ RunTime:0.004384s ]
INFO: [ app_begin ] --END-- [ RunTime:0.004646s ]

[ 2016-03-14T16:49:51+08:00 ] 192.168.56.1 /Public/checklogin.html
INFO: [ route_check ] --START--
INFO: CheckRoute Behavior ::run [ RunTime:0.003073s ]
INFO: [ route_check ] --END-- [ RunTime:0.003209s ]
INFO: [ app_begin ] --START--
INFO: ReadHtmlCache Behavior ::run [ RunTime:0.002515s ]
INFO: [ app_begin ] --END-- [ RunTime:0.002572s ]
SQL: SHOW COLUMNS FROM `admin` [ RunTime:0.000974s ]
SQL: SELECT * FROM `admin` WHERE ( Username='admin' and Password='21232f297a57a5a743894a0e4a801fc3' )  [ RunTime:0.000708s ]
NOTIC: [8] Undefined index: Role /data/www/web/OPSystem/Lib/Action/PublicAction.class.php 第 35 行.
NOTIC: [8] Undefined index: Id /data/www/web/OPSystem/Lib/Action/PublicAction.class.php 第 36 行.

[ 2016-03-14T16:49:51+08:00 ] 192.168.56.1 /
INFO: [ app_begin ] --START--
INFO: ReadHtmlCache Behavior ::run [ RunTime:0.002883s ]
INFO: [ app_begin ] --END-- [ RunTime:0.002984s ]
INFO: [ view_parse ] --START--
INFO: ParseTemplate Behavior ::run [ RunTime:0.051052s ]
INFO: [ view_parse ] --END-- [ RunTime:0.051179s ]
INFO: [ view_filter ] --START--
INFO: ContentReplace Behavior ::run [ RunTime:0.002703s ]
INFO: TokenBuild Behavior ::run [ RunTime:0.002291s ]
INFO: WriteHtmlCache Behavior ::run [ RunTime:0.002397s ]
INFO: ShowRuntime Behavior ::run [ RunTime:0.002244s ]
INFO: [ view_filter ] --END-- [ RunTime:0.009859s ]
INFO: [ view_end ] --START--
INFO: ShowPageTrace Behavior ::run [ RunTime:0.002573s ]
INFO: [ view_end ] --END-- [ RunTime:0.002632s ]

[ 2016-03-14T16:49:57+08:00 ] 192.168.56.1 /Docker/clist.html
INFO: [ route_check ] --START--
INFO: CheckRoute Behavior ::run [ RunTime:0.002913s ]
INFO: [ route_check ] --END-- [ RunTime:0.003004s ]
INFO: [ app_begin ] --START--
INFO: ReadHtmlCache Behavior ::run [ RunTime:0.003346s ]
INFO: [ app_begin ] --END-- [ RunTime:0.003450s ]
NOTIC: [2] stream_socket_client(): unable to connect to tcp://192.168.56.101:32794 (No route to host) /data/www/web/vendor/stage1/docker-php/src/Docker/Http/Adapter/DockerAdapter.php 第 98 行.
ERR: Cannot open socket connection: No route to host [code 113] [tcp://192.168.56.101:32794]

